NRP: 01 09/29/2022 00:02:45.000 6,27,4,3600
INF: End Of Noise Report
INF: Start Of Noise Report
  Present Noise:                       0 mV (0%)
  Maximum Noise:                    247 mV (27%)
  Average Noise:                      35 mV (3%)
  Time Averaged Over:                    1:00:00
NRP: 01 09/29/2022 01:02:45.000 0,27,3,3600
INF: End Of Noise Report
MSG: 01 09/29/2022 02:01:58.520 Set Caps = 380, I = 4.5 A, PH = 389, dPH = 0
INF: Start Of Noise Report
  Present Noise:                       0 mV (0%)
  Maximum Noise:                    244 mV (27%)
  Average Noise:                      34 mV (3%)
  Time Averaged Over:                    1:00:00
NRP: 01 09/29/2022 02:02:45.000 0,27,3,3600
INF: End Of Noise Report
MSG: 01 09/29/2022 02:29:47.720 Set Caps = 379, I = 4.5 A, PH = 390, dPH = -1
TAG: 01 09/29/2022 02:54:24.690 989.001034179421
MSG: 01 09/29/2022 03:01:16.100 Test Tag Single Shot Fired
TAG: 01 09/29/2022 03:01:16.140 999.000000007425
MSG: 01 09/29/2022 03:01:16.140 VTT Test Passed
INF: Start Of Full Status Report
 Reader:
  ID:                                         01
  Model:                                  IS1001
  S/N:                                 2131.4182
  Date:                               09/29/2022
  Time:                                 03:01:26
  Application Firmware Version:            1.7.1
  Operation Mode:                           Scan
  Network Mode:                IS1001 Standalone
  Exciter Sync. Mode:                 Standalone
  Date/Time Sync.:                      Disabled
  Beeper:                               Disabled
  Tag Display Format:                        DEC
  Initiation Delay:                     Disabled
  Auto Standby Voltages:              16 V, 18 V
  Periodic Standby Start Time:              0:00
  Periodic Standby Duration:            Disabled
  Idling Time:                          Disabled
 Alarms:
  Antenna Current Low Alarm:               0.5 A
  Noise High Alarm:                          75%
  Tuning Capacit. High Alarm:                970
  Tuning Capacit. Low Alarm:                  50
  Alarms Unique Delay:                   600 sec
 Antenna/Tuning:
  Exciter Voltage Level:                       5
  Dynamic Tuning:                        Enabled
  Tuning Target Phase:                       389
  Tuning Target Phase Deviation Threshold:     3
 Communication:
  Local Port Speed:                       115200
  Tags To Local Port:                    Enabled
  Alarms To Local Port:                  Enabled
  Messages To Local Port:                Enabled
  Remote Port Protocol:                    ASCII
  Remote Port Transfer Rate:                Full
 Detection:
  HDX Tag Detection:                    Disabled
  Fastag Detection:                     Disabled
  FDXB Tag Signal Level Detection:      Disabled
  BioTherm Tag Temperature Detection:   Disabled
  Detection Counter Enabled:                 Yes
  Unique Mode:                             Delay
  Unique Delay:                           60 sec
  FDXB Detection Scan Time:               120 ms
  VTT Level:                                 128
  Auto VTT Delay:                        240 min
 Measurements:
  Antenna Current Gain:                       95
  Antenna Current Offset:                    110
 Memory:
  Tags Memory Size:                        78583
  Status Reports Memory Size:               1023
  Store Tags To Memory:                  Enabled
  Store VTT To Memory:                   Enabled
  Store Stat. Reports To Memory:         Enabled
 Reports:
  Auto Noise Report Delay:                60 min
  Auto Status Report Delay:              720 min
 Diagnostics:
  Detection Counter:                        1690
  Tags In Memory:                      2952 (3%)
  Status Reports In Memory:            397 (38%)
  Input Voltage:                          23.7 V
  Exciter Voltage:                        19.9 V
  Antenna Tuning:                          Tuned
  Antenna Current:                         4.5 A
  Tuning Capacitors:                         379
  Tuning Phase:                              389
  Tuning Relative Phase:                       0
  FDXB Signal Level:                  20 mV (2%)
  Temperature:                            20.2 C
  Sync. Input Present:                       N/A
  Sec. Master Active:                        N/A
 Active Alarms:
  No Active Alarms
SRP: 01 09/29/2022 03:01:26.100 16,0,0,2,5,0,379,3,38,237,199,45,2,389,202,0,0,0,0,0
INF: End Of Full Status Report
INF: Start Of Noise Report
  Present Noise:                      44 mV (4%)
  Maximum Noise:                    670 mV (74%)
  Average Noise:                      34 mV (3%)
  Time Averaged Over:                    1:00:00
NRP: 01 09/29/2022 03:02:45.000 4,74,3,3600
INF: End Of Noise Report
TAG: 01 09/29/2022 03:15:37.770 989.001032566796
TAG: 01 09/29/2022 03:27:56.520 989.001032566978
INF: Start Of Noise Report
  Present Noise:                      58 mV (6%)
  Maximum Noise:                    239 mV (26%)
  Average Noise:                      34 mV (3%)
  Time Averaged Over:                    1:00:00
NRP: 01 09/29/2022 04:02:45.000 6,26,3,3600
INF: End Of Noise Report
INF: Start Of Noise Report
  Present Noise:                      36 mV (4%)
  Maximum Noise:                    259 mV (28%)
  Average Noise:                      39 mV (4%)
  Time Averaged Over:                    1:00:00
NRP: 01 09/29/2022 05:02:45.000 4,28,4,3600
INF: End Of Noise Report
INF: Start Of Noise Report
  Present Noise:                      58 mV (6%)
  Maximum Noise:                    263 mV (29%)
  Average Noise:                      46 mV (5%)
  Time Averaged Over:                    1:00:00
NRP: 01 09/29/2022 06:02:45.000 6,29,5,3600
INF: End Of Noise Report
MSG: 01 09/29/2022 07:01:16.100 Test Tag Single Shot Fired
TAG: 01 09/29/2022 07:01:16.130 999.000000007425
MSG: 01 09/29/2022 07:01:16.130 VTT Test Passed
INF: Start Of Noise Report
  Present Noise:                       0 mV (0%)
  Maximum Noise:                    265 mV (29%)
  Average Noise:                      23 mV (2%)
  Time Averaged Over:                    1:00:00
NRP: 01 09/29/2022 07:02:45.000 0,29,2,3600
INF: End Of Noise Report
INF: Start Of Noise Report
  Present Noise:                       0 mV (0%)
  Maximum Noise:                    142 mV (15%)
  Average Noise:                      18 mV (2%)
  Time Averaged Over:                    1:00:00
NRP: 01 09/29/2022 08:02:45.000 0,15,2,3600
INF: End Of Noise Report
INF: Start Of Noise Report
  Present Noise:                       0 mV (0%)
  Maximum Noise:                    132 mV (14%)
  Average Noise:                       7 mV (0%)
  Time Averaged Over:                    1:00:00
NRP: 01 09/29/2022 09:02:45.000 0,14,0,3600
INF: End Of Noise Report
INF: Start Of Noise Report
  Present Noise:                      58 mV (6%)
  Maximum Noise:                    160 mV (17%)
  Average Noise:                      21 mV (2%)
  Time Averaged Over:                    1:00:00
NRP: 01 09/29/2022 10:02:45.000 6,17,2,3600
INF: End Of Noise Report
MSG: 01 09/29/2022 11:01:16.100 Test Tag Single Shot Fired
TAG: 01 09/29/2022 11:01:16.140 999.000000007425
MSG: 01 09/29/2022 11:01:16.140 VTT Test Passed
INF: Start Of Noise Report
  Present Noise:                      76 mV (8%)
  Maximum Noise:                    118 mV (13%)
  Average Noise:                      66 mV (7%)
  Time Averaged Over:                    1:00:00
NRP: 01 09/29/2022 11:02:45.000 8,13,7,3600
INF: End Of Noise Report
INF: Start Of Noise Report
  Present Noise:                      58 mV (6%)
  Maximum Noise:                    115 mV (12%)
  Average Noise:                      67 mV (7%)
  Time Averaged Over:                    1:00:00
NRP: 01 09/29/2022 12:02:45.000 6,12,7,3600
INF: End Of Noise Report
INF: Start Of Noise Report
  Present Noise:                      54 mV (6%)
  Maximum Noise:                      82 mV (9%)
  Average Noise:                      56 mV (6%)
  Time Averaged Over:                    1:00:00
NRP: 01 09/29/2022 13:02:45.000 6,9,6,3600
INF: End Of Noise Report
INF: Start Of Noise Report
  Present Noise:                      54 mV (6%)
  Maximum Noise:                      86 mV (9%)
  Average Noise:                      53 mV (5%)
  Time Averaged Over:                    1:00:00
NRP: 01 09/29/2022 14:02:45.000 6,9,5,3600
INF: End Of Noise Report
MSG: 01 09/29/2022 14:35:36.220 Set Caps = 380, I = 4.5 A, PH = 390, dPH = -1
MSG: 01 09/29/2022 15:01:16.100 Test Tag Single Shot Fired
TAG: 01 09/29/2022 15:01:16.140 999.000000007425
MSG: 01 09/29/2022 15:01:16.140 VTT Test Passed
INF: Start Of Full Status Report
 Reader:
  ID:                                         01
  Model:                                  IS1001
  S/N:                                 2131.4182
  Date:                               09/29/2022
  Time:                                 15:01:26
  Application Firmware Version:            1.7.1
  Operation Mode:                           Scan
  Network Mode:                IS1001 Standalone
  Exciter Sync. Mode:                 Standalone
  Date/Time Sync.:                      Disabled
  Beeper:                               Disabled
  Tag Display Format:                        DEC
  Initiation Delay:                     Disabled
  Auto Standby Voltages:              16 V, 18 V
  Periodic Standby Start Time:              0:00
  Periodic Standby Duration:            Disabled
  Idling Time:                          Disabled
 Alarms:
  Antenna Current Low Alarm:               0.5 A
  Noise High Alarm:                          75%
  Tuning Capacit. High Alarm:                970
  Tuning Capacit. Low Alarm:                  50
  Alarms Unique Delay:                   600 sec
 Antenna/Tuning:
  Exciter Voltage Level:                       5
  Dynamic Tuning:                        Enabled
  Tuning Target Phase:                       389
  Tuning Target Phase Deviation Threshold:     3
 Communication:
  Local Port Speed:                       115200
  Tags To Local Port:                    Enabled
  Alarms To Local Port:                  Enabled
  Messages To Local Port:                Enabled
  Remote Port Protocol:                    ASCII
  Remote Port Transfer Rate:                Full
 Detection:
  HDX Tag Detection:                    Disabled
  Fastag Detection:                     Disabled
  FDXB Tag Signal Level Detection:      Disabled
  BioTherm Tag Temperature Detection:   Disabled
  Detection Counter Enabled:                 Yes
  Unique Mode:                             Delay
  Unique Delay:                           60 sec
  FDXB Detection Scan Time:               120 ms
  VTT Level:                                 128
  Auto VTT Delay:                        240 min
 Measurements:
  Antenna Current Gain:                       95
  Antenna Current Offset:                    110
 Memory:
  Tags Memory Size:                        78583
  Status Reports Memory Size:               1023
  Store Tags To Memory:                  Enabled
  Store VTT To Memory:                   Enabled
  Store Stat. Reports To Memory:         Enabled
 Reports:
  Auto Noise Report Delay:                60 min
  Auto Status Report Delay:              720 min
 Diagnostics:
  Detection Counter:                        1692
  Tags In Memory:                      2957 (3%)
  Status Reports In Memory:            398 (38%)
  Input Voltage:                          23.7 V
  Exciter Voltage:                        19.9 V
  Antenna Tuning:                          Tuned
  Antenna Current:                         4.5 A
  Tuning Capacitors:                         380
  Tuning Phase:                              389
  Tuning Relative Phase:                       0
  FDXB Signal Level:                  54 mV (6%)
  Temperature:                            25.8 C
  Sync. Input Present:                       N/A
  Sec. Master Active:                        N/A
 Active Alarms:
  No Active Alarms
SRP: 01 09/29/2022 15:01:26.100 16,0,0,2,5,0,380,3,38,237,199,45,6,389,258,0,0,0,0,0
INF: End Of Full Status Report
INF: Start Of Noise Report
  Present Noise:                      54 mV (6%)
  Maximum Noise:                      81 mV (9%)
  Average Noise:                      54 mV (6%)
  Time Averaged Over:                    1:00:00
NRP: 01 09/29/2022 15:02:45.000 6,9,6,3600
INF: End Of Noise Report
INF: Start Of Noise Report
  Present Noise:                      54 mV (6%)
  Maximum Noise:                     94 mV (10%)
  Average Noise:                      53 mV (5%)
  Time Averaged Over:                    1:00:00
NRP: 01 09/29/2022 16:02:45.000 6,10,5,3600
INF: End Of Noise Report
INF: Start Of Noise Report
  Present Noise:                      54 mV (6%)
  Maximum Noise:                     94 mV (10%)
  Average Noise:                      54 mV (6%)
  Time Averaged Over:                    1:00:00
NRP: 01 09/29/2022 17:02:45.000 6,10,6,3600
INF: End Of Noise Report
INF: Start Of Noise Report
  Present Noise:                      54 mV (6%)
  Maximum Noise:                    147 mV (16%)
  Average Noise:                      54 mV (6%)
  Time Averaged Over:                    1:00:00
NRP: 01 09/29/2022 18:02:45.000 6,16,6,3600
INF: End Of Noise Report
MSG: 01 09/29/2022 19:01:16.100 Test Tag Single Shot Fired
TAG: 01 09/29/2022 19:01:16.130 999.000000007425
MSG: 01 09/29/2022 19:01:16.130 VTT Test Passed
INF: Start Of Noise Report
  Present Noise:                      54 mV (6%)
  Maximum Noise:                    278 mV (30%)
  Average Noise:                      54 mV (6%)
  Time Averaged Over:                    1:00:00
NRP: 01 09/29/2022 19:02:45.000 6,30,6,3600
INF: End Of Noise Report
TAG: 01 09/29/2022 19:05:55.070 989.001040476364
TAG: 01 09/29/2022 19:07:40.710 989.001034179460
MSG: 01 09/29/2022 19:16:55.620 Set Caps = 379, I = 4.5 A, PH = 390, dPH = -1
INF: Start Of Noise Report
  Present Noise:                      54 mV (6%)
  Maximum Noise:                    311 mV (34%)
  Average Noise:                      58 mV (6%)
  Time Averaged Over:                    1:00:00
NRP: 01 09/29/2022 20:02:45.000 6,34,6,3600
INF: End Of Noise Report
TAG: 01 09/29/2022 20:40:47.710 989.001034179450
TAG: 01 09/29/2022 20:43:49.140 989.001032566806
TAG: 01 09/29/2022 20:49:10.380 989.001034203229
TAG: 01 09/29/2022 20:50:26.810 989.001032566806
TAG: 01 09/29/2022 20:54:28.340 989.001034203303
TAG: 01 09/29/2022 20:56:22.120 989.001034203303
TAG: 01 09/29/2022 20:57:22.400 989.001034203303
TAG: 01 09/29/2022 21:00:05.910 989.001032566778
TAG: 01 09/29/2022 21:01:48.050 989.001032566778
INF: Start Of Noise Report
  Present Noise:                      68 mV (7%)
  Maximum Noise:                    284 mV (31%)
  Average Noise:                      58 mV (6%)
  Time Averaged Over:                    1:00:00
NRP: 01 09/29/2022 21:02:45.000 7,31,6,3600
INF: End Of Noise Report
TAG: 01 09/29/2022 21:04:10.980 989.001032566778
TAG: 01 09/29/2022 21:10:00.530 989.001034203229
TAG: 01 09/29/2022 21:11:20.920 989.001034203229
TAG: 01 09/29/2022 21:27:34.920 989.001032566827
INF: Start Of Noise Report
  Present Noise:                      68 mV (7%)
  Maximum Noise:                    305 mV (33%)
  Average Noise:                      69 mV (7%)
  Time Averaged Over:                    1:00:00
NRP: 01 09/29/2022 22:02:45.000 7,33,7,3600
INF: End Of Noise Report
TAG: 01 09/29/2022 22:03:29.130 989.001040476354
TAG: 01 09/29/2022 22:48:24.880 989.001032566805
TAG: 01 09/29/2022 22:50:49.980 989.001032566805
TAG: 01 09/29/2022 22:51:51.450 989.001032566805
MSG: 01 09/29/2022 23:01:16.100 Test Tag Single Shot Fired
TAG: 01 09/29/2022 23:01:16.140 999.000000007425
MSG: 01 09/29/2022 23:01:16.140 VTT Test Passed
INF: Start Of Noise Report
  Present Noise:                      68 mV (7%)
  Maximum Noise:                    266 mV (29%)
  Average Noise:                      67 mV (7%)
  Time Averaged Over:                    1:00:00
NRP: 01 09/29/2022 23:02:45.000 7,29,7,3600
INF: End Of Noise Report
TAG: 01 09/29/2022 23:38:04.540 989.001032566806
