NRP: 01 09/26/2022 00:02:45.000 22,34,12,3600
INF: End Of Noise Report
INF: Start Of Noise Report
  Present Noise:                    216 mV (24%)
  Maximum Noise:                    338 mV (37%)
  Average Noise:                    110 mV (12%)
  Time Averaged Over:                    1:00:00
NRP: 01 09/26/2022 01:02:45.000 24,37,12,3600
INF: End Of Noise Report
TAG: 01 09/26/2022 01:27:16.200 989.001034203256
INF: Start Of Noise Report
  Present Noise:                    118 mV (13%)
  Maximum Noise:                    360 mV (40%)
  Average Noise:                    114 mV (12%)
  Time Averaged Over:                    1:00:00
NRP: 01 09/26/2022 02:02:45.000 13,40,12,3600
INF: End Of Noise Report
TAG: 01 09/26/2022 02:04:55.760 989.001040476393
TAG: 01 09/26/2022 02:06:24.310 989.001032566978
TAG: 01 09/26/2022 02:28:54.180 989.001034203303
TAG: 01 09/26/2022 02:43:02.480 989.001034203296
TAG: 01 09/26/2022 02:53:49.910 989.001032566796
MSG: 01 09/26/2022 03:01:16.240 Test Tag Single Shot Fired
TAG: 01 09/26/2022 03:01:16.270 999.000000007425
MSG: 01 09/26/2022 03:01:16.270 VTT Test Passed
INF: Start Of Full Status Report
 Reader:
  ID:                                         01
  Model:                                  IS1001
  S/N:                                 2131.4182
  Date:                               09/26/2022
  Time:                                 03:01:26
  Application Firmware Version:            1.7.1
  Operation Mode:                           Scan
  Network Mode:                IS1001 Standalone
  Exciter Sync. Mode:                 Standalone
  Date/Time Sync.:                      Disabled
  Beeper:                               Disabled
  Tag Display Format:                        DEC
  Initiation Delay:                     Disabled
  Auto Standby Voltages:              16 V, 18 V
  Periodic Standby Start Time:              0:00
  Periodic Standby Duration:            Disabled
  Idling Time:                          Disabled
 Alarms:
  Antenna Current Low Alarm:               0.5 A
  Noise High Alarm:                          75%
  Tuning Capacit. High Alarm:                970
  Tuning Capacit. Low Alarm:                  50
  Alarms Unique Delay:                   600 sec
 Antenna/Tuning:
  Exciter Voltage Level:                       5
  Dynamic Tuning:                        Enabled
  Tuning Target Phase:                       389
  Tuning Target Phase Deviation Threshold:     3
 Communication:
  Local Port Speed:                       115200
  Tags To Local Port:                    Enabled
  Alarms To Local Port:                  Enabled
  Messages To Local Port:                Enabled
  Remote Port Protocol:                    ASCII
  Remote Port Transfer Rate:                Full
 Detection:
  HDX Tag Detection:                    Disabled
  Fastag Detection:                     Disabled
  FDXB Tag Signal Level Detection:      Disabled
  BioTherm Tag Temperature Detection:   Disabled
  Detection Counter Enabled:                 Yes
  Unique Mode:                             Delay
  Unique Delay:                           60 sec
  FDXB Detection Scan Time:               120 ms
  VTT Level:                                 128
  Auto VTT Delay:                        240 min
 Measurements:
  Antenna Current Gain:                       95
  Antenna Current Offset:                    110
 Memory:
  Tags Memory Size:                        78583
  Status Reports Memory Size:               1023
  Store Tags To Memory:                  Enabled
  Store VTT To Memory:                   Enabled
  Store Stat. Reports To Memory:         Enabled
 Reports:
  Auto Noise Report Delay:                60 min
  Auto Status Report Delay:              720 min
 Diagnostics:
  Detection Counter:                        1657
  Tags In Memory:                      2901 (3%)
  Status Reports In Memory:            391 (38%)
  Input Voltage:                          23.7 V
  Exciter Voltage:                        19.9 V
  Antenna Tuning:                          Tuned
  Antenna Current:                         4.4 A
  Tuning Capacitors:                         378
  Tuning Phase:                              392
  Tuning Relative Phase:                      -3
  FDXB Signal Level:                 98 mV (10%)
  Temperature:                            22.7 C
  Sync. Input Present:                       N/A
  Sec. Master Active:                        N/A
 Active Alarms:
  No Active Alarms
SRP: 01 09/26/2022 03:01:26.230 16,0,0,2,5,-3,378,3,38,237,199,44,10,392,227,0,0,0,0,0
INF: End Of Full Status Report
INF: Start Of Noise Report
  Present Noise:                    148 mV (16%)
  Maximum Noise:                    301 mV (33%)
  Average Noise:                    116 mV (12%)
  Time Averaged Over:                    1:00:00
NRP: 01 09/26/2022 03:02:45.000 16,33,12,3600
INF: End Of Noise Report
TAG: 01 09/26/2022 03:08:48.300 989.001040476364
TAG: 01 09/26/2022 03:54:54.410 989.001040476319
INF: Start Of Noise Report
  Present Noise:                    153 mV (17%)
  Maximum Noise:                    262 mV (29%)
  Average Noise:                    120 mV (13%)
  Time Averaged Over:                    1:00:00
NRP: 01 09/26/2022 04:02:45.000 17,29,13,3600
INF: End Of Noise Report
TAG: 01 09/26/2022 04:12:13.840 989.001034179445
INF: Start Of Noise Report
  Present Noise:                    148 mV (16%)
  Maximum Noise:                    344 mV (38%)
  Average Noise:                    126 mV (14%)
  Time Averaged Over:                    1:00:00
NRP: 01 09/26/2022 05:02:45.000 16,38,14,3600
INF: End Of Noise Report
TAG: 01 09/26/2022 05:24:38.410 989.001032566978
INF: Start Of Noise Report
  Present Noise:                    128 mV (14%)
  Maximum Noise:                    361 mV (40%)
  Average Noise:                    129 mV (14%)
  Time Averaged Over:                    1:00:00
NRP: 01 09/26/2022 06:02:45.000 14,40,14,3600
INF: End Of Noise Report
MSG: 01 09/26/2022 07:01:16.100 Test Tag Single Shot Fired
TAG: 01 09/26/2022 07:01:16.130 999.000000007425
MSG: 01 09/26/2022 07:01:16.130 VTT Test Passed
INF: Start Of Noise Report
  Present Noise:                      20 mV (2%)
  Maximum Noise:                    233 mV (25%)
  Average Noise:                      58 mV (6%)
  Time Averaged Over:                    1:00:00
NRP: 01 09/26/2022 07:02:45.000 2,25,6,3600
INF: End Of Noise Report
INF: Start Of Noise Report
  Present Noise:                      20 mV (2%)
  Maximum Noise:                    370 mV (41%)
  Average Noise:                      48 mV (5%)
  Time Averaged Over:                    1:00:00
NRP: 01 09/26/2022 08:02:45.000 2,41,5,3600
INF: End Of Noise Report
INF: Start Of Noise Report
  Present Noise:                      68 mV (7%)
  Maximum Noise:                    346 mV (38%)
  Average Noise:                      47 mV (5%)
  Time Averaged Over:                    1:00:00
NRP: 01 09/26/2022 09:02:45.000 7,38,5,3600
INF: End Of Noise Report
INF: Start Of Noise Report
  Present Noise:                      68 mV (7%)
  Maximum Noise:                    331 mV (36%)
  Average Noise:                      58 mV (6%)
  Time Averaged Over:                    1:00:00
NRP: 01 09/26/2022 10:02:45.000 7,36,6,3600
INF: End Of Noise Report
MSG: 01 09/26/2022 11:01:16.100 Test Tag Single Shot Fired
TAG: 01 09/26/2022 11:01:16.140 999.000000007425
MSG: 01 09/26/2022 11:01:16.140 VTT Test Passed
INF: Start Of Noise Report
  Present Noise:                      58 mV (6%)
  Maximum Noise:                    338 mV (37%)
  Average Noise:                      69 mV (7%)
  Time Averaged Over:                    1:00:00
NRP: 01 09/26/2022 11:02:45.000 6,37,7,3600
INF: End Of Noise Report
INF: Start Of Noise Report
  Present Noise:                      54 mV (6%)
  Maximum Noise:                    344 mV (38%)
  Average Noise:                      61 mV (6%)
  Time Averaged Over:                    1:00:00
NRP: 01 09/26/2022 12:02:45.000 6,38,6,3600
INF: End Of Noise Report
INF: Start Of Noise Report
  Present Noise:                      54 mV (6%)
  Maximum Noise:                    348 mV (38%)
  Average Noise:                      52 mV (5%)
  Time Averaged Over:                    1:00:00
NRP: 01 09/26/2022 13:02:45.000 6,38,5,3600
INF: End Of Noise Report
INF: Start Of Noise Report
  Present Noise:                      62 mV (6%)
  Maximum Noise:                    322 mV (35%)
  Average Noise:                      59 mV (6%)
  Time Averaged Over:                    1:00:00
NRP: 01 09/26/2022 14:02:45.000 6,35,6,3600
INF: End Of Noise Report
MSG: 01 09/26/2022 15:01:16.100 Test Tag Single Shot Fired
TAG: 01 09/26/2022 15:01:16.130 999.000000007425
MSG: 01 09/26/2022 15:01:16.130 VTT Test Passed
INF: Start Of Full Status Report
 Reader:
  ID:                                         01
  Model:                                  IS1001
  S/N:                                 2131.4182
  Date:                               09/26/2022
  Time:                                 15:01:26
  Application Firmware Version:            1.7.1
  Operation Mode:                           Scan
  Network Mode:                IS1001 Standalone
  Exciter Sync. Mode:                 Standalone
  Date/Time Sync.:                      Disabled
  Beeper:                               Disabled
  Tag Display Format:                        DEC
  Initiation Delay:                     Disabled
  Auto Standby Voltages:              16 V, 18 V
  Periodic Standby Start Time:              0:00
  Periodic Standby Duration:            Disabled
  Idling Time:                          Disabled
 Alarms:
  Antenna Current Low Alarm:               0.5 A
  Noise High Alarm:                          75%
  Tuning Capacit. High Alarm:                970
  Tuning Capacit. Low Alarm:                  50
  Alarms Unique Delay:                   600 sec
 Antenna/Tuning:
  Exciter Voltage Level:                       5
  Dynamic Tuning:                        Enabled
  Tuning Target Phase:                       389
  Tuning Target Phase Deviation Threshold:     3
 Communication:
  Local Port Speed:                       115200
  Tags To Local Port:                    Enabled
  Alarms To Local Port:                  Enabled
  Messages To Local Port:                Enabled
  Remote Port Protocol:                    ASCII
  Remote Port Transfer Rate:                Full
 Detection:
  HDX Tag Detection:                    Disabled
  Fastag Detection:                     Disabled
  FDXB Tag Signal Level Detection:      Disabled
  BioTherm Tag Temperature Detection:   Disabled
  Detection Counter Enabled:                 Yes
  Unique Mode:                             Delay
  Unique Delay:                           60 sec
  FDXB Detection Scan Time:               120 ms
  VTT Level:                                 128
  Auto VTT Delay:                        240 min
 Measurements:
  Antenna Current Gain:                       95
  Antenna Current Offset:                    110
 Memory:
  Tags Memory Size:                        78583
  Status Reports Memory Size:               1023
  Store Tags To Memory:                  Enabled
  Store VTT To Memory:                   Enabled
  Store Stat. Reports To Memory:         Enabled
 Reports:
  Auto Noise Report Delay:                60 min
  Auto Status Report Delay:              720 min
 Diagnostics:
  Detection Counter:                        1661
  Tags In Memory:                      2908 (3%)
  Status Reports In Memory:            392 (38%)
  Input Voltage:                          23.7 V
  Exciter Voltage:                        19.9 V
  Antenna Tuning:                          Tuned
  Antenna Current:                         4.4 A
  Tuning Capacitors:                         378
  Tuning Phase:                              390
  Tuning Relative Phase:                      -1
  FDXB Signal Level:                  54 mV (6%)
  Temperature:                            25.1 C
  Sync. Input Present:                       N/A
  Sec. Master Active:                        N/A
 Active Alarms:
  No Active Alarms
SRP: 01 09/26/2022 15:01:26.100 16,0,0,2,5,-1,378,3,38,237,199,44,6,390,251,0,0,0,0,0
INF: End Of Full Status Report
INF: Start Of Noise Report
  Present Noise:                      54 mV (6%)
  Maximum Noise:                    323 mV (35%)
  Average Noise:                      55 mV (6%)
  Time Averaged Over:                    1:00:00
NRP: 01 09/26/2022 15:02:45.000 6,35,6,3600
INF: End Of Noise Report
INF: Start Of Noise Report
  Present Noise:                      54 mV (6%)
  Maximum Noise:                    361 mV (40%)
  Average Noise:                      55 mV (6%)
  Time Averaged Over:                    1:00:00
NRP: 01 09/26/2022 16:02:45.000 6,40,6,3600
INF: End Of Noise Report
INF: Start Of Noise Report
  Present Noise:                      54 mV (6%)
  Maximum Noise:                    348 mV (38%)
  Average Noise:                      53 mV (5%)
  Time Averaged Over:                    1:00:00
NRP: 01 09/26/2022 17:02:45.000 6,38,5,3600
INF: End Of Noise Report
INF: Start Of Noise Report
  Present Noise:                      54 mV (6%)
  Maximum Noise:                    275 mV (30%)
  Average Noise:                      53 mV (5%)
  Time Averaged Over:                    1:00:00
NRP: 01 09/26/2022 18:02:45.000 6,30,5,3600
INF: End Of Noise Report
MSG: 01 09/26/2022 19:01:16.100 Test Tag Single Shot Fired
TAG: 01 09/26/2022 19:01:16.130 999.000000007425
MSG: 01 09/26/2022 19:01:16.130 VTT Test Passed
INF: Start Of Noise Report
  Present Noise:                      54 mV (6%)
  Maximum Noise:                    218 mV (24%)
  Average Noise:                      52 mV (5%)
  Time Averaged Over:                    1:00:00
NRP: 01 09/26/2022 19:02:45.000 6,24,5,3600
INF: End Of Noise Report
TAG: 01 09/26/2022 19:20:44.250 989.001040476319
TAG: 01 09/26/2022 19:55:02.270 989.001034179445
INF: Start Of Noise Report
  Present Noise:                      54 mV (6%)
  Maximum Noise:                    359 mV (39%)
  Average Noise:                      73 mV (8%)
  Time Averaged Over:                    1:00:00
NRP: 01 09/26/2022 20:02:45.000 6,39,8,3600
INF: End Of Noise Report
TAG: 01 09/26/2022 20:33:35.630 989.001032566806
TAG: 01 09/26/2022 21:02:08.900 989.001034179450
INF: Start Of Noise Report
  Present Noise:                    159 mV (17%)
  Maximum Noise:                    315 mV (35%)
  Average Noise:                      77 mV (8%)
  Time Averaged Over:                    1:00:00
NRP: 01 09/26/2022 21:02:45.000 17,35,8,3600
INF: End Of Noise Report
TAG: 01 09/26/2022 21:33:00.580 989.001032566805
TAG: 01 09/26/2022 22:00:38.680 989.001040476315
INF: Start Of Noise Report
  Present Noise:                     98 mV (10%)
  Maximum Noise:                    344 mV (38%)
  Average Noise:                      87 mV (9%)
  Time Averaged Over:                    1:00:00
NRP: 01 09/26/2022 22:02:45.000 10,38,9,3600
INF: End Of Noise Report
MSG: 01 09/26/2022 23:01:16.100 Test Tag Single Shot Fired
TAG: 01 09/26/2022 23:01:16.130 999.000000007425
MSG: 01 09/26/2022 23:01:16.130 VTT Test Passed
INF: Start Of Noise Report
  Present Noise:                      68 mV (7%)
  Maximum Noise:                    305 mV (33%)
  Average Noise:                     91 mV (10%)
  Time Averaged Over:                    1:00:00
NRP: 01 09/26/2022 23:02:45.000 7,33,10,3600
INF: End Of Noise Report
INF: Start Of Noise Report
  Present Noise:                      44 mV (4%)
  Maximum Noise:                    313 mV (34%)
  Average Noise:                     91 mV (10%)
  Time Averaged Over:                    1:00:00
