NRP: 01 09/27/2022 00:02:45.000 4,34,10,3600
INF: End Of Noise Report
TAG: 01 09/27/2022 00:06:21.510 989.001032566796
TAG: 01 09/27/2022 00:37:42.860 989.001032566806
INF: Start Of Noise Report
  Present Noise:                      76 mV (8%)
  Maximum Noise:                    303 mV (33%)
  Average Noise:                      88 mV (9%)
  Time Averaged Over:                    1:00:00
NRP: 01 09/27/2022 01:02:45.000 8,33,9,3600
INF: End Of Noise Report
TAG: 01 09/27/2022 01:46:46.270 989.001034179421
TAG: 01 09/27/2022 01:56:28.830 989.001032566796
INF: Start Of Noise Report
  Present Noise:                    201 mV (22%)
  Maximum Noise:                    275 mV (30%)
  Average Noise:                      86 mV (9%)
  Time Averaged Over:                    1:00:00
NRP: 01 09/27/2022 02:02:45.000 22,30,9,3600
INF: End Of Noise Report
TAG: 01 09/27/2022 02:44:37.640 989.001034179450
TAG: 01 09/27/2022 02:46:31.280 989.001032566978
MSG: 01 09/27/2022 03:01:16.100 Test Tag Single Shot Fired
TAG: 01 09/27/2022 03:01:16.130 999.000000007425
MSG: 01 09/27/2022 03:01:16.130 VTT Test Passed
INF: Start Of Full Status Report
 Reader:
  ID:                                         01
  Model:                                  IS1001
  S/N:                                 2131.4182
  Date:                               09/27/2022
  Time:                                 03:01:26
  Application Firmware Version:            1.7.1
  Operation Mode:                           Scan
  Network Mode:                IS1001 Standalone
  Exciter Sync. Mode:                 Standalone
  Date/Time Sync.:                      Disabled
  Beeper:                               Disabled
  Tag Display Format:                        DEC
  Initiation Delay:                     Disabled
  Auto Standby Voltages:              16 V, 18 V
  Periodic Standby Start Time:              0:00
  Periodic Standby Duration:            Disabled
  Idling Time:                          Disabled
 Alarms:
  Antenna Current Low Alarm:               0.5 A
  Noise High Alarm:                          75%
  Tuning Capacit. High Alarm:                970
  Tuning Capacit. Low Alarm:                  50
  Alarms Unique Delay:                   600 sec
 Antenna/Tuning:
  Exciter Voltage Level:                       5
  Dynamic Tuning:                        Enabled
  Tuning Target Phase:                       389
  Tuning Target Phase Deviation Threshold:     3
 Communication:
  Local Port Speed:                       115200
  Tags To Local Port:                    Enabled
  Alarms To Local Port:                  Enabled
  Messages To Local Port:                Enabled
  Remote Port Protocol:                    ASCII
  Remote Port Transfer Rate:                Full
 Detection:
  HDX Tag Detection:                    Disabled
  Fastag Detection:                     Disabled
  FDXB Tag Signal Level Detection:      Disabled
  BioTherm Tag Temperature Detection:   Disabled
  Detection Counter Enabled:                 Yes
  Unique Mode:                             Delay
  Unique Delay:                           60 sec
  FDXB Detection Scan Time:               120 ms
  VTT Level:                                 128
  Auto VTT Delay:                        240 min
 Measurements:
  Antenna Current Gain:                       95
  Antenna Current Offset:                    110
 Memory:
  Tags Memory Size:                        78583
  Status Reports Memory Size:               1023
  Store Tags To Memory:                  Enabled
  Store VTT To Memory:                   Enabled
  Store Stat. Reports To Memory:         Enabled
 Reports:
  Auto Noise Report Delay:                60 min
  Auto Status Report Delay:              720 min
 Diagnostics:
  Detection Counter:                        1673
  Tags In Memory:                      2923 (3%)
  Status Reports In Memory:            393 (38%)
  Input Voltage:                          23.7 V
  Exciter Voltage:                        19.9 V
  Antenna Tuning:                          Tuned
  Antenna Current:                         4.5 A
  Tuning Capacitors:                         378
  Tuning Phase:                              389
  Tuning Relative Phase:                       0
  FDXB Signal Level:                  58 mV (6%)
  Temperature:                            22.6 C
  Sync. Input Present:                       N/A
  Sec. Master Active:                        N/A
 Active Alarms:
  No Active Alarms
SRP: 01 09/27/2022 03:01:26.100 16,0,0,2,5,0,378,3,38,237,199,45,6,389,226,0,0,0,0,0
INF: End Of Full Status Report
INF: Start Of Noise Report
  Present Noise:                      58 mV (6%)
  Maximum Noise:                    289 mV (32%)
  Average Noise:                      86 mV (9%)
  Time Averaged Over:                    1:00:00
NRP: 01 09/27/2022 03:02:45.000 6,32,9,3600
INF: End Of Noise Report
INF: Start Of Noise Report
  Present Noise:                      88 mV (9%)
  Maximum Noise:                    265 mV (29%)
  Average Noise:                     90 mV (10%)
  Time Averaged Over:                    1:00:00
NRP: 01 09/27/2022 04:02:45.000 9,29,10,3600
INF: End Of Noise Report
INF: Start Of Noise Report
  Present Noise:                      68 mV (7%)
  Maximum Noise:                    301 mV (33%)
  Average Noise:                     96 mV (10%)
  Time Averaged Over:                    1:00:00
NRP: 01 09/27/2022 05:02:45.000 7,33,10,3600
INF: End Of Noise Report
INF: Start Of Noise Report
  Present Noise:                    139 mV (15%)
  Maximum Noise:                    270 mV (30%)
  Average Noise:                     98 mV (10%)
  Time Averaged Over:                    1:00:00
NRP: 01 09/27/2022 06:02:45.000 15,30,10,3600
INF: End Of Noise Report
MSG: 01 09/27/2022 06:10:24.120 Set Caps = 377, I = 4.5 A, PH = 392, dPH = -3
MSG: 01 09/27/2022 06:10:35.620 Set Caps = 376, I = 4.5 A, PH = 393, dPH = -4
MSG: 01 09/27/2022 06:10:36.420 Set Caps = 377, I = 4.4 A, PH = 386, dPH = 3
MSG: 01 09/27/2022 06:10:45.520 Set Caps = 378, I = 4.4 A, PH = 387, dPH = 2
MSG: 01 09/27/2022 07:01:16.100 Test Tag Single Shot Fired
TAG: 01 09/27/2022 07:01:16.130 999.000000007425
MSG: 01 09/27/2022 07:01:16.130 VTT Test Passed
INF: Start Of Noise Report
  Present Noise:                       0 mV (0%)
  Maximum Noise:                    609 mV (67%)
  Average Noise:                      30 mV (3%)
  Time Averaged Over:                    1:00:00
NRP: 01 09/27/2022 07:02:45.000 0,67,3,3600
INF: End Of Noise Report
INF: Start Of Noise Report
  Present Noise:                       0 mV (0%)
  Maximum Noise:                    213 mV (23%)
  Average Noise:                      20 mV (2%)
  Time Averaged Over:                    1:00:00
NRP: 01 09/27/2022 08:02:45.000 0,23,2,3600
INF: End Of Noise Report
INF: Start Of Noise Report
  Present Noise:                       0 mV (0%)
  Maximum Noise:                    128 mV (14%)
  Average Noise:                      11 mV (1%)
  Time Averaged Over:                    1:00:00
NRP: 01 09/27/2022 09:02:45.000 0,14,1,3600
INF: End Of Noise Report
INF: Start Of Noise Report
  Present Noise:                      20 mV (2%)
  Maximum Noise:                    194 mV (21%)
  Average Noise:                      25 mV (2%)
  Time Averaged Over:                    1:00:00
NRP: 01 09/27/2022 10:02:45.000 2,21,2,3600
INF: End Of Noise Report
MSG: 01 09/27/2022 11:01:16.100 Test Tag Single Shot Fired
TAG: 01 09/27/2022 11:01:16.140 999.000000007425
MSG: 01 09/27/2022 11:01:16.140 VTT Test Passed
INF: Start Of Noise Report
  Present Noise:                      88 mV (9%)
  Maximum Noise:                    112 mV (12%)
  Average Noise:                      61 mV (6%)
  Time Averaged Over:                    1:00:00
NRP: 01 09/27/2022 11:02:45.000 9,12,6,3600
INF: End Of Noise Report
INF: Start Of Noise Report
  Present Noise:                      58 mV (6%)
  Maximum Noise:                    276 mV (30%)
  Average Noise:                      64 mV (7%)
  Time Averaged Over:                    1:00:00
NRP: 01 09/27/2022 12:02:45.000 6,30,7,3600
INF: End Of Noise Report
INF: Start Of Noise Report
  Present Noise:                      68 mV (7%)
  Maximum Noise:                    186 mV (20%)
  Average Noise:                      65 mV (7%)
  Time Averaged Over:                    1:00:00
NRP: 01 09/27/2022 13:02:45.000 7,20,7,3600
INF: End Of Noise Report
INF: Start Of Noise Report
  Present Noise:                      68 mV (7%)
  Maximum Noise:                    312 mV (34%)
  Average Noise:                      67 mV (7%)
  Time Averaged Over:                    1:00:00
NRP: 01 09/27/2022 14:02:45.000 7,34,7,3600
INF: End Of Noise Report
MSG: 01 09/27/2022 15:01:16.100 Test Tag Single Shot Fired
TAG: 01 09/27/2022 15:01:16.130 999.000000007425
MSG: 01 09/27/2022 15:01:16.130 VTT Test Passed
INF: Start Of Full Status Report
 Reader:
  ID:                                         01
  Model:                                  IS1001
  S/N:                                 2131.4182
  Date:                               09/27/2022
  Time:                                 15:01:26
  Application Firmware Version:            1.7.1
  Operation Mode:                           Scan
  Network Mode:                IS1001 Standalone
  Exciter Sync. Mode:                 Standalone
  Date/Time Sync.:                      Disabled
  Beeper:                               Disabled
  Tag Display Format:                        DEC
  Initiation Delay:                     Disabled
  Auto Standby Voltages:              16 V, 18 V
  Periodic Standby Start Time:              0:00
  Periodic Standby Duration:            Disabled
  Idling Time:                          Disabled
 Alarms:
  Antenna Current Low Alarm:               0.5 A
  Noise High Alarm:                          75%
  Tuning Capacit. High Alarm:                970
  Tuning Capacit. Low Alarm:                  50
  Alarms Unique Delay:                   600 sec
 Antenna/Tuning:
  Exciter Voltage Level:                       5
  Dynamic Tuning:                        Enabled
  Tuning Target Phase:                       389
  Tuning Target Phase Deviation Threshold:     3
 Communication:
  Local Port Speed:                       115200
  Tags To Local Port:                    Enabled
  Alarms To Local Port:                  Enabled
  Messages To Local Port:                Enabled
  Remote Port Protocol:                    ASCII
  Remote Port Transfer Rate:                Full
 Detection:
  HDX Tag Detection:                    Disabled
  Fastag Detection:                     Disabled
  FDXB Tag Signal Level Detection:      Disabled
  BioTherm Tag Temperature Detection:   Disabled
  Detection Counter Enabled:                 Yes
  Unique Mode:                             Delay
  Unique Delay:                           60 sec
  FDXB Detection Scan Time:               120 ms
  VTT Level:                                 128
  Auto VTT Delay:                        240 min
 Measurements:
  Antenna Current Gain:                       95
  Antenna Current Offset:                    110
 Memory:
  Tags Memory Size:                        78583
  Status Reports Memory Size:               1023
  Store Tags To Memory:                  Enabled
  Store VTT To Memory:                   Enabled
  Store Stat. Reports To Memory:         Enabled
 Reports:
  Auto Noise Report Delay:                60 min
  Auto Status Report Delay:              720 min
 Diagnostics:
  Detection Counter:                        1673
  Tags In Memory:                      2926 (3%)
  Status Reports In Memory:            394 (38%)
  Input Voltage:                          23.7 V
  Exciter Voltage:                        19.9 V
  Antenna Tuning:                          Tuned
  Antenna Current:                         4.5 A
  Tuning Capacitors:                         378
  Tuning Phase:                              387
  Tuning Relative Phase:                       2
  FDXB Signal Level:                  58 mV (6%)
  Temperature:                            23.4 C
  Sync. Input Present:                       N/A
  Sec. Master Active:                        N/A
 Active Alarms:
  No Active Alarms
SRP: 01 09/27/2022 15:01:26.100 16,0,0,2,5,2,378,3,38,237,199,45,6,387,234,0,0,0,0,0
INF: End Of Full Status Report
INF: Start Of Noise Report
  Present Noise:                      58 mV (6%)
  Maximum Noise:                    244 mV (27%)
  Average Noise:                      64 mV (7%)
  Time Averaged Over:                    1:00:00
NRP: 01 09/27/2022 15:02:45.000 6,27,7,3600
INF: End Of Noise Report
INF: Start Of Noise Report
  Present Noise:                      58 mV (6%)
  Maximum Noise:                    267 mV (29%)
  Average Noise:                      60 mV (6%)
  Time Averaged Over:                    1:00:00
NRP: 01 09/27/2022 16:02:45.000 6,29,6,3600
INF: End Of Noise Report
INF: Start Of Noise Report
  Present Noise:                      58 mV (6%)
  Maximum Noise:                    265 mV (29%)
  Average Noise:                      59 mV (6%)
  Time Averaged Over:                    1:00:00
NRP: 01 09/27/2022 17:02:45.000 6,29,6,3600
INF: End Of Noise Report
INF: Start Of Noise Report
  Present Noise:                      68 mV (7%)
  Maximum Noise:                    202 mV (22%)
  Average Noise:                      58 mV (6%)
  Time Averaged Over:                    1:00:00
NRP: 01 09/27/2022 18:02:45.000 7,22,6,3600
INF: End Of Noise Report
MSG: 01 09/27/2022 19:01:16.100 Test Tag Single Shot Fired
TAG: 01 09/27/2022 19:01:16.140 999.000000007425
MSG: 01 09/27/2022 19:01:16.140 VTT Test Passed
INF: Start Of Noise Report
  Present Noise:                      44 mV (4%)
  Maximum Noise:                    176 mV (19%)
  Average Noise:                      57 mV (6%)
  Time Averaged Over:                    1:00:00
NRP: 01 09/27/2022 19:02:45.000 4,19,6,3600
INF: End Of Noise Report
TAG: 01 09/27/2022 19:12:47.490 989.001032566978
INF: Start Of Noise Report
  Present Noise:                    182 mV (20%)
  Maximum Noise:                    267 mV (29%)
  Average Noise:                      75 mV (8%)
  Time Averaged Over:                    1:00:00
NRP: 01 09/27/2022 20:02:45.000 20,29,8,3600
INF: End Of Noise Report
TAG: 01 09/27/2022 20:40:51.630 989.001032566778
TAG: 01 09/27/2022 20:44:14.490 989.001032566806
TAG: 01 09/27/2022 20:46:14.730 989.001032566806
TAG: 01 09/27/2022 20:53:16.320 989.001034179450
INF: Start Of Noise Report
  Present Noise:                      58 mV (6%)
  Maximum Noise:                    268 mV (29%)
  Average Noise:                      77 mV (8%)
  Time Averaged Over:                    1:00:00
NRP: 01 09/27/2022 21:02:45.000 6,29,8,3600
INF: End Of Noise Report
TAG: 01 09/27/2022 21:04:47.530 989.001034203303
TAG: 01 09/27/2022 21:24:10.050 989.001032566796
INF: Start Of Noise Report
  Present Noise:                      58 mV (6%)
  Maximum Noise:                    334 mV (37%)
  Average Noise:                      78 mV (8%)
  Time Averaged Over:                    1:00:00
NRP: 01 09/27/2022 22:02:45.000 6,37,8,3600
INF: End Of Noise Report
TAG: 01 09/27/2022 22:10:33.500 989.001040476315
TAG: 01 09/27/2022 22:29:26.860 989.001032566806
MSG: 01 09/27/2022 23:01:16.100 Test Tag Single Shot Fired
TAG: 01 09/27/2022 23:01:16.140 999.000000007425
MSG: 01 09/27/2022 23:01:16.140 VTT Test Passed
INF: Start Of Noise Report
  Present Noise:                      68 mV (7%)
  Maximum Noise:                    379 mV (42%)
  Average Noise:                      79 mV (8%)
  Time Averaged Over:                    1:00:00
NRP: 01 09/27/2022 23:02:45.000 7,42,8,3600
INF: End Of Noise Report
TAG: 01 09/27/2022 23:49:15.080 989.001034179450
INF: Start Of Noise Report
  Present Noise:                      44 mV (4%)
  Maximum Noise:                    273 mV (30%)
  Average Noise:                      79 mV (8%)
  Time Averaged Over:                    1:00:00
