NRP: 01 09/28/2022 00:02:45.000 4,30,8,3600
INF: End Of Noise Report
INF: Start Of Noise Report
  Present Noise:                      58 mV (6%)
  Maximum Noise:                    312 mV (34%)
  Average Noise:                      78 mV (8%)
  Time Averaged Over:                    1:00:00
NRP: 01 09/28/2022 01:02:45.000 6,34,8,3600
INF: End Of Noise Report
INF: Start Of Noise Report
  Present Noise:                      44 mV (4%)
  Maximum Noise:                    286 mV (31%)
  Average Noise:                      73 mV (8%)
  Time Averaged Over:                    1:00:00
NRP: 01 09/28/2022 02:02:45.000 4,31,8,3600
INF: End Of Noise Report
MSG: 01 09/28/2022 03:01:16.100 Test Tag Single Shot Fired
TAG: 01 09/28/2022 03:01:16.130 999.000000007425
MSG: 01 09/28/2022 03:01:16.130 VTT Test Passed
INF: Start Of Full Status Report
 Reader:
  ID:                                         01
  Model:                                  IS1001
  S/N:                                 2131.4182
  Date:                               09/28/2022
  Time:                                 03:01:26
  Application Firmware Version:            1.7.1
  Operation Mode:                           Scan
  Network Mode:                IS1001 Standalone
  Exciter Sync. Mode:                 Standalone
  Date/Time Sync.:                      Disabled
  Beeper:                               Disabled
  Tag Display Format:                        DEC
  Initiation Delay:                     Disabled
  Auto Standby Voltages:              16 V, 18 V
  Periodic Standby Start Time:              0:00
  Periodic Standby Duration:            Disabled
  Idling Time:                          Disabled
 Alarms:
  Antenna Current Low Alarm:               0.5 A
  Noise High Alarm:                          75%
  Tuning Capacit. High Alarm:                970
  Tuning Capacit. Low Alarm:                  50
  Alarms Unique Delay:                   600 sec
 Antenna/Tuning:
  Exciter Voltage Level:                       5
  Dynamic Tuning:                        Enabled
  Tuning Target Phase:                       389
  Tuning Target Phase Deviation Threshold:     3
 Communication:
  Local Port Speed:                       115200
  Tags To Local Port:                    Enabled
  Alarms To Local Port:                  Enabled
  Messages To Local Port:                Enabled
  Remote Port Protocol:                    ASCII
  Remote Port Transfer Rate:                Full
 Detection:
  HDX Tag Detection:                    Disabled
  Fastag Detection:                     Disabled
  FDXB Tag Signal Level Detection:      Disabled
  BioTherm Tag Temperature Detection:   Disabled
  Detection Counter Enabled:                 Yes
  Unique Mode:                             Delay
  Unique Delay:                           60 sec
  FDXB Detection Scan Time:               120 ms
  VTT Level:                                 128
  Auto VTT Delay:                        240 min
 Measurements:
  Antenna Current Gain:                       95
  Antenna Current Offset:                    110
 Memory:
  Tags Memory Size:                        78583
  Status Reports Memory Size:               1023
  Store Tags To Memory:                  Enabled
  Store VTT To Memory:                   Enabled
  Store Stat. Reports To Memory:         Enabled
 Reports:
  Auto Noise Report Delay:                60 min
  Auto Status Report Delay:              720 min
 Diagnostics:
  Detection Counter:                        1683
  Tags In Memory:                      2939 (3%)
  Status Reports In Memory:            395 (38%)
  Input Voltage:                          23.7 V
  Exciter Voltage:                        19.9 V
  Antenna Tuning:                          Tuned
  Antenna Current:                         4.5 A
  Tuning Capacitors:                         378
  Tuning Phase:                              388
  Tuning Relative Phase:                       1
  FDXB Signal Level:                  44 mV (4%)
  Temperature:                            21.7 C
  Sync. Input Present:                       N/A
  Sec. Master Active:                        N/A
 Active Alarms:
  No Active Alarms
SRP: 01 09/28/2022 03:01:26.100 16,0,0,2,5,1,378,3,38,237,199,45,4,388,217,0,0,0,0,0
INF: End Of Full Status Report
INF: Start Of Noise Report
  Present Noise:                      20 mV (2%)
  Maximum Noise:                    265 mV (29%)
  Average Noise:                      70 mV (7%)
  Time Averaged Over:                    1:00:00
NRP: 01 09/28/2022 03:02:45.000 2,29,7,3600
INF: End Of Noise Report
TAG: 01 09/28/2022 03:19:43.340 989.001034203303
INF: Start Of Noise Report
  Present Noise:                      76 mV (8%)
  Maximum Noise:                    255 mV (28%)
  Average Noise:                      67 mV (7%)
  Time Averaged Over:                    1:00:00
NRP: 01 09/28/2022 04:02:45.000 8,28,7,3600
INF: End Of Noise Report
INF: Start Of Noise Report
  Present Noise:                       0 mV (0%)
  Maximum Noise:                    248 mV (27%)
  Average Noise:                      67 mV (7%)
  Time Averaged Over:                    1:00:00
NRP: 01 09/28/2022 05:02:45.000 0,27,7,3600
INF: End Of Noise Report
MSG: 01 09/28/2022 05:31:28.220 Set Caps = 377, I = 4.5 A, PH = 392, dPH = -3
MSG: 01 09/28/2022 05:31:28.520 Set Caps = 376, I = 4.5 A, PH = 392, dPH = -3
INF: Start Of Noise Report
  Present Noise:                    128 mV (14%)
  Maximum Noise:                    262 mV (29%)
  Average Noise:                      68 mV (7%)
  Time Averaged Over:                    1:00:00
NRP: 01 09/28/2022 06:02:45.000 14,29,7,3600
INF: End Of Noise Report
MSG: 01 09/28/2022 07:01:16.100 Test Tag Single Shot Fired
TAG: 01 09/28/2022 07:01:16.140 999.000000007425
MSG: 01 09/28/2022 07:01:16.140 VTT Test Passed
INF: Start Of Noise Report
  Present Noise:                       0 mV (0%)
  Maximum Noise:                    256 mV (28%)
  Average Noise:                      25 mV (2%)
  Time Averaged Over:                    1:00:00
NRP: 01 09/28/2022 07:02:45.000 0,28,2,3600
INF: End Of Noise Report
INF: Start Of Noise Report
  Present Noise:                       0 mV (0%)
  Maximum Noise:                    142 mV (15%)
  Average Noise:                      17 mV (1%)
  Time Averaged Over:                    1:00:00
NRP: 01 09/28/2022 08:02:45.000 0,15,1,3600
INF: End Of Noise Report
INF: Start Of Noise Report
  Present Noise:                       0 mV (0%)
  Maximum Noise:                    138 mV (15%)
  Average Noise:                       3 mV (0%)
  Time Averaged Over:                    1:00:00
NRP: 01 09/28/2022 09:02:45.000 0,15,0,3600
INF: End Of Noise Report
INF: Start Of Noise Report
  Present Noise:                       0 mV (0%)
  Maximum Noise:                    126 mV (14%)
  Average Noise:                       7 mV (0%)
  Time Averaged Over:                    1:00:00
NRP: 01 09/28/2022 10:02:45.000 0,14,0,3600
INF: End Of Noise Report
MSG: 01 09/28/2022 11:01:16.100 Test Tag Single Shot Fired
TAG: 01 09/28/2022 11:01:16.140 999.000000007425
MSG: 01 09/28/2022 11:01:16.140 VTT Test Passed
INF: Start Of Noise Report
  Present Noise:                      68 mV (7%)
  Maximum Noise:                      88 mV (9%)
  Average Noise:                      55 mV (6%)
  Time Averaged Over:                    1:00:00
NRP: 01 09/28/2022 11:02:45.000 7,9,6,3600
INF: End Of Noise Report
MSG: 01 09/28/2022 11:33:09.520 Set Caps = 377, I = 4.5 A, PH = 388, dPH = 1
INF: Start Of Noise Report
  Present Noise:                      20 mV (2%)
  Maximum Noise:                     93 mV (10%)
  Average Noise:                      63 mV (7%)
  Time Averaged Over:                    1:00:00
NRP: 01 09/28/2022 12:02:45.000 2,10,7,3600
INF: End Of Noise Report
INF: Start Of Noise Report
  Present Noise:                      68 mV (7%)
  Maximum Noise:                    102 mV (11%)
  Average Noise:                      58 mV (6%)
  Time Averaged Over:                    1:00:00
NRP: 01 09/28/2022 13:02:45.000 7,11,6,3600
INF: End Of Noise Report
MSG: 01 09/28/2022 13:05:28.620 Set Caps = 378, I = 4.5 A, PH = 388, dPH = 1
INF: Start Of Noise Report
  Present Noise:                      68 mV (7%)
  Maximum Noise:                     93 mV (10%)
  Average Noise:                      68 mV (7%)
  Time Averaged Over:                    1:00:00
NRP: 01 09/28/2022 14:02:45.000 7,10,7,3600
INF: End Of Noise Report
MSG: 01 09/28/2022 15:01:16.100 Test Tag Single Shot Fired
TAG: 01 09/28/2022 15:01:16.140 999.000000007425
MSG: 01 09/28/2022 15:01:16.140 VTT Test Passed
INF: Start Of Full Status Report
 Reader:
  ID:                                         01
  Model:                                  IS1001
  S/N:                                 2131.4182
  Date:                               09/28/2022
  Time:                                 15:01:26
  Application Firmware Version:            1.7.1
  Operation Mode:                           Scan
  Network Mode:                IS1001 Standalone
  Exciter Sync. Mode:                 Standalone
  Date/Time Sync.:                      Disabled
  Beeper:                               Disabled
  Tag Display Format:                        DEC
  Initiation Delay:                     Disabled
  Auto Standby Voltages:              16 V, 18 V
  Periodic Standby Start Time:              0:00
  Periodic Standby Duration:            Disabled
  Idling Time:                          Disabled
 Alarms:
  Antenna Current Low Alarm:               0.5 A
  Noise High Alarm:                          75%
  Tuning Capacit. High Alarm:                970
  Tuning Capacit. Low Alarm:                  50
  Alarms Unique Delay:                   600 sec
 Antenna/Tuning:
  Exciter Voltage Level:                       5
  Dynamic Tuning:                        Enabled
  Tuning Target Phase:                       389
  Tuning Target Phase Deviation Threshold:     3
 Communication:
  Local Port Speed:                       115200
  Tags To Local Port:                    Enabled
  Alarms To Local Port:                  Enabled
  Messages To Local Port:                Enabled
  Remote Port Protocol:                    ASCII
  Remote Port Transfer Rate:                Full
 Detection:
  HDX Tag Detection:                    Disabled
  Fastag Detection:                     Disabled
  FDXB Tag Signal Level Detection:      Disabled
  BioTherm Tag Temperature Detection:   Disabled
  Detection Counter Enabled:                 Yes
  Unique Mode:                             Delay
  Unique Delay:                           60 sec
  FDXB Detection Scan Time:               120 ms
  VTT Level:                                 128
  Auto VTT Delay:                        240 min
 Measurements:
  Antenna Current Gain:                       95
  Antenna Current Offset:                    110
 Memory:
  Tags Memory Size:                        78583
  Status Reports Memory Size:               1023
  Store Tags To Memory:                  Enabled
  Store VTT To Memory:                   Enabled
  Store Stat. Reports To Memory:         Enabled
 Reports:
  Auto Noise Report Delay:                60 min
  Auto Status Report Delay:              720 min
 Diagnostics:
  Detection Counter:                        1684
  Tags In Memory:                      2943 (3%)
  Status Reports In Memory:            396 (38%)
  Input Voltage:                          23.7 V
  Exciter Voltage:                        19.9 V
  Antenna Tuning:                          Tuned
  Antenna Current:                         4.5 A
  Tuning Capacitors:                         378
  Tuning Phase:                              386
  Tuning Relative Phase:                       3
  FDXB Signal Level:                  54 mV (6%)
  Temperature:                            24.3 C
  Sync. Input Present:                       N/A
  Sec. Master Active:                        N/A
 Active Alarms:
  No Active Alarms
SRP: 01 09/28/2022 15:01:26.100 16,0,0,2,5,3,378,3,38,237,199,45,6,386,243,0,0,0,0,0
INF: End Of Full Status Report
INF: Start Of Noise Report
  Present Noise:                      54 mV (6%)
  Maximum Noise:                     94 mV (10%)
  Average Noise:                      56 mV (6%)
  Time Averaged Over:                    1:00:00
NRP: 01 09/28/2022 15:02:45.000 6,10,6,3600
INF: End Of Noise Report
MSG: 01 09/28/2022 15:12:42.020 Set Caps = 379, I = 4.5 A, PH = 388, dPH = 1
INF: Start Of Noise Report
  Present Noise:                      43 mV (4%)
  Maximum Noise:                     94 mV (10%)
  Average Noise:                      50 mV (5%)
  Time Averaged Over:                    1:00:00
NRP: 01 09/28/2022 16:02:45.000 4,10,5,3600
INF: End Of Noise Report
INF: Start Of Noise Report
  Present Noise:                      54 mV (6%)
  Maximum Noise:                    145 mV (16%)
  Average Noise:                      51 mV (5%)
  Time Averaged Over:                    1:00:00
NRP: 01 09/28/2022 17:02:45.000 6,16,5,3600
INF: End Of Noise Report
INF: Start Of Noise Report
  Present Noise:                      43 mV (4%)
  Maximum Noise:                    108 mV (12%)
  Average Noise:                      51 mV (5%)
  Time Averaged Over:                    1:00:00
NRP: 01 09/28/2022 18:02:45.000 4,12,5,3600
INF: End Of Noise Report
MSG: 01 09/28/2022 19:01:16.100 Test Tag Single Shot Fired
TAG: 01 09/28/2022 19:01:16.130 999.000000007425
MSG: 01 09/28/2022 19:01:16.130 VTT Test Passed
INF: Start Of Noise Report
  Present Noise:                      68 mV (7%)
  Maximum Noise:                    135 mV (15%)
  Average Noise:                      58 mV (6%)
  Time Averaged Over:                    1:00:00
NRP: 01 09/28/2022 19:02:45.000 7,15,6,3600
INF: End Of Noise Report
INF: Start Of Noise Report
  Present Noise:                      44 mV (4%)
  Maximum Noise:                    253 mV (28%)
  Average Noise:                      63 mV (7%)
  Time Averaged Over:                    1:00:00
NRP: 01 09/28/2022 20:02:45.000 4,28,7,3600
INF: End Of Noise Report
TAG: 01 09/28/2022 20:31:33.230 989.001032566816
INF: Start Of Noise Report
  Present Noise:                      44 mV (4%)
  Maximum Noise:                    252 mV (28%)
  Average Noise:                      58 mV (6%)
  Time Averaged Over:                    1:00:00
NRP: 01 09/28/2022 21:02:45.000 4,28,6,3600
INF: End Of Noise Report
TAG: 01 09/28/2022 21:06:11.390 989.001040476364
INF: Start Of Noise Report
  Present Noise:                      68 mV (7%)
  Maximum Noise:                    249 mV (27%)
  Average Noise:                      50 mV (5%)
  Time Averaged Over:                    1:00:00
NRP: 01 09/28/2022 22:02:45.000 7,27,5,3600
INF: End Of Noise Report
TAG: 01 09/28/2022 22:21:37.410 989.001032566978
TAG: 01 09/28/2022 22:24:23.760 989.001032566796
TAG: 01 09/28/2022 22:34:55.240 989.001032566778
MSG: 01 09/28/2022 23:01:16.100 Test Tag Single Shot Fired
TAG: 01 09/28/2022 23:01:16.130 999.000000007425
MSG: 01 09/28/2022 23:01:16.130 VTT Test Passed
INF: Start Of Noise Report
  Present Noise:                      20 mV (2%)
  Maximum Noise:                    287 mV (31%)
  Average Noise:                      44 mV (4%)
  Time Averaged Over:                    1:00:00
NRP: 01 09/28/2022 23:02:45.000 2,31,4,3600
INF: End Of Noise Report
INF: Start Of Noise Report
  Present Noise:                      58 mV (6%)
  Maximum Noise:                    245 mV (27%)
  Average Noise:                      38 mV (4%)
  Time Averaged Over:                    1:00:00
