TAG: 01 09/30/2022 00:00:24.550 989.001034179446
TAG: 01 09/30/2022 00:02:03.650 989.001040476354
INF: Start Of Noise Report
  Present Noise:                      68 mV (7%)
  Maximum Noise:                    289 mV (32%)
  Average Noise:                      65 mV (7%)
  Time Averaged Over:                    1:00:00
NRP: 01 09/30/2022 00:02:45.000 7,32,7,3600
INF: End Of Noise Report
TAG: 01 09/30/2022 00:09:09.850 989.001040476317
TAG: 01 09/30/2022 00:09:45.030 989.001034179446
TAG: 01 09/30/2022 00:10:34.260 989.001040476317
TAG: 01 09/30/2022 00:11:29.500 989.001034179446
TAG: 01 09/30/2022 00:12:30.720 989.001034179446
TAG: 01 09/30/2022 00:57:15.500 989.001034203256
INF: Start Of Noise Report
  Present Noise:                      58 mV (6%)
  Maximum Noise:                    346 mV (38%)
  Average Noise:                      64 mV (7%)
  Time Averaged Over:                    1:00:00
NRP: 01 09/30/2022 01:02:45.000 6,38,7,3600
INF: End Of Noise Report
TAG: 01 09/30/2022 01:09:02.050 989.001034203303
TAG: 01 09/30/2022 01:56:14.740 989.001034179445
INF: Start Of Noise Report
  Present Noise:                      44 mV (4%)
  Maximum Noise:                    468 mV (52%)
  Average Noise:                      64 mV (7%)
  Time Averaged Over:                    1:00:00
NRP: 01 09/30/2022 02:02:45.000 4,52,7,3600
INF: End Of Noise Report
TAG: 01 09/30/2022 02:49:11.660 989.001034179450
TAG: 01 09/30/2022 02:58:27.400 989.001034179421
MSG: 01 09/30/2022 03:01:16.100 Test Tag Single Shot Fired
TAG: 01 09/30/2022 03:01:16.130 999.000000007425
MSG: 01 09/30/2022 03:01:16.130 VTT Test Passed
INF: Start Of Full Status Report
 Reader:
  ID:                                         01
  Model:                                  IS1001
  S/N:                                 2131.4182
  Date:                               09/30/2022
  Time:                                 03:01:26
  Application Firmware Version:            1.7.1
  Operation Mode:                           Scan
  Network Mode:                IS1001 Standalone
  Exciter Sync. Mode:                 Standalone
  Date/Time Sync.:                      Disabled
  Beeper:                               Disabled
  Tag Display Format:                        DEC
  Initiation Delay:                     Disabled
  Auto Standby Voltages:              16 V, 18 V
  Periodic Standby Start Time:              0:00
  Periodic Standby Duration:            Disabled
  Idling Time:                          Disabled
 Alarms:
  Antenna Current Low Alarm:               0.5 A
  Noise High Alarm:                          75%
  Tuning Capacit. High Alarm:                970
  Tuning Capacit. Low Alarm:                  50
  Alarms Unique Delay:                   600 sec
 Antenna/Tuning:
  Exciter Voltage Level:                       5
  Dynamic Tuning:                        Enabled
  Tuning Target Phase:                       389
  Tuning Target Phase Deviation Threshold:     3
 Communication:
  Local Port Speed:                       115200
  Tags To Local Port:                    Enabled
  Alarms To Local Port:                  Enabled
  Messages To Local Port:                Enabled
  Remote Port Protocol:                    ASCII
  Remote Port Transfer Rate:                Full
 Detection:
  HDX Tag Detection:                    Disabled
  Fastag Detection:                     Disabled
  FDXB Tag Signal Level Detection:      Disabled
  BioTherm Tag Temperature Detection:   Disabled
  Detection Counter Enabled:                 Yes
  Unique Mode:                             Delay
  Unique Delay:                           60 sec
  FDXB Detection Scan Time:               120 ms
  VTT Level:                                 128
  Auto VTT Delay:                        240 min
 Measurements:
  Antenna Current Gain:                       95
  Antenna Current Offset:                    110
 Memory:
  Tags Memory Size:                        78583
  Status Reports Memory Size:               1023
  Store Tags To Memory:                  Enabled
  Store VTT To Memory:                   Enabled
  Store Stat. Reports To Memory:         Enabled
 Reports:
  Auto Noise Report Delay:                60 min
  Auto Status Report Delay:              720 min
 Diagnostics:
  Detection Counter:                        1724
  Tags In Memory:                      2992 (3%)
  Status Reports In Memory:            399 (39%)
  Input Voltage:                          23.7 V
  Exciter Voltage:                        19.9 V
  Antenna Tuning:                          Tuned
  Antenna Current:                         4.5 A
  Tuning Capacitors:                         379
  Tuning Phase:                              390
  Tuning Relative Phase:                      -1
  FDXB Signal Level:                  20 mV (2%)
  Temperature:                            21.7 C
  Sync. Input Present:                       N/A
  Sec. Master Active:                        N/A
 Active Alarms:
  No Active Alarms
SRP: 01 09/30/2022 03:01:26.100 16,0,0,2,5,-1,379,3,39,237,199,45,2,390,217,0,0,0,0,0
INF: End Of Full Status Report
INF: Start Of Noise Report
  Present Noise:                      68 mV (7%)
  Maximum Noise:                    319 mV (35%)
  Average Noise:                      62 mV (6%)
  Time Averaged Over:                    1:00:00
NRP: 01 09/30/2022 03:02:45.000 7,35,6,3600
INF: End Of Noise Report
INF: Start Of Noise Report
  Present Noise:                      88 mV (9%)
  Maximum Noise:                    251 mV (27%)
  Average Noise:                      60 mV (6%)
  Time Averaged Over:                    1:00:00
NRP: 01 09/30/2022 04:02:45.000 9,27,6,3600
INF: End Of Noise Report
INF: Start Of Noise Report
  Present Noise:                      20 mV (2%)
  Maximum Noise:                    310 mV (34%)
  Average Noise:                      61 mV (6%)
  Time Averaged Over:                    1:00:00
NRP: 01 09/30/2022 05:02:45.000 2,34,6,3600
INF: End Of Noise Report
TAG: 01 09/30/2022 05:18:40.100 989.001040476319
INF: Start Of Noise Report
  Present Noise:                      58 mV (6%)
  Maximum Noise:                    295 mV (32%)
  Average Noise:                      64 mV (7%)
  Time Averaged Over:                    1:00:00
NRP: 01 09/30/2022 06:02:45.000 6,32,7,3600
INF: End Of Noise Report
MSG: 01 09/30/2022 07:01:16.100 Test Tag Single Shot Fired
TAG: 01 09/30/2022 07:01:16.140 999.000000007425
MSG: 01 09/30/2022 07:01:16.140 VTT Test Passed
INF: Start Of Noise Report
  Present Noise:                      20 mV (2%)
  Maximum Noise:                    261 mV (29%)
  Average Noise:                      41 mV (4%)
  Time Averaged Over:                    1:00:00
NRP: 01 09/30/2022 07:02:45.000 2,29,4,3600
INF: End Of Noise Report
INF: Start Of Noise Report
  Present Noise:                      44 mV (4%)
  Maximum Noise:                    152 mV (16%)
  Average Noise:                      34 mV (3%)
  Time Averaged Over:                    1:00:00
NRP: 01 09/30/2022 08:02:45.000 4,16,3,3600
INF: End Of Noise Report
INF: Start Of Noise Report
  Present Noise:                      44 mV (4%)
  Maximum Noise:                    115 mV (12%)
  Average Noise:                      37 mV (4%)
  Time Averaged Over:                    1:00:00
NRP: 01 09/30/2022 09:02:45.000 4,12,4,3600
INF: End Of Noise Report
INF: Start Of Noise Report
  Present Noise:                      58 mV (6%)
  Maximum Noise:                     93 mV (10%)
  Average Noise:                      54 mV (6%)
  Time Averaged Over:                    1:00:00
NRP: 01 09/30/2022 10:02:45.000 6,10,6,3600
INF: End Of Noise Report
MSG: 01 09/30/2022 11:01:16.100 Test Tag Single Shot Fired
TAG: 01 09/30/2022 11:01:16.140 999.000000007425
MSG: 01 09/30/2022 11:01:16.140 VTT Test Passed
INF: Start Of Noise Report
  Present Noise:                      54 mV (6%)
  Maximum Noise:                     93 mV (10%)
  Average Noise:                      63 mV (7%)
  Time Averaged Over:                    1:00:00
NRP: 01 09/30/2022 11:02:45.000 6,10,7,3600
INF: End Of Noise Report
INF: Start Of Noise Report
  Present Noise:                      54 mV (6%)
  Maximum Noise:                    126 mV (14%)
  Average Noise:                      53 mV (5%)
  Time Averaged Over:                    1:00:00
NRP: 01 09/30/2022 12:02:45.000 6,14,5,3600
INF: End Of Noise Report
INF: Start Of Noise Report
  Present Noise:                      54 mV (6%)
  Maximum Noise:                      81 mV (9%)
  Average Noise:                      53 mV (5%)
  Time Averaged Over:                    1:00:00
NRP: 01 09/30/2022 13:02:45.000 6,9,5,3600
INF: End Of Noise Report
INF: Start Of Noise Report
  Present Noise:                      54 mV (6%)
  Maximum Noise:                      76 mV (8%)
  Average Noise:                      54 mV (6%)
  Time Averaged Over:                    1:00:00
NRP: 01 09/30/2022 14:02:45.000 6,8,6,3600
INF: End Of Noise Report
MSG: 01 09/30/2022 15:01:16.100 Test Tag Single Shot Fired
TAG: 01 09/30/2022 15:01:16.140 999.000000007425
MSG: 01 09/30/2022 15:01:16.140 VTT Test Passed
INF: Start Of Full Status Report
 Reader:
  ID:                                         01
  Model:                                  IS1001
  S/N:                                 2131.4182
  Date:                               09/30/2022
  Time:                                 15:01:26
  Application Firmware Version:            1.7.1
  Operation Mode:                           Scan
  Network Mode:                IS1001 Standalone
  Exciter Sync. Mode:                 Standalone
  Date/Time Sync.:                      Disabled
  Beeper:                               Disabled
  Tag Display Format:                        DEC
  Initiation Delay:                     Disabled
  Auto Standby Voltages:              16 V, 18 V
  Periodic Standby Start Time:              0:00
  Periodic Standby Duration:            Disabled
  Idling Time:                          Disabled
 Alarms:
  Antenna Current Low Alarm:               0.5 A
  Noise High Alarm:                          75%
  Tuning Capacit. High Alarm:                970
  Tuning Capacit. Low Alarm:                  50
  Alarms Unique Delay:                   600 sec
 Antenna/Tuning:
  Exciter Voltage Level:                       5
  Dynamic Tuning:                        Enabled
  Tuning Target Phase:                       389
  Tuning Target Phase Deviation Threshold:     3
 Communication:
  Local Port Speed:                       115200
  Tags To Local Port:                    Enabled
  Alarms To Local Port:                  Enabled
  Messages To Local Port:                Enabled
  Remote Port Protocol:                    ASCII
  Remote Port Transfer Rate:                Full
 Detection:
  HDX Tag Detection:                    Disabled
  Fastag Detection:                     Disabled
  FDXB Tag Signal Level Detection:      Disabled
  BioTherm Tag Temperature Detection:   Disabled
  Detection Counter Enabled:                 Yes
  Unique Mode:                             Delay
  Unique Delay:                           60 sec
  FDXB Detection Scan Time:               120 ms
  VTT Level:                                 128
  Auto VTT Delay:                        240 min
 Measurements:
  Antenna Current Gain:                       95
  Antenna Current Offset:                    110
 Memory:
  Tags Memory Size:                        78583
  Status Reports Memory Size:               1023
  Store Tags To Memory:                  Enabled
  Store VTT To Memory:                   Enabled
  Store Stat. Reports To Memory:         Enabled
 Reports:
  Auto Noise Report Delay:                60 min
  Auto Status Report Delay:              720 min
 Diagnostics:
  Detection Counter:                        1725
  Tags In Memory:                      2996 (3%)
  Status Reports In Memory:            400 (39%)
  Input Voltage:                          23.7 V
  Exciter Voltage:                        19.9 V
  Antenna Tuning:                          Tuned
  Antenna Current:                         4.5 A
  Tuning Capacitors:                         379
  Tuning Phase:                              387
  Tuning Relative Phase:                       2
  FDXB Signal Level:                  54 mV (6%)
  Temperature:                            27.8 C
  Sync. Input Present:                       N/A
  Sec. Master Active:                        N/A
 Active Alarms:
  No Active Alarms
SRP: 01 09/30/2022 15:01:26.100 16,0,0,2,5,2,379,3,39,237,199,45,6,387,278,0,0,0,0,0
INF: End Of Full Status Report
INF: Start Of Noise Report
  Present Noise:                      54 mV (6%)
  Maximum Noise:                    128 mV (14%)
  Average Noise:                      54 mV (6%)
  Time Averaged Over:                    1:00:00
NRP: 01 09/30/2022 15:02:45.000 6,14,6,3600
INF: End Of Noise Report
INF: Start Of Noise Report
  Present Noise:                      46 mV (5%)
  Maximum Noise:                    162 mV (18%)
  Average Noise:                      50 mV (5%)
  Time Averaged Over:                    1:00:00
NRP: 01 09/30/2022 16:02:45.000 5,18,5,3600
INF: End Of Noise Report
INF: Start Of Noise Report
  Present Noise:                      46 mV (5%)
  Maximum Noise:                      86 mV (9%)
  Average Noise:                      48 mV (5%)
  Time Averaged Over:                    1:00:00
NRP: 01 09/30/2022 17:02:45.000 5,9,5,3600
INF: End Of Noise Report
INF: Start Of Noise Report
  Present Noise:                      76 mV (8%)
  Maximum Noise:                     94 mV (10%)
  Average Noise:                      55 mV (6%)
  Time Averaged Over:                    1:00:00
NRP: 01 09/30/2022 18:02:45.000 8,10,6,3600
INF: End Of Noise Report
MSG: 01 09/30/2022 18:33:51.020 Set Caps = 380, I = 4.5 A, PH = 389, dPH = 0
TAG: 01 09/30/2022 18:52:53.460 989.001040476393
MSG: 01 09/30/2022 19:01:16.100 Test Tag Single Shot Fired
TAG: 01 09/30/2022 19:01:16.130 999.000000007425
MSG: 01 09/30/2022 19:01:16.130 VTT Test Passed
INF: Start Of Noise Report
  Present Noise:                      54 mV (6%)
  Maximum Noise:                    288 mV (32%)
  Average Noise:                      55 mV (6%)
  Time Averaged Over:                    1:00:00
NRP: 01 09/30/2022 19:02:45.000 6,32,6,3600
INF: End Of Noise Report
INF: Start Of Noise Report
  Present Noise:                      54 mV (6%)
  Maximum Noise:                    248 mV (27%)
  Average Noise:                      64 mV (7%)
  Time Averaged Over:                    1:00:00
NRP: 01 09/30/2022 20:02:45.000 6,27,7,3600
INF: End Of Noise Report
TAG: 01 09/30/2022 20:41:03.140 989.001034179450
TAG: 01 09/30/2022 20:41:50.620 989.001034179490
TAG: 01 09/30/2022 20:42:40.200 989.001032566806
TAG: 01 09/30/2022 20:55:20.090 989.001034203303
TAG: 01 09/30/2022 20:56:39.410 989.001034203303
TAG: 01 09/30/2022 20:57:48.270 989.001034203303
INF: Start Of Noise Report
  Present Noise:                      54 mV (6%)
  Maximum Noise:                    303 mV (33%)
  Average Noise:                      61 mV (6%)
  Time Averaged Over:                    1:00:00
NRP: 01 09/30/2022 21:02:45.000 6,33,6,3600
INF: End Of Noise Report
TAG: 01 09/30/2022 21:12:44.650 989.001040476364
TAG: 01 09/30/2022 21:13:45.770 989.001040476364
TAG: 01 09/30/2022 21:50:39.490 989.001032566827
TAG: 01 09/30/2022 21:52:22.390 989.001032566827
TAG: 01 09/30/2022 21:53:22.020 989.001032566827
TAG: 01 09/30/2022 21:56:46.170 989.001032566978
INF: Start Of Noise Report
  Present Noise:                    134 mV (14%)
  Maximum Noise:                    252 mV (28%)
  Average Noise:                      60 mV (6%)
  Time Averaged Over:                    1:00:00
NRP: 01 09/30/2022 22:02:45.000 14,28,6,3600
INF: End Of Noise Report
TAG: 01 09/30/2022 22:11:21.950 989.001032566796
MSG: 01 09/30/2022 23:01:16.100 Test Tag Single Shot Fired
TAG: 01 09/30/2022 23:01:16.140 999.000000007425
MSG: 01 09/30/2022 23:01:16.140 VTT Test Passed
INF: Start Of Noise Report
  Present Noise:                      54 mV (6%)
  Maximum Noise:                    248 mV (27%)
  Average Noise:                      59 mV (6%)
  Time Averaged Over:                    1:00:00
NRP: 01 09/30/2022 23:02:45.000 6,27,6,3600
INF: End Of Noise Report
TAG: 01 09/30/2022 23:49:22.220 989.001032566756
TAG: 01 09/30/2022 23:56:05.880 989.001032566756
INF: Start Of Noise Report
  Present Noise:                      68 mV (7%)
  Maximum Noise:                    271 mV (30%)
  Average Noise:                      69 mV (7%)
  Time Averaged Over:                    1:00:00
