TAG: 04 09/04/2023 00:07:35.860 989.001032566799
TAG: 04 09/04/2023 00:11:13.260 989.001040476344
TAG: 04 09/04/2023 00:20:46.730 989.001032566809
ALM: 04 09/04/2023 00:45:12.000 Reports Memory Full
TAG: 04 09/04/2023 00:48:39.450 989.001034179464
TAG: 04 09/04/2023 00:54:05.270 989.001034203280
TAG: 04 09/04/2023 01:07:55.110 989.001040476312
TAG: 04 09/04/2023 01:15:14.330 989.001040476367
TAG: 04 09/04/2023 01:16:31.150 989.001040476367
TAG: 04 09/04/2023 01:18:09.430 989.001040476367
TAG: 04 09/04/2023 01:31:13.990 989.001034203211
TAG: 04 09/04/2023 01:37:56.110 989.001032567411
TAG: 04 09/04/2023 01:44:45.920 989.001034179486
ALM: 04 09/04/2023 01:45:12.000 Reports Memory Full
MSG: 04 09/04/2023 01:45:13.100 Test Tag Single Shot Fired
TAG: 04 09/04/2023 01:45:13.130 999.000000007428
MSG: 04 09/04/2023 01:45:13.130 VTT Test Passed
TAG: 04 09/04/2023 01:47:39.540 989.001034179490
TAG: 04 09/04/2023 01:51:30.490 989.001034203251
TAG: 04 09/04/2023 01:58:39.660 989.001034203245
TAG: 04 09/04/2023 02:03:11.840 989.001034179460
TAG: 04 09/04/2023 02:06:22.580 989.001040476327
TAG: 04 09/04/2023 02:07:25.240 989.001040476327
TAG: 04 09/04/2023 02:08:30.120 989.001040476327
TAG: 04 09/04/2023 02:11:37.610 989.001032566809
TAG: 04 09/04/2023 02:12:41.180 989.001041204661
TAG: 04 09/04/2023 02:15:15.910 989.001041204683
TAG: 04 09/04/2023 02:16:29.430 989.001041204683
TAG: 04 09/04/2023 02:17:29.420 989.001041204683
TAG: 04 09/04/2023 02:31:37.700 989.001040476403
TAG: 04 09/04/2023 02:37:53.970 989.001032567404
TAG: 04 09/04/2023 02:41:15.320 989.001040476346
TAG: 04 09/04/2023 02:43:00.180 989.001041204643
ALM: 04 09/04/2023 02:45:12.000 Reports Memory Full
TAG: 04 09/04/2023 02:46:41.550 989.001034179409
TAG: 04 09/04/2023 02:49:08.930 989.001041204604
TAG: 04 09/04/2023 02:56:35.520 989.001032566826
TAG: 04 09/04/2023 02:58:12.900 989.001040476353
TAG: 04 09/04/2023 03:04:15.330 989.001034203229
TAG: 04 09/04/2023 03:13:25.410 989.001032566799
TAG: 04 09/04/2023 03:20:45.950 989.001041204600
TAG: 04 09/04/2023 03:24:53.190 989.001040476344
TAG: 04 09/04/2023 03:27:42.540 989.001034203259
MSG: 04 09/04/2023 03:35:45.320 Set Caps = 476, I = 4.6 A, PH = 383, dPH = 5
MSG: 04 09/04/2023 03:35:45.420 Set Caps = 477, I = 4.6 A, PH = 382, dPH = 6
MSG: 04 09/04/2023 03:35:45.520 Set Caps = 478, I = 4.6 A, PH = 382, dPH = 6
MSG: 04 09/04/2023 03:35:45.620 Set Caps = 479, I = 4.6 A, PH = 383, dPH = 5
MSG: 04 09/04/2023 03:35:45.720 Set Caps = 480, I = 4.5 A, PH = 387, dPH = 1
MSG: 04 09/04/2023 03:35:45.820 Set Caps = 481, I = 4.6 A, PH = 385, dPH = 3
MSG: 04 09/04/2023 03:35:47.120 Set Caps = 480, I = 4.6 A, PH = 390, dPH = -2
MSG: 04 09/04/2023 03:35:49.420 Set Caps = 479, I = 4.5 A, PH = 394, dPH = -6
MSG: 04 09/04/2023 03:36:27.920 Set Caps = 478, I = 4.6 A, PH = 390, dPH = -2
ALM: 04 09/04/2023 03:45:12.000 Reports Memory Full
INF: Start Of Full Status Report
 Reader:
  ID:                                         04
  Model:                                  IS1001
  S/N:                                 2032.3563
  Date:                               09/04/2023
  Time:                                 03:45:13
  Application Firmware Version:            1.7.1
  Operation Mode:                           Scan
  Network Mode:                IS1001 Standalone
  Exciter Sync. Mode:                 Standalone
  Date/Time Sync.:                      Disabled
  Beeper:                               Disabled
  Tag Display Format:                        DEC
  Initiation Delay:                     Disabled
  Auto Standby Voltages:              16 V, 18 V
  Periodic Standby Start Time:              0:00
  Periodic Standby Duration:            Disabled
  Idling Time:                          Disabled
 Alarms:
  Antenna Current Low Alarm:               0.5 A
  Noise High Alarm:                          75%
  Tuning Capacit. High Alarm:                970
  Tuning Capacit. Low Alarm:                  50
  Alarms Unique Delay:                  3600 sec
 Antenna/Tuning:
  Exciter Voltage Level:                       5
  Dynamic Tuning:                        Enabled
  Tuning Target Phase:                       388
  Tuning Target Phase Deviation Threshold:     3
 Communication:
  Local Port Speed:                       115200
  Tags To Local Port:                    Enabled
  Alarms To Local Port:                  Enabled
  Messages To Local Port:                Enabled
  Remote Port Protocol:                    ASCII
  Remote Port Transfer Rate:                Full
 Detection:
  HDX Tag Detection:                    Disabled
  Fastag Detection:                     Disabled
  FDXB Tag Signal Level Detection:      Disabled
  BioTherm Tag Temperature Detection:   Disabled
  Detection Counter Enabled:                 Yes
  Unique Mode:                             Delay
  Unique Delay:                           60 sec
  FDXB Detection Scan Time:               120 ms
  VTT Level:                                 128
  Auto VTT Delay:                        180 min
 Measurements:
  Antenna Current Gain:                      112
  Antenna Current Offset:                    110
 Memory:
  Tags Memory Size:                        78583
  Status Reports Memory Size:               1023
  Store Tags To Memory:                  Enabled
  Store VTT To Memory:                   Enabled
  Store Stat. Reports To Memory:         Enabled
 Reports:
  Auto Noise Report Delay:              Disabled
  Auto Status Report Delay:              240 min
 Diagnostics:
  Detection Counter:                         714
  Tags In Memory:                    15389 (19%)
  Status Reports In Memory:           1022 (99%)
  Input Voltage:                          23.6 V
  Exciter Voltage:                        20.0 V
  Antenna Tuning:                          Tuned
  Antenna Current:                         4.6 A
  Tuning Capacitors:                         478
  Tuning Phase:                              390
  Tuning Relative Phase:                      -2
  FDXB Signal Level:                  65 mV (7%)
  Temperature:                            32.5 C
  Sync. Input Present:                       N/A
  Sec. Master Active:                        N/A
 Active Alarms:
  Reports Memory Full
SRP: 04 09/04/2023 03:45:13.600 16,0,0,2,5,-2,478,19,99,236,200,46,7,390,325,21,0,0,0,0
INF: End Of Full Status Report
TAG: 04 09/04/2023 03:48:37.290 989.001032566809
TAG: 04 09/04/2023 03:54:31.010 989.001041204616
TAG: 04 09/04/2023 03:54:44.790 989.001032566972
TAG: 04 09/04/2023 03:56:27.040 989.001041204661
TAG: 04 09/04/2023 04:21:29.020 989.001041204686
TAG: 04 09/04/2023 04:43:03.000 989.001034203300
ALM: 04 09/04/2023 04:45:12.000 Reports Memory Full
MSG: 04 09/04/2023 04:45:13.100 Test Tag Single Shot Fired
TAG: 04 09/04/2023 04:45:13.130 999.000000007428
MSG: 04 09/04/2023 04:45:13.130 VTT Test Passed
TAG: 04 09/04/2023 04:51:27.310 989.001032566768
TAG: 04 09/04/2023 05:03:21.490 989.001041204661
TAG: 04 09/04/2023 05:30:30.460 989.001041204655
ALM: 04 09/04/2023 05:45:12.000 Reports Memory Full
ALM: 04 09/04/2023 06:45:12.000 Reports Memory Full
ALM: 04 09/04/2023 07:45:12.000 Reports Memory Full
MSG: 04 09/04/2023 07:45:13.100 Test Tag Single Shot Fired
TAG: 04 09/04/2023 07:45:13.130 999.000000007428
MSG: 04 09/04/2023 07:45:13.130 VTT Test Passed
INF: Start Of Full Status Report
 Reader:
  ID:                                         04
  Model:                                  IS1001
  S/N:                                 2032.3563
  Date:                               09/04/2023
  Time:                                 07:45:23
  Application Firmware Version:            1.7.1
  Operation Mode:                           Scan
  Network Mode:                IS1001 Standalone
  Exciter Sync. Mode:                 Standalone
  Date/Time Sync.:                      Disabled
  Beeper:                               Disabled
  Tag Display Format:                        DEC
  Initiation Delay:                     Disabled
  Auto Standby Voltages:              16 V, 18 V
  Periodic Standby Start Time:              0:00
  Periodic Standby Duration:            Disabled
  Idling Time:                          Disabled
 Alarms:
  Antenna Current Low Alarm:               0.5 A
  Noise High Alarm:                          75%
  Tuning Capacit. High Alarm:                970
  Tuning Capacit. Low Alarm:                  50
  Alarms Unique Delay:                  3600 sec
 Antenna/Tuning:
  Exciter Voltage Level:                       5
  Dynamic Tuning:                        Enabled
  Tuning Target Phase:                       388
  Tuning Target Phase Deviation Threshold:     3
 Communication:
  Local Port Speed:                       115200
  Tags To Local Port:                    Enabled
  Alarms To Local Port:                  Enabled
  Messages To Local Port:                Enabled
  Remote Port Protocol:                    ASCII
  Remote Port Transfer Rate:                Full
 Detection:
  HDX Tag Detection:                    Disabled
  Fastag Detection:                     Disabled
  FDXB Tag Signal Level Detection:      Disabled
  BioTherm Tag Temperature Detection:   Disabled
  Detection Counter Enabled:                 Yes
  Unique Mode:                             Delay
  Unique Delay:                           60 sec
  FDXB Detection Scan Time:               120 ms
  VTT Level:                                 128
  Auto VTT Delay:                        180 min
 Measurements:
  Antenna Current Gain:                      112
  Antenna Current Offset:                    110
 Memory:
  Tags Memory Size:                        78583
  Status Reports Memory Size:               1023
  Store Tags To Memory:                  Enabled
  Store VTT To Memory:                   Enabled
  Store Stat. Reports To Memory:         Enabled
 Reports:
  Auto Noise Report Delay:              Disabled
  Auto Status Report Delay:              240 min
 Diagnostics:
  Detection Counter:                         723
  Tags In Memory:                    15400 (19%)
  Status Reports In Memory:          1023 (100%)
  Input Voltage:                          23.6 V
  Exciter Voltage:                        20.0 V
  Antenna Tuning:                          Tuned
  Antenna Current:                         4.6 A
  Tuning Capacitors:                         478
  Tuning Phase:                              391
  Tuning Relative Phase:                      -3
  FDXB Signal Level:                  75 mV (8%)
  Temperature:                            31.9 C
  Sync. Input Present:                       N/A
  Sec. Master Active:                        N/A
 Active Alarms:
  Reports Memory Full
SRP: 04 09/04/2023 07:45:23.100 16,0,0,2,5,-3,478,19,100,236,200,46,8,391,319,21,0,0,0,0
INF: End Of Full Status Report
MSG: 04 09/04/2023 08:39:37.020 Set Caps = 477, I = 4.6 A, PH = 391, dPH = -3
ALM: 04 09/04/2023 08:45:12.000 Reports Memory Full
ALM: 04 09/04/2023 09:45:12.000 Reports Memory Full
ALM: 04 09/04/2023 10:45:12.000 Reports Memory Full
MSG: 04 09/04/2023 10:45:13.100 Test Tag Single Shot Fired
TAG: 04 09/04/2023 10:45:13.130 999.000000007428
MSG: 04 09/04/2023 10:45:13.130 VTT Test Passed
ALM: 04 09/04/2023 11:45:12.000 Reports Memory Full
INF: Start Of Full Status Report
 Reader:
  ID:                                         04
  Model:                                  IS1001
  S/N:                                 2032.3563
  Date:                               09/04/2023
  Time:                                 11:45:13
  Application Firmware Version:            1.7.1
  Operation Mode:                           Scan
  Network Mode:                IS1001 Standalone
  Exciter Sync. Mode:                 Standalone
  Date/Time Sync.:                      Disabled
  Beeper:                               Disabled
  Tag Display Format:                        DEC
  Initiation Delay:                     Disabled
  Auto Standby Voltages:              16 V, 18 V
  Periodic Standby Start Time:              0:00
  Periodic Standby Duration:            Disabled
  Idling Time:                          Disabled
 Alarms:
  Antenna Current Low Alarm:               0.5 A
  Noise High Alarm:                          75%
  Tuning Capacit. High Alarm:                970
  Tuning Capacit. Low Alarm:                  50
  Alarms Unique Delay:                  3600 sec
 Antenna/Tuning:
  Exciter Voltage Level:                       5
  Dynamic Tuning:                        Enabled
  Tuning Target Phase:                       388
  Tuning Target Phase Deviation Threshold:     3
 Communication:
  Local Port Speed:                       115200
  Tags To Local Port:                    Enabled
  Alarms To Local Port:                  Enabled
  Messages To Local Port:                Enabled
  Remote Port Protocol:                    ASCII
  Remote Port Transfer Rate:                Full
 Detection:
  HDX Tag Detection:                    Disabled
  Fastag Detection:                     Disabled
  FDXB Tag Signal Level Detection:      Disabled
  BioTherm Tag Temperature Detection:   Disabled
  Detection Counter Enabled:                 Yes
  Unique Mode:                             Delay
  Unique Delay:                           60 sec
  FDXB Detection Scan Time:               120 ms
  VTT Level:                                 128
  Auto VTT Delay:                        180 min
 Measurements:
  Antenna Current Gain:                      112
  Antenna Current Offset:                    110
 Memory:
  Tags Memory Size:                        78583
  Status Reports Memory Size:               1023
  Store Tags To Memory:                  Enabled
  Store VTT To Memory:                   Enabled
  Store Stat. Reports To Memory:         Enabled
 Reports:
  Auto Noise Report Delay:              Disabled
  Auto Status Report Delay:              240 min
 Diagnostics:
  Detection Counter:                         723
  Tags In Memory:                    15401 (19%)
  Status Reports In Memory:           1020 (99%)
  Input Voltage:                          23.6 V
  Exciter Voltage:                        20.0 V
  Antenna Tuning:                          Tuned
  Antenna Current:                         4.6 A
  Tuning Capacitors:                         477
  Tuning Phase:                              391
  Tuning Relative Phase:                      -3
  FDXB Signal Level:                  65 mV (7%)
  Temperature:                            32.5 C
  Sync. Input Present:                       N/A
  Sec. Master Active:                        N/A
 Active Alarms:
  Reports Memory Full
SRP: 04 09/04/2023 11:45:13.600 16,0,0,2,5,-2,477,19,99,236,200,46,7,390,325,21,0,0,0,0
INF: End Of Full Status Report
ALM: 04 09/04/2023 12:45:12.000 Reports Memory Full
ALM: 04 09/04/2023 13:45:12.000 Reports Memory Full
MSG: 04 09/04/2023 13:45:13.100 Test Tag Single Shot Fired
TAG: 04 09/04/2023 13:45:13.130 999.000000007428
MSG: 04 09/04/2023 13:45:13.130 VTT Test Passed
ALM: 04 09/04/2023 14:45:12.000 Reports Memory Full
ALM: 04 09/04/2023 15:45:12.000 Reports Memory Full
INF: Start Of Full Status Report
 Reader:
  ID:                                         04
  Model:                                  IS1001
  S/N:                                 2032.3563
  Date:                               09/04/2023
  Time:                                 15:45:13
  Application Firmware Version:            1.7.1
  Operation Mode:                           Scan
  Network Mode:                IS1001 Standalone
  Exciter Sync. Mode:                 Standalone
  Date/Time Sync.:                      Disabled
  Beeper:                               Disabled
  Tag Display Format:                        DEC
  Initiation Delay:                     Disabled
  Auto Standby Voltages:              16 V, 18 V
  Periodic Standby Start Time:              0:00
  Periodic Standby Duration:            Disabled
  Idling Time:                          Disabled
 Alarms:
  Antenna Current Low Alarm:               0.5 A
  Noise High Alarm:                          75%
  Tuning Capacit. High Alarm:                970
  Tuning Capacit. Low Alarm:                  50
  Alarms Unique Delay:                  3600 sec
 Antenna/Tuning:
  Exciter Voltage Level:                       5
  Dynamic Tuning:                        Enabled
  Tuning Target Phase:                       388
  Tuning Target Phase Deviation Threshold:     3
 Communication:
  Local Port Speed:                       115200
  Tags To Local Port:                    Enabled
  Alarms To Local Port:                  Enabled
  Messages To Local Port:                Enabled
  Remote Port Protocol:                    ASCII
  Remote Port Transfer Rate:                Full
 Detection:
  HDX Tag Detection:                    Disabled
  Fastag Detection:                     Disabled
  FDXB Tag Signal Level Detection:      Disabled
  BioTherm Tag Temperature Detection:   Disabled
  Detection Counter Enabled:                 Yes
  Unique Mode:                             Delay
  Unique Delay:                           60 sec
  FDXB Detection Scan Time:               120 ms
  VTT Level:                                 128
  Auto VTT Delay:                        180 min
 Measurements:
  Antenna Current Gain:                      112
  Antenna Current Offset:                    110
 Memory:
  Tags Memory Size:                        78583
  Status Reports Memory Size:               1023
  Store Tags To Memory:                  Enabled
  Store VTT To Memory:                   Enabled
  Store Stat. Reports To Memory:         Enabled
 Reports:
  Auto Noise Report Delay:              Disabled
  Auto Status Report Delay:              240 min
 Diagnostics:
  Detection Counter:                         723
  Tags In Memory:                    15402 (19%)
  Status Reports In Memory:           1021 (99%)
  Input Voltage:                          23.6 V
  Exciter Voltage:                        20.0 V
  Antenna Tuning:                          Tuned
  Antenna Current:                         4.6 A
  Tuning Capacitors:                         477
  Tuning Phase:                              389
  Tuning Relative Phase:                      -1
  FDXB Signal Level:                  65 mV (7%)
  Temperature:                            34.1 C
  Sync. Input Present:                       N/A
  Sec. Master Active:                        N/A
 Active Alarms:
  Reports Memory Full
SRP: 04 09/04/2023 15:45:13.600 16,0,0,2,5,-1,477,19,99,236,200,46,7,389,341,21,0,0,0,0
INF: End Of Full Status Report
ALM: 04 09/04/2023 16:45:12.000 Reports Memory Full
MSG: 04 09/04/2023 16:45:13.100 Test Tag Single Shot Fired
TAG: 04 09/04/2023 16:45:13.130 999.000000007428
MSG: 04 09/04/2023 16:45:13.130 VTT Test Passed
ALM: 04 09/04/2023 17:45:12.000 Reports Memory Full
ALM: 04 09/04/2023 18:45:12.000 Reports Memory Full
ALM: 04 09/04/2023 19:45:12.000 Reports Memory Full
MSG: 04 09/04/2023 19:45:13.100 Test Tag Single Shot Fired
TAG: 04 09/04/2023 19:45:13.130 999.000000007428
MSG: 04 09/04/2023 19:45:13.130 VTT Test Passed
INF: Start Of Full Status Report
 Reader:
  ID:                                         04
  Model:                                  IS1001
  S/N:                                 2032.3563
  Date:                               09/04/2023
  Time:                                 19:45:23
  Application Firmware Version:            1.7.1
  Operation Mode:                           Scan
  Network Mode:                IS1001 Standalone
  Exciter Sync. Mode:                 Standalone
  Date/Time Sync.:                      Disabled
  Beeper:                               Disabled
  Tag Display Format:                        DEC
  Initiation Delay:                     Disabled
  Auto Standby Voltages:              16 V, 18 V
  Periodic Standby Start Time:              0:00
  Periodic Standby Duration:            Disabled
  Idling Time:                          Disabled
 Alarms:
  Antenna Current Low Alarm:               0.5 A
  Noise High Alarm:                          75%
  Tuning Capacit. High Alarm:                970
  Tuning Capacit. Low Alarm:                  50
  Alarms Unique Delay:                  3600 sec
 Antenna/Tuning:
  Exciter Voltage Level:                       5
  Dynamic Tuning:                        Enabled
  Tuning Target Phase:                       388
  Tuning Target Phase Deviation Threshold:     3
 Communication:
  Local Port Speed:                       115200
  Tags To Local Port:                    Enabled
  Alarms To Local Port:                  Enabled
  Messages To Local Port:                Enabled
  Remote Port Protocol:                    ASCII
  Remote Port Transfer Rate:                Full
 Detection:
  HDX Tag Detection:                    Disabled
  Fastag Detection:                     Disabled
  FDXB Tag Signal Level Detection:      Disabled
  BioTherm Tag Temperature Detection:   Disabled
  Detection Counter Enabled:                 Yes
  Unique Mode:                             Delay
  Unique Delay:                           60 sec
  FDXB Detection Scan Time:               120 ms
  VTT Level:                                 128
  Auto VTT Delay:                        180 min
 Measurements:
  Antenna Current Gain:                      112
  Antenna Current Offset:                    110
 Memory:
  Tags Memory Size:                        78583
  Status Reports Memory Size:               1023
  Store Tags To Memory:                  Enabled
  Store VTT To Memory:                   Enabled
  Store Stat. Reports To Memory:         Enabled
 Reports:
  Auto Noise Report Delay:              Disabled
  Auto Status Report Delay:              240 min
 Diagnostics:
  Detection Counter:                         723
  Tags In Memory:                    15404 (19%)
  Status Reports In Memory:           1022 (99%)
  Input Voltage:                          23.6 V
  Exciter Voltage:                        20.0 V
  Antenna Tuning:                          Tuned
  Antenna Current:                         4.6 A
  Tuning Capacitors:                         477
  Tuning Phase:                              389
  Tuning Relative Phase:                      -1
  FDXB Signal Level:                133 mV (14%)
  Temperature:                            34.5 C
  Sync. Input Present:                       N/A
  Sec. Master Active:                        N/A
 Active Alarms:
  Reports Memory Full
SRP: 04 09/04/2023 19:45:23.100 16,0,0,2,5,-1,477,19,99,236,200,46,14,389,345,21,0,0,0,0
INF: End Of Full Status Report
TAG: 04 09/04/2023 20:10:53.950 989.001040476337
TAG: 04 09/04/2023 20:27:36.170 989.001032566827
TAG: 04 09/04/2023 20:31:38.410 989.001034203300
TAG: 04 09/04/2023 20:34:01.240 989.001034203280
TAG: 04 09/04/2023 20:44:36.650 989.001040476353
ALM: 04 09/04/2023 20:45:12.000 Reports Memory Full
TAG: 04 09/04/2023 20:58:07.980 989.001040476312
TAG: 04 09/04/2023 20:58:53.980 989.001041204616
TAG: 04 09/04/2023 21:05:33.520 989.001034179446
TAG: 04 09/04/2023 21:11:02.960 989.001041204625
TAG: 04 09/04/2023 21:14:59.280 989.001034179486
TAG: 04 09/04/2023 21:20:25.500 989.001034179490
TAG: 04 09/04/2023 21:21:54.580 989.001032566754
TAG: 04 09/04/2023 21:27:24.910 989.001034203285
TAG: 04 09/04/2023 21:34:23.950 989.001032566826
TAG: 04 09/04/2023 21:34:33.410 989.001032566795
TAG: 04 09/04/2023 21:38:28.360 989.001034203229
TAG: 04 09/04/2023 21:39:51.800 989.001034203251
ALM: 04 09/04/2023 21:45:12.000 Reports Memory Full
TAG: 04 09/04/2023 21:47:58.590 989.001041204655
TAG: 04 09/04/2023 21:48:57.660 989.001041204598
TAG: 04 09/04/2023 21:50:08.410 989.001041204598
TAG: 04 09/04/2023 21:51:08.390 989.001034179464
TAG: 04 09/04/2023 21:52:02.830 989.001041204598
TAG: 04 09/04/2023 21:53:05.750 989.001041204598
TAG: 04 09/04/2023 21:54:48.960 989.001034179409
TAG: 04 09/04/2023 21:56:50.110 989.001034203211
TAG: 04 09/04/2023 22:00:23.950 989.001034179401
TAG: 04 09/04/2023 22:01:50.620 989.001032566808
TAG: 04 09/04/2023 22:03:09.870 989.001040476390
TAG: 04 09/04/2023 22:11:30.310 989.001034203245
TAG: 04 09/04/2023 22:14:52.950 989.001041204643
TAG: 04 09/04/2023 22:24:48.420 989.001041204661
TAG: 04 09/04/2023 22:25:38.890 989.001032567368
TAG: 04 09/04/2023 22:29:26.910 989.001040476359
TAG: 04 09/04/2023 22:31:41.020 989.001040476337
TAG: 04 09/04/2023 22:31:48.200 989.001041204688
TAG: 04 09/04/2023 22:38:01.890 989.001032566949
ALM: 04 09/04/2023 22:45:12.000 Reports Memory Full
MSG: 04 09/04/2023 22:45:13.100 Test Tag Single Shot Fired
TAG: 04 09/04/2023 22:45:13.130 999.000000007428
MSG: 04 09/04/2023 22:45:13.130 VTT Test Passed
TAG: 04 09/04/2023 22:50:03.650 989.001032566806
TAG: 04 09/04/2023 22:55:34.290 989.001041204607
TAG: 04 09/04/2023 22:56:50.230 989.001041204607
TAG: 04 09/04/2023 23:04:51.520 989.001032566972
TAG: 04 09/04/2023 23:06:24.860 989.001040476367
TAG: 04 09/04/2023 23:25:37.360 989.001034179464
TAG: 04 09/04/2023 23:44:53.230 989.001041204630
ALM: 04 09/04/2023 23:45:12.000 Reports Memory Full
INF: Start Of Full Status Report
 Reader:
  ID:                                         04
  Model:                                  IS1001
  S/N:                                 2032.3563
  Date:                               09/04/2023
  Time:                                 23:45:13
  Application Firmware Version:            1.7.1
  Operation Mode:                           Scan
  Network Mode:                IS1001 Standalone
  Exciter Sync. Mode:                 Standalone
  Date/Time Sync.:                      Disabled
  Beeper:                               Disabled
  Tag Display Format:                        DEC
  Initiation Delay:                     Disabled
  Auto Standby Voltages:              16 V, 18 V
  Periodic Standby Start Time:              0:00
  Periodic Standby Duration:            Disabled
  Idling Time:                          Disabled
 Alarms:
  Antenna Current Low Alarm:               0.5 A
  Noise High Alarm:                          75%
  Tuning Capacit. High Alarm:                970
  Tuning Capacit. Low Alarm:                  50
  Alarms Unique Delay:                  3600 sec
 Antenna/Tuning:
  Exciter Voltage Level:                       5
  Dynamic Tuning:                        Enabled
  Tuning Target Phase:                       388
  Tuning Target Phase Deviation Threshold:     3
 Communication:
  Local Port Speed:                       115200
  Tags To Local Port:                    Enabled
  Alarms To Local Port:                  Enabled
  Messages To Local Port:                Enabled
  Remote Port Protocol:                    ASCII
  Remote Port Transfer Rate:                Full
 Detection:
  HDX Tag Detection:                    Disabled
  Fastag Detection:                     Disabled
  FDXB Tag Signal Level Detection:      Disabled
  BioTherm Tag Temperature Detection:   Disabled
  Detection Counter Enabled:                 Yes
  Unique Mode:                             Delay
  Unique Delay:                           60 sec
  FDXB Detection Scan Time:               120 ms
  VTT Level:                                 128
  Auto VTT Delay:                        180 min
 Measurements:
  Antenna Current Gain:                      112
  Antenna Current Offset:                    110
 Memory:
  Tags Memory Size:                        78583
  Status Reports Memory Size:               1023
  Store Tags To Memory:                  Enabled
  Store VTT To Memory:                   Enabled
  Store Stat. Reports To Memory:         Enabled
 Reports:
  Auto Noise Report Delay:              Disabled
  Auto Status Report Delay:              240 min
 Diagnostics:
  Detection Counter:                         766
  Tags In Memory:                    15448 (19%)
  Status Reports In Memory:          1023 (100%)
  Input Voltage:                          23.6 V
  Exciter Voltage:                        20.0 V
  Antenna Tuning:                          Tuned
  Antenna Current:                         4.6 A
  Tuning Capacitors:                         477
  Tuning Phase:                              389
  Tuning Relative Phase:                      -1
  FDXB Signal Level:                  65 mV (7%)
  Temperature:                            34.1 C
  Sync. Input Present:                       N/A
  Sec. Master Active:                        N/A
 Active Alarms:
  Reports Memory Full
SRP: 04 09/04/2023 23:45:13.600 16,0,0,2,5,-1,477,19,100,236,200,46,7,389,341,21,0,0,0,0
INF: End Of Full Status Report
