TAG: 04 08/30/2023 00:16:28.190 989.001040476367
TAG: 04 08/30/2023 00:17:00.150 989.001041204599
TAG: 04 08/30/2023 00:18:00.210 989.001041204599
TAG: 04 08/30/2023 00:19:00.990 989.001041204599
TAG: 04 08/30/2023 00:20:03.870 989.001041204599
TAG: 04 08/30/2023 00:20:45.700 989.001040476337
TAG: 04 08/30/2023 00:21:04.590 989.001041204599
TAG: 04 08/30/2023 00:22:04.660 989.001041204599
TAG: 04 08/30/2023 00:23:13.790 989.001034203245
TAG: 04 08/30/2023 00:23:20.410 989.001041204599
ALM: 04 08/30/2023 00:45:12.000 Reports Memory Full
TAG: 04 08/30/2023 01:24:45.630 989.001041204593
TAG: 04 08/30/2023 01:33:02.280 989.001041204667
TAG: 04 08/30/2023 01:33:46.750 989.001041204641
TAG: 04 08/30/2023 01:35:46.710 989.001032566799
ALM: 04 08/30/2023 01:45:12.000 Reports Memory Full
MSG: 04 08/30/2023 01:45:13.100 Test Tag Single Shot Fired
TAG: 04 08/30/2023 01:45:13.130 999.000000007428
MSG: 04 08/30/2023 01:45:13.130 VTT Test Passed
TAG: 04 08/30/2023 01:47:38.400 989.001032566754
TAG: 04 08/30/2023 01:48:35.190 989.001032567411
TAG: 04 08/30/2023 01:51:36.220 989.001041204952
TAG: 04 08/30/2023 01:53:32.710 989.001040476403
TAG: 04 08/30/2023 02:31:32.750 989.001034203211
TAG: 04 08/30/2023 02:32:49.030 989.001034179490
TAG: 04 08/30/2023 02:36:33.410 989.001034203209
TAG: 04 08/30/2023 02:38:09.810 989.001034203251
TAG: 04 08/30/2023 02:39:21.460 989.001041204643
TAG: 04 08/30/2023 02:43:44.790 989.001041204643
ALM: 04 08/30/2023 02:45:12.000 Reports Memory Full
TAG: 04 08/30/2023 03:01:28.630 989.001041204661
TAG: 04 08/30/2023 03:43:02.810 989.001041204600
ALM: 04 08/30/2023 03:45:12.000 Reports Memory Full
INF: Start Of Full Status Report
 Reader:
  ID:                                         04
  Model:                                  IS1001
  S/N:                                 2032.3563
  Date:                               08/30/2023
  Time:                                 03:45:13
  Application Firmware Version:            1.7.1
  Operation Mode:                           Scan
  Network Mode:                IS1001 Standalone
  Exciter Sync. Mode:                 Standalone
  Date/Time Sync.:                      Disabled
  Beeper:                               Disabled
  Tag Display Format:                        DEC
  Initiation Delay:                     Disabled
  Auto Standby Voltages:              16 V, 18 V
  Periodic Standby Start Time:              0:00
  Periodic Standby Duration:            Disabled
  Idling Time:                          Disabled
 Alarms:
  Antenna Current Low Alarm:               0.5 A
  Noise High Alarm:                          75%
  Tuning Capacit. High Alarm:                970
  Tuning Capacit. Low Alarm:                  50
  Alarms Unique Delay:                  3600 sec
 Antenna/Tuning:
  Exciter Voltage Level:                       5
  Dynamic Tuning:                        Enabled
  Tuning Target Phase:                       388
  Tuning Target Phase Deviation Threshold:     3
 Communication:
  Local Port Speed:                       115200
  Tags To Local Port:                    Enabled
  Alarms To Local Port:                  Enabled
  Messages To Local Port:                Enabled
  Remote Port Protocol:                    ASCII
  Remote Port Transfer Rate:                Full
 Detection:
  HDX Tag Detection:                    Disabled
  Fastag Detection:                     Disabled
  FDXB Tag Signal Level Detection:      Disabled
  BioTherm Tag Temperature Detection:   Disabled
  Detection Counter Enabled:                 Yes
  Unique Mode:                             Delay
  Unique Delay:                           60 sec
  FDXB Detection Scan Time:               120 ms
  VTT Level:                                 128
  Auto VTT Delay:                        180 min
 Measurements:
  Antenna Current Gain:                      112
  Antenna Current Offset:                    110
 Memory:
  Tags Memory Size:                        78583
  Status Reports Memory Size:               1023
  Store Tags To Memory:                  Enabled
  Store VTT To Memory:                   Enabled
  Store Stat. Reports To Memory:         Enabled
 Reports:
  Auto Noise Report Delay:              Disabled
  Auto Status Report Delay:              240 min
 Diagnostics:
  Detection Counter:                         431
  Tags In Memory:                    15066 (19%)
  Status Reports In Memory:           1020 (99%)
  Input Voltage:                          23.6 V
  Exciter Voltage:                        20.0 V
  Antenna Tuning:                          Tuned
  Antenna Current:                         4.6 A
  Tuning Capacitors:                         475
  Tuning Phase:                              388
  Tuning Relative Phase:                       0
  FDXB Signal Level:                  69 mV (7%)
  Temperature:                            28.9 C
  Sync. Input Present:                       N/A
  Sec. Master Active:                        N/A
 Active Alarms:
  Reports Memory Full
SRP: 04 08/30/2023 03:45:13.600 16,0,0,2,5,1,475,19,99,236,200,46,7,387,289,21,0,0,0,0
INF: End Of Full Status Report
TAG: 04 08/30/2023 04:07:33.280 989.001032566826
ALM: 04 08/30/2023 04:45:12.000 Reports Memory Full
MSG: 04 08/30/2023 04:45:13.100 Test Tag Single Shot Fired
TAG: 04 08/30/2023 04:45:13.130 999.000000007428
MSG: 04 08/30/2023 04:45:13.130 VTT Test Passed
ALM: 04 08/30/2023 05:45:12.000 Reports Memory Full
ALM: 04 08/30/2023 06:45:12.000 Reports Memory Full
ALM: 04 08/30/2023 07:45:12.000 Reports Memory Full
MSG: 04 08/30/2023 07:45:13.100 Test Tag Single Shot Fired
TAG: 04 08/30/2023 07:45:13.130 999.000000007428
MSG: 04 08/30/2023 07:45:13.130 VTT Test Passed
INF: Start Of Full Status Report
 Reader:
  ID:                                         04
  Model:                                  IS1001
  S/N:                                 2032.3563
  Date:                               08/30/2023
  Time:                                 07:45:23
  Application Firmware Version:            1.7.1
  Operation Mode:                           Scan
  Network Mode:                IS1001 Standalone
  Exciter Sync. Mode:                 Standalone
  Date/Time Sync.:                      Disabled
  Beeper:                               Disabled
  Tag Display Format:                        DEC
  Initiation Delay:                     Disabled
  Auto Standby Voltages:              16 V, 18 V
  Periodic Standby Start Time:              0:00
  Periodic Standby Duration:            Disabled
  Idling Time:                          Disabled
 Alarms:
  Antenna Current Low Alarm:               0.5 A
  Noise High Alarm:                          75%
  Tuning Capacit. High Alarm:                970
  Tuning Capacit. Low Alarm:                  50
  Alarms Unique Delay:                  3600 sec
 Antenna/Tuning:
  Exciter Voltage Level:                       5
  Dynamic Tuning:                        Enabled
  Tuning Target Phase:                       388
  Tuning Target Phase Deviation Threshold:     3
 Communication:
  Local Port Speed:                       115200
  Tags To Local Port:                    Enabled
  Alarms To Local Port:                  Enabled
  Messages To Local Port:                Enabled
  Remote Port Protocol:                    ASCII
  Remote Port Transfer Rate:                Full
 Detection:
  HDX Tag Detection:                    Disabled
  Fastag Detection:                     Disabled
  FDXB Tag Signal Level Detection:      Disabled
  BioTherm Tag Temperature Detection:   Disabled
  Detection Counter Enabled:                 Yes
  Unique Mode:                             Delay
  Unique Delay:                           60 sec
  FDXB Detection Scan Time:               120 ms
  VTT Level:                                 128
  Auto VTT Delay:                        180 min
 Measurements:
  Antenna Current Gain:                      112
  Antenna Current Offset:                    110
 Memory:
  Tags Memory Size:                        78583
  Status Reports Memory Size:               1023
  Store Tags To Memory:                  Enabled
  Store VTT To Memory:                   Enabled
  Store Stat. Reports To Memory:         Enabled
 Reports:
  Auto Noise Report Delay:              Disabled
  Auto Status Report Delay:              240 min
 Diagnostics:
  Detection Counter:                         432
  Tags In Memory:                    15069 (19%)
  Status Reports In Memory:           1021 (99%)
  Input Voltage:                          23.6 V
  Exciter Voltage:                        20.0 V
  Antenna Tuning:                          Tuned
  Antenna Current:                         4.6 A
  Tuning Capacitors:                         475
  Tuning Phase:                              389
  Tuning Relative Phase:                      -1
  FDXB Signal Level:                  54 mV (6%)
  Temperature:                            27.7 C
  Sync. Input Present:                       N/A
  Sec. Master Active:                        N/A
 Active Alarms:
  Reports Memory Full
SRP: 04 08/30/2023 07:45:23.100 16,0,0,2,5,0,475,19,99,236,200,46,6,388,277,21,0,0,0,0
INF: End Of Full Status Report
ALM: 04 08/30/2023 08:45:12.000 Reports Memory Full
ALM: 04 08/30/2023 09:45:12.000 Reports Memory Full
ALM: 04 08/30/2023 10:45:12.000 Reports Memory Full
MSG: 04 08/30/2023 10:45:13.100 Test Tag Single Shot Fired
TAG: 04 08/30/2023 10:45:13.130 999.000000007428
MSG: 04 08/30/2023 10:45:13.130 VTT Test Passed
ALM: 04 08/30/2023 11:45:12.000 Reports Memory Full
INF: Start Of Full Status Report
 Reader:
  ID:                                         04
  Model:                                  IS1001
  S/N:                                 2032.3563
  Date:                               08/30/2023
  Time:                                 11:45:13
  Application Firmware Version:            1.7.1
  Operation Mode:                           Scan
  Network Mode:                IS1001 Standalone
  Exciter Sync. Mode:                 Standalone
  Date/Time Sync.:                      Disabled
  Beeper:                               Disabled
  Tag Display Format:                        DEC
  Initiation Delay:                     Disabled
  Auto Standby Voltages:              16 V, 18 V
  Periodic Standby Start Time:              0:00
  Periodic Standby Duration:            Disabled
  Idling Time:                          Disabled
 Alarms:
  Antenna Current Low Alarm:               0.5 A
  Noise High Alarm:                          75%
  Tuning Capacit. High Alarm:                970
  Tuning Capacit. Low Alarm:                  50
  Alarms Unique Delay:                  3600 sec
 Antenna/Tuning:
  Exciter Voltage Level:                       5
  Dynamic Tuning:                        Enabled
  Tuning Target Phase:                       388
  Tuning Target Phase Deviation Threshold:     3
 Communication:
  Local Port Speed:                       115200
  Tags To Local Port:                    Enabled
  Alarms To Local Port:                  Enabled
  Messages To Local Port:                Enabled
  Remote Port Protocol:                    ASCII
  Remote Port Transfer Rate:                Full
 Detection:
  HDX Tag Detection:                    Disabled
  Fastag Detection:                     Disabled
  FDXB Tag Signal Level Detection:      Disabled
  BioTherm Tag Temperature Detection:   Disabled
  Detection Counter Enabled:                 Yes
  Unique Mode:                             Delay
  Unique Delay:                           60 sec
  FDXB Detection Scan Time:               120 ms
  VTT Level:                                 128
  Auto VTT Delay:                        180 min
 Measurements:
  Antenna Current Gain:                      112
  Antenna Current Offset:                    110
 Memory:
  Tags Memory Size:                        78583
  Status Reports Memory Size:               1023
  Store Tags To Memory:                  Enabled
  Store VTT To Memory:                   Enabled
  Store Stat. Reports To Memory:         Enabled
 Reports:
  Auto Noise Report Delay:              Disabled
  Auto Status Report Delay:              240 min
 Diagnostics:
  Detection Counter:                         432
  Tags In Memory:                    15070 (19%)
  Status Reports In Memory:           1022 (99%)
  Input Voltage:                          23.6 V
  Exciter Voltage:                        20.0 V
  Antenna Tuning:                          Tuned
  Antenna Current:                         4.6 A
  Tuning Capacitors:                         475
  Tuning Phase:                              389
  Tuning Relative Phase:                      -1
  FDXB Signal Level:                  54 mV (6%)
  Temperature:                            27.9 C
  Sync. Input Present:                       N/A
  Sec. Master Active:                        N/A
 Active Alarms:
  Reports Memory Full
SRP: 04 08/30/2023 11:45:13.600 16,0,0,2,5,-1,475,19,99,236,200,46,6,389,279,21,0,0,0,0
INF: End Of Full Status Report
ALM: 04 08/30/2023 12:45:12.000 Reports Memory Full
ALM: 04 08/30/2023 13:45:12.000 Reports Memory Full
MSG: 04 08/30/2023 13:45:13.100 Test Tag Single Shot Fired
TAG: 04 08/30/2023 13:45:13.130 999.000000007428
MSG: 04 08/30/2023 13:45:13.130 VTT Test Passed
ALM: 04 08/30/2023 14:45:12.000 Reports Memory Full
ALM: 04 08/30/2023 15:45:12.000 Reports Memory Full
INF: Start Of Full Status Report
 Reader:
  ID:                                         04
  Model:                                  IS1001
  S/N:                                 2032.3563
  Date:                               08/30/2023
  Time:                                 15:45:13
  Application Firmware Version:            1.7.1
  Operation Mode:                           Scan
  Network Mode:                IS1001 Standalone
  Exciter Sync. Mode:                 Standalone
  Date/Time Sync.:                      Disabled
  Beeper:                               Disabled
  Tag Display Format:                        DEC
  Initiation Delay:                     Disabled
  Auto Standby Voltages:              16 V, 18 V
  Periodic Standby Start Time:              0:00
  Periodic Standby Duration:            Disabled
  Idling Time:                          Disabled
 Alarms:
  Antenna Current Low Alarm:               0.5 A
  Noise High Alarm:                          75%
  Tuning Capacit. High Alarm:                970
  Tuning Capacit. Low Alarm:                  50
  Alarms Unique Delay:                  3600 sec
 Antenna/Tuning:
  Exciter Voltage Level:                       5
  Dynamic Tuning:                        Enabled
  Tuning Target Phase:                       388
  Tuning Target Phase Deviation Threshold:     3
 Communication:
  Local Port Speed:                       115200
  Tags To Local Port:                    Enabled
  Alarms To Local Port:                  Enabled
  Messages To Local Port:                Enabled
  Remote Port Protocol:                    ASCII
  Remote Port Transfer Rate:                Full
 Detection:
  HDX Tag Detection:                    Disabled
  Fastag Detection:                     Disabled
  FDXB Tag Signal Level Detection:      Disabled
  BioTherm Tag Temperature Detection:   Disabled
  Detection Counter Enabled:                 Yes
  Unique Mode:                             Delay
  Unique Delay:                           60 sec
  FDXB Detection Scan Time:               120 ms
  VTT Level:                                 128
  Auto VTT Delay:                        180 min
 Measurements:
  Antenna Current Gain:                      112
  Antenna Current Offset:                    110
 Memory:
  Tags Memory Size:                        78583
  Status Reports Memory Size:               1023
  Store Tags To Memory:                  Enabled
  Store VTT To Memory:                   Enabled
  Store Stat. Reports To Memory:         Enabled
 Reports:
  Auto Noise Report Delay:              Disabled
  Auto Status Report Delay:              240 min
 Diagnostics:
  Detection Counter:                         432
  Tags In Memory:                    15071 (19%)
  Status Reports In Memory:          1023 (100%)
  Input Voltage:                          23.6 V
  Exciter Voltage:                        20.0 V
  Antenna Tuning:                          Tuned
  Antenna Current:                         4.6 A
  Tuning Capacitors:                         475
  Tuning Phase:                              388
  Tuning Relative Phase:                       0
  FDXB Signal Level:                  75 mV (8%)
  Temperature:                            29.4 C
  Sync. Input Present:                       N/A
  Sec. Master Active:                        N/A
 Active Alarms:
  Reports Memory Full
SRP: 04 08/30/2023 15:45:13.600 16,0,0,2,5,0,475,19,100,236,200,46,8,388,294,21,0,0,0,0
INF: End Of Full Status Report
ALM: 04 08/30/2023 16:45:12.000 Reports Memory Full
MSG: 04 08/30/2023 16:45:13.100 Test Tag Single Shot Fired
TAG: 04 08/30/2023 16:45:13.130 999.000000007428
MSG: 04 08/30/2023 16:45:13.130 VTT Test Passed
ALM: 04 08/30/2023 17:45:12.000 Reports Memory Full
ALM: 04 08/30/2023 18:45:12.000 Reports Memory Full
ALM: 04 08/30/2023 19:45:12.000 Reports Memory Full
MSG: 04 08/30/2023 19:45:13.100 Test Tag Single Shot Fired
TAG: 04 08/30/2023 19:45:13.130 999.000000007428
MSG: 04 08/30/2023 19:45:13.130 VTT Test Passed
INF: Start Of Full Status Report
 Reader:
  ID:                                         04
  Model:                                  IS1001
  S/N:                                 2032.3563
  Date:                               08/30/2023
  Time:                                 19:45:23
  Application Firmware Version:            1.7.1
  Operation Mode:                           Scan
  Network Mode:                IS1001 Standalone
  Exciter Sync. Mode:                 Standalone
  Date/Time Sync.:                      Disabled
  Beeper:                               Disabled
  Tag Display Format:                        DEC
  Initiation Delay:                     Disabled
  Auto Standby Voltages:              16 V, 18 V
  Periodic Standby Start Time:              0:00
  Periodic Standby Duration:            Disabled
  Idling Time:                          Disabled
 Alarms:
  Antenna Current Low Alarm:               0.5 A
  Noise High Alarm:                          75%
  Tuning Capacit. High Alarm:                970
  Tuning Capacit. Low Alarm:                  50
  Alarms Unique Delay:                  3600 sec
 Antenna/Tuning:
  Exciter Voltage Level:                       5
  Dynamic Tuning:                        Enabled
  Tuning Target Phase:                       388
  Tuning Target Phase Deviation Threshold:     3
 Communication:
  Local Port Speed:                       115200
  Tags To Local Port:                    Enabled
  Alarms To Local Port:                  Enabled
  Messages To Local Port:                Enabled
  Remote Port Protocol:                    ASCII
  Remote Port Transfer Rate:                Full
 Detection:
  HDX Tag Detection:                    Disabled
  Fastag Detection:                     Disabled
  FDXB Tag Signal Level Detection:      Disabled
  BioTherm Tag Temperature Detection:   Disabled
  Detection Counter Enabled:                 Yes
  Unique Mode:                             Delay
  Unique Delay:                           60 sec
  FDXB Detection Scan Time:               120 ms
  VTT Level:                                 128
  Auto VTT Delay:                        180 min
 Measurements:
  Antenna Current Gain:                      112
  Antenna Current Offset:                    110
 Memory:
  Tags Memory Size:                        78583
  Status Reports Memory Size:               1023
  Store Tags To Memory:                  Enabled
  Store VTT To Memory:                   Enabled
  Store Stat. Reports To Memory:         Enabled
 Reports:
  Auto Noise Report Delay:              Disabled
  Auto Status Report Delay:              240 min
 Diagnostics:
  Detection Counter:                         432
  Tags In Memory:                    15073 (19%)
  Status Reports In Memory:           1020 (99%)
  Input Voltage:                          23.6 V
  Exciter Voltage:                        20.0 V
  Antenna Tuning:                          Tuned
  Antenna Current:                         4.6 A
  Tuning Capacitors:                         475
  Tuning Phase:                              387
  Tuning Relative Phase:                       1
  FDXB Signal Level:                  69 mV (7%)
  Temperature:                            29.9 C
  Sync. Input Present:                       N/A
  Sec. Master Active:                        N/A
 Active Alarms:
  Reports Memory Full
SRP: 04 08/30/2023 19:45:23.100 16,0,0,2,5,1,475,19,99,236,200,46,7,387,299,21,0,0,0,0
INF: End Of Full Status Report
TAG: 04 08/30/2023 20:21:11.090 989.001032566812
TAG: 04 08/30/2023 20:42:25.340 989.001040476367
ALM: 04 08/30/2023 20:45:12.000 Reports Memory Full
TAG: 04 08/30/2023 21:10:56.010 989.001041204655
TAG: 04 08/30/2023 21:13:41.230 989.001041204661
TAG: 04 08/30/2023 21:15:48.710 989.001041204616
TAG: 04 08/30/2023 21:21:40.700 989.001034203245
TAG: 04 08/30/2023 21:30:02.350 989.001040476312
TAG: 04 08/30/2023 21:35:10.960 989.001040476312
TAG: 04 08/30/2023 21:43:01.650 989.001032566795
ALM: 04 08/30/2023 21:45:12.000 Reports Memory Full
TAG: 04 08/30/2023 21:46:53.750 989.001040476371
TAG: 04 08/30/2023 21:48:38.990 989.001034179486
TAG: 04 08/30/2023 21:50:10.040 989.001032566795
TAG: 04 08/30/2023 21:50:28.260 989.001034203211
TAG: 04 08/30/2023 22:04:37.190 989.001040476403
TAG: 04 08/30/2023 22:07:27.380 989.001032566799
TAG: 04 08/30/2023 22:08:15.470 989.001034203239
TAG: 04 08/30/2023 22:14:02.290 989.001032566808
ALM: 04 08/30/2023 22:45:12.000 Reports Memory Full
MSG: 04 08/30/2023 22:45:13.100 Test Tag Single Shot Fired
TAG: 04 08/30/2023 22:45:13.130 999.000000007428
MSG: 04 08/30/2023 22:45:13.130 VTT Test Passed
TAG: 04 08/30/2023 23:13:38.310 989.001040476344
TAG: 04 08/30/2023 23:29:42.320 989.001040476313
ALM: 04 08/30/2023 23:45:12.000 Reports Memory Full
INF: Start Of Full Status Report
 Reader:
  ID:                                         04
  Model:                                  IS1001
  S/N:                                 2032.3563
  Date:                               08/30/2023
  Time:                                 23:45:13
  Application Firmware Version:            1.7.1
  Operation Mode:                           Scan
  Network Mode:                IS1001 Standalone
  Exciter Sync. Mode:                 Standalone
  Date/Time Sync.:                      Disabled
  Beeper:                               Disabled
  Tag Display Format:                        DEC
  Initiation Delay:                     Disabled
  Auto Standby Voltages:              16 V, 18 V
  Periodic Standby Start Time:              0:00
  Periodic Standby Duration:            Disabled
  Idling Time:                          Disabled
 Alarms:
  Antenna Current Low Alarm:               0.5 A
  Noise High Alarm:                          75%
  Tuning Capacit. High Alarm:                970
  Tuning Capacit. Low Alarm:                  50
  Alarms Unique Delay:                  3600 sec
 Antenna/Tuning:
  Exciter Voltage Level:                       5
  Dynamic Tuning:                        Enabled
  Tuning Target Phase:                       388
  Tuning Target Phase Deviation Threshold:     3
 Communication:
  Local Port Speed:                       115200
  Tags To Local Port:                    Enabled
  Alarms To Local Port:                  Enabled
  Messages To Local Port:                Enabled
  Remote Port Protocol:                    ASCII
  Remote Port Transfer Rate:                Full
 Detection:
  HDX Tag Detection:                    Disabled
  Fastag Detection:                     Disabled
  FDXB Tag Signal Level Detection:      Disabled
  BioTherm Tag Temperature Detection:   Disabled
  Detection Counter Enabled:                 Yes
  Unique Mode:                             Delay
  Unique Delay:                           60 sec
  FDXB Detection Scan Time:               120 ms
  VTT Level:                                 128
  Auto VTT Delay:                        180 min
 Measurements:
  Antenna Current Gain:                      112
  Antenna Current Offset:                    110
 Memory:
  Tags Memory Size:                        78583
  Status Reports Memory Size:               1023
  Store Tags To Memory:                  Enabled
  Store VTT To Memory:                   Enabled
  Store Stat. Reports To Memory:         Enabled
 Reports:
  Auto Noise Report Delay:              Disabled
  Auto Status Report Delay:              240 min
 Diagnostics:
  Detection Counter:                         451
  Tags In Memory:                    15093 (19%)
  Status Reports In Memory:           1021 (99%)
  Input Voltage:                          23.6 V
  Exciter Voltage:                        20.0 V
  Antenna Tuning:                          Tuned
  Antenna Current:                         4.6 A
  Tuning Capacitors:                         475
  Tuning Phase:                              388
  Tuning Relative Phase:                       0
  FDXB Signal Level:                  55 mV (6%)
  Temperature:                            28.9 C
  Sync. Input Present:                       N/A
  Sec. Master Active:                        N/A
 Active Alarms:
  Reports Memory Full
SRP: 04 08/30/2023 23:45:13.600 16,0,0,2,5,0,475,19,99,236,200,46,6,388,289,21,0,0,0,0
INF: End Of Full Status Report
