TAG: 04 09/03/2023 00:08:06.400 989.001040476344
TAG: 04 09/03/2023 00:16:43.690 989.001040476371
TAG: 04 09/03/2023 00:21:50.850 989.001034203300
TAG: 04 09/03/2023 00:29:09.170 989.001041204657
TAG: 04 09/03/2023 00:30:31.090 989.001041204657
TAG: 04 09/03/2023 00:39:43.740 989.001041204630
TAG: 04 09/03/2023 00:40:07.380 989.001032567411
TAG: 04 09/03/2023 00:40:13.010 989.001032566802
ALM: 04 09/03/2023 00:45:12.000 Reports Memory Full
TAG: 04 09/03/2023 00:46:27.220 989.001032566754
TAG: 04 09/03/2023 00:50:20.820 989.001034179460
TAG: 04 09/03/2023 01:12:45.980 989.001034179464
TAG: 04 09/03/2023 01:26:18.590 989.001034179486
TAG: 04 09/03/2023 01:27:22.500 989.001040476337
ALM: 04 09/03/2023 01:45:12.000 Reports Memory Full
MSG: 04 09/03/2023 01:45:13.100 Test Tag Single Shot Fired
TAG: 04 09/03/2023 01:45:13.130 999.000000007428
MSG: 04 09/03/2023 01:45:13.130 VTT Test Passed
TAG: 04 09/03/2023 02:05:06.010 989.001034203245
TAG: 04 09/03/2023 02:14:46.980 989.001032566826
TAG: 04 09/03/2023 02:16:05.910 989.001034203257
TAG: 04 09/03/2023 02:28:27.840 989.001034203251
ALM: 04 09/03/2023 02:45:12.000 Reports Memory Full
TAG: 04 09/03/2023 02:49:12.730 989.001034179490
TAG: 04 09/03/2023 02:52:20.120 989.001040476403
TAG: 04 09/03/2023 02:53:46.020 989.001032566809
TAG: 04 09/03/2023 03:17:26.770 989.001034179409
TAG: 04 09/03/2023 03:19:21.810 989.001032566808
TAG: 04 09/03/2023 03:23:45.740 989.001041204600
TAG: 04 09/03/2023 03:30:53.110 989.001034203211
TAG: 04 09/03/2023 03:38:09.250 989.001032566799
ALM: 04 09/03/2023 03:45:12.000 Reports Memory Full
INF: Start Of Full Status Report
 Reader:
  ID:                                         04
  Model:                                  IS1001
  S/N:                                 2032.3563
  Date:                               09/03/2023
  Time:                                 03:45:13
  Application Firmware Version:            1.7.1
  Operation Mode:                           Scan
  Network Mode:                IS1001 Standalone
  Exciter Sync. Mode:                 Standalone
  Date/Time Sync.:                      Disabled
  Beeper:                               Disabled
  Tag Display Format:                        DEC
  Initiation Delay:                     Disabled
  Auto Standby Voltages:              16 V, 18 V
  Periodic Standby Start Time:              0:00
  Periodic Standby Duration:            Disabled
  Idling Time:                          Disabled
 Alarms:
  Antenna Current Low Alarm:               0.5 A
  Noise High Alarm:                          75%
  Tuning Capacit. High Alarm:                970
  Tuning Capacit. Low Alarm:                  50
  Alarms Unique Delay:                  3600 sec
 Antenna/Tuning:
  Exciter Voltage Level:                       5
  Dynamic Tuning:                        Enabled
  Tuning Target Phase:                       388
  Tuning Target Phase Deviation Threshold:     3
 Communication:
  Local Port Speed:                       115200
  Tags To Local Port:                    Enabled
  Alarms To Local Port:                  Enabled
  Messages To Local Port:                Enabled
  Remote Port Protocol:                    ASCII
  Remote Port Transfer Rate:                Full
 Detection:
  HDX Tag Detection:                    Disabled
  Fastag Detection:                     Disabled
  FDXB Tag Signal Level Detection:      Disabled
  BioTherm Tag Temperature Detection:   Disabled
  Detection Counter Enabled:                 Yes
  Unique Mode:                             Delay
  Unique Delay:                           60 sec
  FDXB Detection Scan Time:               120 ms
  VTT Level:                                 128
  Auto VTT Delay:                        180 min
 Measurements:
  Antenna Current Gain:                      112
  Antenna Current Offset:                    110
 Memory:
  Tags Memory Size:                        78583
  Status Reports Memory Size:               1023
  Store Tags To Memory:                  Enabled
  Store VTT To Memory:                   Enabled
  Store Stat. Reports To Memory:         Enabled
 Reports:
  Auto Noise Report Delay:              Disabled
  Auto Status Report Delay:              240 min
 Diagnostics:
  Detection Counter:                         639
  Tags In Memory:                    15306 (19%)
  Status Reports In Memory:           1020 (99%)
  Input Voltage:                          23.6 V
  Exciter Voltage:                        20.0 V
  Antenna Tuning:                          Tuned
  Antenna Current:                         4.6 A
  Tuning Capacitors:                         475
  Tuning Phase:                              386
  Tuning Relative Phase:                       2
  FDXB Signal Level:                  75 mV (8%)
  Temperature:                            31.8 C
  Sync. Input Present:                       N/A
  Sec. Master Active:                        N/A
 Active Alarms:
  Reports Memory Full
SRP: 04 09/03/2023 03:45:13.600 16,0,0,2,5,2,475,19,99,236,200,46,8,386,318,21,0,0,0,0
INF: End Of Full Status Report
TAG: 04 09/03/2023 03:46:03.730 989.001034203229
TAG: 04 09/03/2023 04:18:51.250 989.001034203282
TAG: 04 09/03/2023 04:19:21.240 989.001041204661
TAG: 04 09/03/2023 04:34:01.650 989.001041204616
ALM: 04 09/03/2023 04:45:12.000 Reports Memory Full
MSG: 04 09/03/2023 04:45:13.100 Test Tag Single Shot Fired
TAG: 04 09/03/2023 04:45:13.130 999.000000007428
MSG: 04 09/03/2023 04:45:13.130 VTT Test Passed
TAG: 04 09/03/2023 04:47:57.370 989.001034203245
TAG: 04 09/03/2023 05:19:41.060 989.001032566754
ALM: 04 09/03/2023 05:45:12.000 Reports Memory Full
ALM: 04 09/03/2023 06:45:12.000 Reports Memory Full
ALM: 04 09/03/2023 07:45:12.000 Reports Memory Full
MSG: 04 09/03/2023 07:45:13.100 Test Tag Single Shot Fired
TAG: 04 09/03/2023 07:45:13.130 999.000000007428
MSG: 04 09/03/2023 07:45:13.130 VTT Test Passed
INF: Start Of Full Status Report
 Reader:
  ID:                                         04
  Model:                                  IS1001
  S/N:                                 2032.3563
  Date:                               09/03/2023
  Time:                                 07:45:23
  Application Firmware Version:            1.7.1
  Operation Mode:                           Scan
  Network Mode:                IS1001 Standalone
  Exciter Sync. Mode:                 Standalone
  Date/Time Sync.:                      Disabled
  Beeper:                               Disabled
  Tag Display Format:                        DEC
  Initiation Delay:                     Disabled
  Auto Standby Voltages:              16 V, 18 V
  Periodic Standby Start Time:              0:00
  Periodic Standby Duration:            Disabled
  Idling Time:                          Disabled
 Alarms:
  Antenna Current Low Alarm:               0.5 A
  Noise High Alarm:                          75%
  Tuning Capacit. High Alarm:                970
  Tuning Capacit. Low Alarm:                  50
  Alarms Unique Delay:                  3600 sec
 Antenna/Tuning:
  Exciter Voltage Level:                       5
  Dynamic Tuning:                        Enabled
  Tuning Target Phase:                       388
  Tuning Target Phase Deviation Threshold:     3
 Communication:
  Local Port Speed:                       115200
  Tags To Local Port:                    Enabled
  Alarms To Local Port:                  Enabled
  Messages To Local Port:                Enabled
  Remote Port Protocol:                    ASCII
  Remote Port Transfer Rate:                Full
 Detection:
  HDX Tag Detection:                    Disabled
  Fastag Detection:                     Disabled
  FDXB Tag Signal Level Detection:      Disabled
  BioTherm Tag Temperature Detection:   Disabled
  Detection Counter Enabled:                 Yes
  Unique Mode:                             Delay
  Unique Delay:                           60 sec
  FDXB Detection Scan Time:               120 ms
  VTT Level:                                 128
  Auto VTT Delay:                        180 min
 Measurements:
  Antenna Current Gain:                      112
  Antenna Current Offset:                    110
 Memory:
  Tags Memory Size:                        78583
  Status Reports Memory Size:               1023
  Store Tags To Memory:                  Enabled
  Store VTT To Memory:                   Enabled
  Store Stat. Reports To Memory:         Enabled
 Reports:
  Auto Noise Report Delay:              Disabled
  Auto Status Report Delay:              240 min
 Diagnostics:
  Detection Counter:                         645
  Tags In Memory:                    15314 (19%)
  Status Reports In Memory:           1021 (99%)
  Input Voltage:                          23.6 V
  Exciter Voltage:                        20.0 V
  Antenna Tuning:                          Tuned
  Antenna Current:                         4.6 A
  Tuning Capacitors:                         475
  Tuning Phase:                              387
  Tuning Relative Phase:                       1
  FDXB Signal Level:                  75 mV (8%)
  Temperature:                            31.4 C
  Sync. Input Present:                       N/A
  Sec. Master Active:                        N/A
 Active Alarms:
  Reports Memory Full
SRP: 04 09/03/2023 07:45:23.100 16,0,0,2,5,1,475,19,99,236,200,46,8,387,314,21,0,0,0,0
INF: End Of Full Status Report
ALM: 04 09/03/2023 08:45:12.000 Reports Memory Full
ALM: 04 09/03/2023 09:45:12.000 Reports Memory Full
ALM: 04 09/03/2023 10:45:12.000 Reports Memory Full
MSG: 04 09/03/2023 10:45:13.100 Test Tag Single Shot Fired
TAG: 04 09/03/2023 10:45:13.130 999.000000007428
MSG: 04 09/03/2023 10:45:13.130 VTT Test Passed
ALM: 04 09/03/2023 11:45:12.000 Reports Memory Full
INF: Start Of Full Status Report
 Reader:
  ID:                                         04
  Model:                                  IS1001
  S/N:                                 2032.3563
  Date:                               09/03/2023
  Time:                                 11:45:13
  Application Firmware Version:            1.7.1
  Operation Mode:                           Scan
  Network Mode:                IS1001 Standalone
  Exciter Sync. Mode:                 Standalone
  Date/Time Sync.:                      Disabled
  Beeper:                               Disabled
  Tag Display Format:                        DEC
  Initiation Delay:                     Disabled
  Auto Standby Voltages:              16 V, 18 V
  Periodic Standby Start Time:              0:00
  Periodic Standby Duration:            Disabled
  Idling Time:                          Disabled
 Alarms:
  Antenna Current Low Alarm:               0.5 A
  Noise High Alarm:                          75%
  Tuning Capacit. High Alarm:                970
  Tuning Capacit. Low Alarm:                  50
  Alarms Unique Delay:                  3600 sec
 Antenna/Tuning:
  Exciter Voltage Level:                       5
  Dynamic Tuning:                        Enabled
  Tuning Target Phase:                       388
  Tuning Target Phase Deviation Threshold:     3
 Communication:
  Local Port Speed:                       115200
  Tags To Local Port:                    Enabled
  Alarms To Local Port:                  Enabled
  Messages To Local Port:                Enabled
  Remote Port Protocol:                    ASCII
  Remote Port Transfer Rate:                Full
 Detection:
  HDX Tag Detection:                    Disabled
  Fastag Detection:                     Disabled
  FDXB Tag Signal Level Detection:      Disabled
  BioTherm Tag Temperature Detection:   Disabled
  Detection Counter Enabled:                 Yes
  Unique Mode:                             Delay
  Unique Delay:                           60 sec
  FDXB Detection Scan Time:               120 ms
  VTT Level:                                 128
  Auto VTT Delay:                        180 min
 Measurements:
  Antenna Current Gain:                      112
  Antenna Current Offset:                    110
 Memory:
  Tags Memory Size:                        78583
  Status Reports Memory Size:               1023
  Store Tags To Memory:                  Enabled
  Store VTT To Memory:                   Enabled
  Store Stat. Reports To Memory:         Enabled
 Reports:
  Auto Noise Report Delay:              Disabled
  Auto Status Report Delay:              240 min
 Diagnostics:
  Detection Counter:                         645
  Tags In Memory:                    15315 (19%)
  Status Reports In Memory:           1022 (99%)
  Input Voltage:                          23.6 V
  Exciter Voltage:                        20.0 V
  Antenna Tuning:                          Tuned
  Antenna Current:                         4.6 A
  Tuning Capacitors:                         475
  Tuning Phase:                              387
  Tuning Relative Phase:                       1
  FDXB Signal Level:                  75 mV (8%)
  Temperature:                            31.5 C
  Sync. Input Present:                       N/A
  Sec. Master Active:                        N/A
 Active Alarms:
  Reports Memory Full
SRP: 04 09/03/2023 11:45:13.600 16,0,0,2,5,1,475,19,99,236,200,46,8,387,315,21,0,0,0,0
INF: End Of Full Status Report
ALM: 04 09/03/2023 12:45:12.000 Reports Memory Full
ALM: 04 09/03/2023 13:45:12.000 Reports Memory Full
MSG: 04 09/03/2023 13:45:13.100 Test Tag Single Shot Fired
TAG: 04 09/03/2023 13:45:13.130 999.000000007428
MSG: 04 09/03/2023 13:45:13.130 VTT Test Passed
ALM: 04 09/03/2023 14:45:12.000 Reports Memory Full
ALM: 04 09/03/2023 15:45:12.000 Reports Memory Full
INF: Start Of Full Status Report
 Reader:
  ID:                                         04
  Model:                                  IS1001
  S/N:                                 2032.3563
  Date:                               09/03/2023
  Time:                                 15:45:13
  Application Firmware Version:            1.7.1
  Operation Mode:                           Scan
  Network Mode:                IS1001 Standalone
  Exciter Sync. Mode:                 Standalone
  Date/Time Sync.:                      Disabled
  Beeper:                               Disabled
  Tag Display Format:                        DEC
  Initiation Delay:                     Disabled
  Auto Standby Voltages:              16 V, 18 V
  Periodic Standby Start Time:              0:00
  Periodic Standby Duration:            Disabled
  Idling Time:                          Disabled
 Alarms:
  Antenna Current Low Alarm:               0.5 A
  Noise High Alarm:                          75%
  Tuning Capacit. High Alarm:                970
  Tuning Capacit. Low Alarm:                  50
  Alarms Unique Delay:                  3600 sec
 Antenna/Tuning:
  Exciter Voltage Level:                       5
  Dynamic Tuning:                        Enabled
  Tuning Target Phase:                       388
  Tuning Target Phase Deviation Threshold:     3
 Communication:
  Local Port Speed:                       115200
  Tags To Local Port:                    Enabled
  Alarms To Local Port:                  Enabled
  Messages To Local Port:                Enabled
  Remote Port Protocol:                    ASCII
  Remote Port Transfer Rate:                Full
 Detection:
  HDX Tag Detection:                    Disabled
  Fastag Detection:                     Disabled
  FDXB Tag Signal Level Detection:      Disabled
  BioTherm Tag Temperature Detection:   Disabled
  Detection Counter Enabled:                 Yes
  Unique Mode:                             Delay
  Unique Delay:                           60 sec
  FDXB Detection Scan Time:               120 ms
  VTT Level:                                 128
  Auto VTT Delay:                        180 min
 Measurements:
  Antenna Current Gain:                      112
  Antenna Current Offset:                    110
 Memory:
  Tags Memory Size:                        78583
  Status Reports Memory Size:               1023
  Store Tags To Memory:                  Enabled
  Store VTT To Memory:                   Enabled
  Store Stat. Reports To Memory:         Enabled
 Reports:
  Auto Noise Report Delay:              Disabled
  Auto Status Report Delay:              240 min
 Diagnostics:
  Detection Counter:                         645
  Tags In Memory:                    15316 (19%)
  Status Reports In Memory:          1023 (100%)
  Input Voltage:                          23.6 V
  Exciter Voltage:                        20.0 V
  Antenna Tuning:                          Tuned
  Antenna Current:                         4.6 A
  Tuning Capacitors:                         475
  Tuning Phase:                              387
  Tuning Relative Phase:                       1
  FDXB Signal Level:                  65 mV (7%)
  Temperature:                            33.0 C
  Sync. Input Present:                       N/A
  Sec. Master Active:                        N/A
 Active Alarms:
  Reports Memory Full
SRP: 04 09/03/2023 15:45:13.600 16,0,0,2,5,1,475,19,100,236,200,46,7,387,330,21,0,0,0,0
INF: End Of Full Status Report
ALM: 04 09/03/2023 16:45:12.000 Reports Memory Full
MSG: 04 09/03/2023 16:45:13.100 Test Tag Single Shot Fired
TAG: 04 09/03/2023 16:45:13.130 999.000000007428
MSG: 04 09/03/2023 16:45:13.130 VTT Test Passed
ALM: 04 09/03/2023 17:45:12.000 Reports Memory Full
ALM: 04 09/03/2023 18:45:12.000 Reports Memory Full
TAG: 04 09/03/2023 19:42:01.120 989.001034203212
ALM: 04 09/03/2023 19:45:12.000 Reports Memory Full
MSG: 04 09/03/2023 19:45:13.100 Test Tag Single Shot Fired
TAG: 04 09/03/2023 19:45:13.130 999.000000007428
MSG: 04 09/03/2023 19:45:13.130 VTT Test Passed
INF: Start Of Full Status Report
 Reader:
  ID:                                         04
  Model:                                  IS1001
  S/N:                                 2032.3563
  Date:                               09/03/2023
  Time:                                 19:45:23
  Application Firmware Version:            1.7.1
  Operation Mode:                           Scan
  Network Mode:                IS1001 Standalone
  Exciter Sync. Mode:                 Standalone
  Date/Time Sync.:                      Disabled
  Beeper:                               Disabled
  Tag Display Format:                        DEC
  Initiation Delay:                     Disabled
  Auto Standby Voltages:              16 V, 18 V
  Periodic Standby Start Time:              0:00
  Periodic Standby Duration:            Disabled
  Idling Time:                          Disabled
 Alarms:
  Antenna Current Low Alarm:               0.5 A
  Noise High Alarm:                          75%
  Tuning Capacit. High Alarm:                970
  Tuning Capacit. Low Alarm:                  50
  Alarms Unique Delay:                  3600 sec
 Antenna/Tuning:
  Exciter Voltage Level:                       5
  Dynamic Tuning:                        Enabled
  Tuning Target Phase:                       388
  Tuning Target Phase Deviation Threshold:     3
 Communication:
  Local Port Speed:                       115200
  Tags To Local Port:                    Enabled
  Alarms To Local Port:                  Enabled
  Messages To Local Port:                Enabled
  Remote Port Protocol:                    ASCII
  Remote Port Transfer Rate:                Full
 Detection:
  HDX Tag Detection:                    Disabled
  Fastag Detection:                     Disabled
  FDXB Tag Signal Level Detection:      Disabled
  BioTherm Tag Temperature Detection:   Disabled
  Detection Counter Enabled:                 Yes
  Unique Mode:                             Delay
  Unique Delay:                           60 sec
  FDXB Detection Scan Time:               120 ms
  VTT Level:                                 128
  Auto VTT Delay:                        180 min
 Measurements:
  Antenna Current Gain:                      112
  Antenna Current Offset:                    110
 Memory:
  Tags Memory Size:                        78583
  Status Reports Memory Size:               1023
  Store Tags To Memory:                  Enabled
  Store VTT To Memory:                   Enabled
  Store Stat. Reports To Memory:         Enabled
 Reports:
  Auto Noise Report Delay:              Disabled
  Auto Status Report Delay:              240 min
 Diagnostics:
  Detection Counter:                         646
  Tags In Memory:                    15319 (19%)
  Status Reports In Memory:           1020 (99%)
  Input Voltage:                          23.6 V
  Exciter Voltage:                        20.0 V
  Antenna Tuning:                          Tuned
  Antenna Current:                         4.6 A
  Tuning Capacitors:                         475
  Tuning Phase:                              386
  Tuning Relative Phase:                       2
  FDXB Signal Level:                  65 mV (7%)
  Temperature:                            33.5 C
  Sync. Input Present:                       N/A
  Sec. Master Active:                        N/A
 Active Alarms:
  Reports Memory Full
SRP: 04 09/03/2023 19:45:23.100 16,0,0,2,5,2,475,19,99,236,200,46,7,386,335,21,0,0,0,0
INF: End Of Full Status Report
TAG: 04 09/03/2023 20:02:46.110 989.001032566795
TAG: 04 09/03/2023 20:24:19.860 989.001041204645
ALM: 04 09/03/2023 20:45:12.000 Reports Memory Full
TAG: 04 09/03/2023 20:49:56.490 989.001041204616
TAG: 04 09/03/2023 21:11:41.520 989.001040476312
TAG: 04 09/03/2023 21:14:54.270 989.001034179486
TAG: 04 09/03/2023 21:21:21.980 989.001034179409
TAG: 04 09/03/2023 21:21:52.040 989.001034203209
TAG: 04 09/03/2023 21:22:36.380 989.001034203245
TAG: 04 09/03/2023 21:22:55.550 989.001034203209
TAG: 04 09/03/2023 21:33:03.630 989.001040476337
TAG: 04 09/03/2023 21:33:18.150 989.001034203209
TAG: 04 09/03/2023 21:44:09.060 989.001034179464
ALM: 04 09/03/2023 21:45:12.000 Reports Memory Full
TAG: 04 09/03/2023 21:51:58.260 989.001034203229
TAG: 04 09/03/2023 22:03:20.970 989.001034203211
TAG: 04 09/03/2023 22:04:46.010 989.001034203211
TAG: 04 09/03/2023 22:10:56.980 989.001032566826
TAG: 04 09/03/2023 22:11:05.580 989.001032566808
TAG: 04 09/03/2023 22:17:46.160 989.001041204643
TAG: 04 09/03/2023 22:19:21.430 989.001041204605
TAG: 04 09/03/2023 22:20:37.010 989.001034203251
TAG: 04 09/03/2023 22:21:04.030 989.001034203282
TAG: 04 09/03/2023 22:21:39.660 989.001034203251
TAG: 04 09/03/2023 22:26:21.210 989.001040476359
TAG: 04 09/03/2023 22:33:39.950 989.001041204630
ALM: 04 09/03/2023 22:45:12.000 Reports Memory Full
MSG: 04 09/03/2023 22:45:13.100 Test Tag Single Shot Fired
TAG: 04 09/03/2023 22:45:13.130 999.000000007428
MSG: 04 09/03/2023 22:45:13.130 VTT Test Passed
TAG: 04 09/03/2023 22:55:09.780 989.001040476371
TAG: 04 09/03/2023 23:03:27.960 989.001032566972
TAG: 04 09/03/2023 23:08:34.200 989.001040476362
TAG: 04 09/03/2023 23:11:33.760 989.001041204612
TAG: 04 09/03/2023 23:15:59.910 989.001041204655
TAG: 04 09/03/2023 23:16:53.630 989.001032566802
TAG: 04 09/03/2023 23:29:13.260 989.001040476319
ALM: 04 09/03/2023 23:45:12.000 Reports Memory Full
INF: Start Of Full Status Report
 Reader:
  ID:                                         04
  Model:                                  IS1001
  S/N:                                 2032.3563
  Date:                               09/03/2023
  Time:                                 23:45:13
  Application Firmware Version:            1.7.1
  Operation Mode:                           Scan
  Network Mode:                IS1001 Standalone
  Exciter Sync. Mode:                 Standalone
  Date/Time Sync.:                      Disabled
  Beeper:                               Disabled
  Tag Display Format:                        DEC
  Initiation Delay:                     Disabled
  Auto Standby Voltages:              16 V, 18 V
  Periodic Standby Start Time:              0:00
  Periodic Standby Duration:            Disabled
  Idling Time:                          Disabled
 Alarms:
  Antenna Current Low Alarm:               0.5 A
  Noise High Alarm:                          75%
  Tuning Capacit. High Alarm:                970
  Tuning Capacit. Low Alarm:                  50
  Alarms Unique Delay:                  3600 sec
 Antenna/Tuning:
  Exciter Voltage Level:                       5
  Dynamic Tuning:                        Enabled
  Tuning Target Phase:                       388
  Tuning Target Phase Deviation Threshold:     3
 Communication:
  Local Port Speed:                       115200
  Tags To Local Port:                    Enabled
  Alarms To Local Port:                  Enabled
  Messages To Local Port:                Enabled
  Remote Port Protocol:                    ASCII
  Remote Port Transfer Rate:                Full
 Detection:
  HDX Tag Detection:                    Disabled
  Fastag Detection:                     Disabled
  FDXB Tag Signal Level Detection:      Disabled
  BioTherm Tag Temperature Detection:   Disabled
  Detection Counter Enabled:                 Yes
  Unique Mode:                             Delay
  Unique Delay:                           60 sec
  FDXB Detection Scan Time:               120 ms
  VTT Level:                                 128
  Auto VTT Delay:                        180 min
 Measurements:
  Antenna Current Gain:                      112
  Antenna Current Offset:                    110
 Memory:
  Tags Memory Size:                        78583
  Status Reports Memory Size:               1023
  Store Tags To Memory:                  Enabled
  Store VTT To Memory:                   Enabled
  Store Stat. Reports To Memory:         Enabled
 Reports:
  Auto Noise Report Delay:              Disabled
  Auto Status Report Delay:              240 min
 Diagnostics:
  Detection Counter:                         677
  Tags In Memory:                    15351 (19%)
  Status Reports In Memory:           1021 (99%)
  Input Voltage:                          23.6 V
  Exciter Voltage:                        20.0 V
  Antenna Tuning:                          Tuned
  Antenna Current:                         4.6 A
  Tuning Capacitors:                         475
  Tuning Phase:                              386
  Tuning Relative Phase:                       2
  FDXB Signal Level:                  65 mV (7%)
  Temperature:                            33.5 C
  Sync. Input Present:                       N/A
  Sec. Master Active:                        N/A
 Active Alarms:
  Reports Memory Full
SRP: 04 09/03/2023 23:45:13.600 16,0,0,2,5,2,475,19,99,236,200,46,7,386,335,21,0,0,0,0
INF: End Of Full Status Report
