TAG: 04 09/02/2023 00:22:13.860 989.001041204672
TAG: 04 09/02/2023 00:33:06.480 989.001032567411
ALM: 04 09/02/2023 00:45:12.000 Reports Memory Full
TAG: 04 09/02/2023 00:46:42.350 989.001034179464
TAG: 04 09/02/2023 00:57:10.810 989.001041204643
TAG: 04 09/02/2023 00:57:29.860 989.001032567404
TAG: 04 09/02/2023 00:58:10.220 989.001041204643
TAG: 04 09/02/2023 01:03:28.140 989.001032566795
TAG: 04 09/02/2023 01:08:55.510 989.001041204593
TAG: 04 09/02/2023 01:14:36.690 989.001034179409
TAG: 04 09/02/2023 01:15:15.780 989.001032566799
TAG: 04 09/02/2023 01:26:09.580 989.001032566808
TAG: 04 09/02/2023 01:30:45.360 989.001041204952
TAG: 04 09/02/2023 01:43:53.270 989.001040476353
ALM: 04 09/02/2023 01:45:12.000 Reports Memory Full
MSG: 04 09/02/2023 01:45:13.100 Test Tag Single Shot Fired
TAG: 04 09/02/2023 01:45:13.130 999.000000007428
MSG: 04 09/02/2023 01:45:13.130 VTT Test Passed
TAG: 04 09/02/2023 01:55:54.870 989.001034203211
TAG: 04 09/02/2023 02:01:11.280 989.001040476313
TAG: 04 09/02/2023 02:03:44.080 989.001041204649
TAG: 04 09/02/2023 02:05:03.350 989.001034179460
TAG: 04 09/02/2023 02:07:26.710 989.001034179486
TAG: 04 09/02/2023 02:24:11.570 989.001041204600
TAG: 04 09/02/2023 02:26:37.280 989.001040476337
TAG: 04 09/02/2023 02:44:43.380 989.001032566809
ALM: 04 09/02/2023 02:45:12.000 Reports Memory Full
TAG: 04 09/02/2023 02:47:21.380 989.001041204661
TAG: 04 09/02/2023 02:53:04.100 989.001032566826
TAG: 04 09/02/2023 03:25:39.370 989.001032567404
TAG: 04 09/02/2023 03:29:33.220 989.001032566808
TAG: 04 09/02/2023 03:43:14.110 989.001041204616
ALM: 04 09/02/2023 03:45:12.000 Reports Memory Full
INF: Start Of Full Status Report
 Reader:
  ID:                                         04
  Model:                                  IS1001
  S/N:                                 2032.3563
  Date:                               09/02/2023
  Time:                                 03:45:13
  Application Firmware Version:            1.7.1
  Operation Mode:                           Scan
  Network Mode:                IS1001 Standalone
  Exciter Sync. Mode:                 Standalone
  Date/Time Sync.:                      Disabled
  Beeper:                               Disabled
  Tag Display Format:                        DEC
  Initiation Delay:                     Disabled
  Auto Standby Voltages:              16 V, 18 V
  Periodic Standby Start Time:              0:00
  Periodic Standby Duration:            Disabled
  Idling Time:                          Disabled
 Alarms:
  Antenna Current Low Alarm:               0.5 A
  Noise High Alarm:                          75%
  Tuning Capacit. High Alarm:                970
  Tuning Capacit. Low Alarm:                  50
  Alarms Unique Delay:                  3600 sec
 Antenna/Tuning:
  Exciter Voltage Level:                       5
  Dynamic Tuning:                        Enabled
  Tuning Target Phase:                       388
  Tuning Target Phase Deviation Threshold:     3
 Communication:
  Local Port Speed:                       115200
  Tags To Local Port:                    Enabled
  Alarms To Local Port:                  Enabled
  Messages To Local Port:                Enabled
  Remote Port Protocol:                    ASCII
  Remote Port Transfer Rate:                Full
 Detection:
  HDX Tag Detection:                    Disabled
  Fastag Detection:                     Disabled
  FDXB Tag Signal Level Detection:      Disabled
  BioTherm Tag Temperature Detection:   Disabled
  Detection Counter Enabled:                 Yes
  Unique Mode:                             Delay
  Unique Delay:                           60 sec
  FDXB Detection Scan Time:               120 ms
  VTT Level:                                 128
  Auto VTT Delay:                        180 min
 Measurements:
  Antenna Current Gain:                      112
  Antenna Current Offset:                    110
 Memory:
  Tags Memory Size:                        78583
  Status Reports Memory Size:               1023
  Store Tags To Memory:                  Enabled
  Store VTT To Memory:                   Enabled
  Store Stat. Reports To Memory:         Enabled
 Reports:
  Auto Noise Report Delay:              Disabled
  Auto Status Report Delay:              240 min
 Diagnostics:
  Detection Counter:                         580
  Tags In Memory:                    15239 (19%)
  Status Reports In Memory:           1022 (99%)
  Input Voltage:                          23.6 V
  Exciter Voltage:                        20.0 V
  Antenna Tuning:                          Tuned
  Antenna Current:                         4.6 A
  Tuning Capacitors:                         475
  Tuning Phase:                              387
  Tuning Relative Phase:                       1
  FDXB Signal Level:                304 mV (33%)
  Temperature:                            30.2 C
  Sync. Input Present:                       N/A
  Sec. Master Active:                        N/A
 Active Alarms:
  Reports Memory Full
SRP: 04 09/02/2023 03:45:13.600 16,0,0,2,5,1,475,19,99,236,200,46,33,387,302,21,0,0,0,0
INF: End Of Full Status Report
TAG: 04 09/02/2023 03:51:22.750 989.001034179401
TAG: 04 09/02/2023 03:56:04.350 989.001034203245
TAG: 04 09/02/2023 04:13:31.750 989.001032566972
TAG: 04 09/02/2023 04:43:50.710 989.001032566754
ALM: 04 09/02/2023 04:45:12.000 Reports Memory Full
MSG: 04 09/02/2023 04:45:13.100 Test Tag Single Shot Fired
TAG: 04 09/02/2023 04:45:13.130 999.000000007428
MSG: 04 09/02/2023 04:45:13.130 VTT Test Passed
TAG: 04 09/02/2023 04:47:35.910 989.001041204952
TAG: 04 09/02/2023 04:53:48.100 989.001032566808
ALM: 04 09/02/2023 05:45:12.000 Reports Memory Full
ALM: 04 09/02/2023 06:45:12.000 Reports Memory Full
ALM: 04 09/02/2023 07:45:12.000 Reports Memory Full
MSG: 04 09/02/2023 07:45:13.100 Test Tag Single Shot Fired
TAG: 04 09/02/2023 07:45:13.130 999.000000007428
MSG: 04 09/02/2023 07:45:13.130 VTT Test Passed
INF: Start Of Full Status Report
 Reader:
  ID:                                         04
  Model:                                  IS1001
  S/N:                                 2032.3563
  Date:                               09/02/2023
  Time:                                 07:45:23
  Application Firmware Version:            1.7.1
  Operation Mode:                           Scan
  Network Mode:                IS1001 Standalone
  Exciter Sync. Mode:                 Standalone
  Date/Time Sync.:                      Disabled
  Beeper:                               Disabled
  Tag Display Format:                        DEC
  Initiation Delay:                     Disabled
  Auto Standby Voltages:              16 V, 18 V
  Periodic Standby Start Time:              0:00
  Periodic Standby Duration:            Disabled
  Idling Time:                          Disabled
 Alarms:
  Antenna Current Low Alarm:               0.5 A
  Noise High Alarm:                          75%
  Tuning Capacit. High Alarm:                970
  Tuning Capacit. Low Alarm:                  50
  Alarms Unique Delay:                  3600 sec
 Antenna/Tuning:
  Exciter Voltage Level:                       5
  Dynamic Tuning:                        Enabled
  Tuning Target Phase:                       388
  Tuning Target Phase Deviation Threshold:     3
 Communication:
  Local Port Speed:                       115200
  Tags To Local Port:                    Enabled
  Alarms To Local Port:                  Enabled
  Messages To Local Port:                Enabled
  Remote Port Protocol:                    ASCII
  Remote Port Transfer Rate:                Full
 Detection:
  HDX Tag Detection:                    Disabled
  Fastag Detection:                     Disabled
  FDXB Tag Signal Level Detection:      Disabled
  BioTherm Tag Temperature Detection:   Disabled
  Detection Counter Enabled:                 Yes
  Unique Mode:                             Delay
  Unique Delay:                           60 sec
  FDXB Detection Scan Time:               120 ms
  VTT Level:                                 128
  Auto VTT Delay:                        180 min
 Measurements:
  Antenna Current Gain:                      112
  Antenna Current Offset:                    110
 Memory:
  Tags Memory Size:                        78583
  Status Reports Memory Size:               1023
  Store Tags To Memory:                  Enabled
  Store VTT To Memory:                   Enabled
  Store Stat. Reports To Memory:         Enabled
 Reports:
  Auto Noise Report Delay:              Disabled
  Auto Status Report Delay:              240 min
 Diagnostics:
  Detection Counter:                         586
  Tags In Memory:                    15247 (19%)
  Status Reports In Memory:          1023 (100%)
  Input Voltage:                          23.6 V
  Exciter Voltage:                        20.0 V
  Antenna Tuning:                          Tuned
  Antenna Current:                         4.6 A
  Tuning Capacitors:                         475
  Tuning Phase:                              387
  Tuning Relative Phase:                       1
  FDXB Signal Level:                  69 mV (7%)
  Temperature:                            29.9 C
  Sync. Input Present:                       N/A
  Sec. Master Active:                        N/A
 Active Alarms:
  Reports Memory Full
SRP: 04 09/02/2023 07:45:23.100 16,0,0,2,5,1,475,19,100,236,200,46,7,387,299,21,0,0,0,0
INF: End Of Full Status Report
ALM: 04 09/02/2023 08:45:12.000 Reports Memory Full
ALM: 04 09/02/2023 09:45:12.000 Reports Memory Full
ALM: 04 09/02/2023 10:45:12.000 Reports Memory Full
MSG: 04 09/02/2023 10:45:13.100 Test Tag Single Shot Fired
TAG: 04 09/02/2023 10:45:13.130 999.000000007428
MSG: 04 09/02/2023 10:45:13.130 VTT Test Passed
ALM: 04 09/02/2023 11:45:12.000 Reports Memory Full
INF: Start Of Full Status Report
 Reader:
  ID:                                         04
  Model:                                  IS1001
  S/N:                                 2032.3563
  Date:                               09/02/2023
  Time:                                 11:45:13
  Application Firmware Version:            1.7.1
  Operation Mode:                           Scan
  Network Mode:                IS1001 Standalone
  Exciter Sync. Mode:                 Standalone
  Date/Time Sync.:                      Disabled
  Beeper:                               Disabled
  Tag Display Format:                        DEC
  Initiation Delay:                     Disabled
  Auto Standby Voltages:              16 V, 18 V
  Periodic Standby Start Time:              0:00
  Periodic Standby Duration:            Disabled
  Idling Time:                          Disabled
 Alarms:
  Antenna Current Low Alarm:               0.5 A
  Noise High Alarm:                          75%
  Tuning Capacit. High Alarm:                970
  Tuning Capacit. Low Alarm:                  50
  Alarms Unique Delay:                  3600 sec
 Antenna/Tuning:
  Exciter Voltage Level:                       5
  Dynamic Tuning:                        Enabled
  Tuning Target Phase:                       388
  Tuning Target Phase Deviation Threshold:     3
 Communication:
  Local Port Speed:                       115200
  Tags To Local Port:                    Enabled
  Alarms To Local Port:                  Enabled
  Messages To Local Port:                Enabled
  Remote Port Protocol:                    ASCII
  Remote Port Transfer Rate:                Full
 Detection:
  HDX Tag Detection:                    Disabled
  Fastag Detection:                     Disabled
  FDXB Tag Signal Level Detection:      Disabled
  BioTherm Tag Temperature Detection:   Disabled
  Detection Counter Enabled:                 Yes
  Unique Mode:                             Delay
  Unique Delay:                           60 sec
  FDXB Detection Scan Time:               120 ms
  VTT Level:                                 128
  Auto VTT Delay:                        180 min
 Measurements:
  Antenna Current Gain:                      112
  Antenna Current Offset:                    110
 Memory:
  Tags Memory Size:                        78583
  Status Reports Memory Size:               1023
  Store Tags To Memory:                  Enabled
  Store VTT To Memory:                   Enabled
  Store Stat. Reports To Memory:         Enabled
 Reports:
  Auto Noise Report Delay:              Disabled
  Auto Status Report Delay:              240 min
 Diagnostics:
  Detection Counter:                         586
  Tags In Memory:                    15248 (19%)
  Status Reports In Memory:           1020 (99%)
  Input Voltage:                          23.6 V
  Exciter Voltage:                        20.0 V
  Antenna Tuning:                          Tuned
  Antenna Current:                         4.6 A
  Tuning Capacitors:                         475
  Tuning Phase:                              388
  Tuning Relative Phase:                       0
  FDXB Signal Level:                  75 mV (8%)
  Temperature:                            30.4 C
  Sync. Input Present:                       N/A
  Sec. Master Active:                        N/A
 Active Alarms:
  Reports Memory Full
SRP: 04 09/02/2023 11:45:13.600 16,0,0,2,5,0,475,19,99,236,200,46,8,388,304,21,0,0,0,0
INF: End Of Full Status Report
ALM: 04 09/02/2023 12:45:12.000 Reports Memory Full
ALM: 04 09/02/2023 13:45:12.000 Reports Memory Full
MSG: 04 09/02/2023 13:45:13.100 Test Tag Single Shot Fired
TAG: 04 09/02/2023 13:45:13.130 999.000000007428
MSG: 04 09/02/2023 13:45:13.130 VTT Test Passed
ALM: 04 09/02/2023 14:45:12.000 Reports Memory Full
ALM: 04 09/02/2023 15:45:12.000 Reports Memory Full
INF: Start Of Full Status Report
 Reader:
  ID:                                         04
  Model:                                  IS1001
  S/N:                                 2032.3563
  Date:                               09/02/2023
  Time:                                 15:45:13
  Application Firmware Version:            1.7.1
  Operation Mode:                           Scan
  Network Mode:                IS1001 Standalone
  Exciter Sync. Mode:                 Standalone
  Date/Time Sync.:                      Disabled
  Beeper:                               Disabled
  Tag Display Format:                        DEC
  Initiation Delay:                     Disabled
  Auto Standby Voltages:              16 V, 18 V
  Periodic Standby Start Time:              0:00
  Periodic Standby Duration:            Disabled
  Idling Time:                          Disabled
 Alarms:
  Antenna Current Low Alarm:               0.5 A
  Noise High Alarm:                          75%
  Tuning Capacit. High Alarm:                970
  Tuning Capacit. Low Alarm:                  50
  Alarms Unique Delay:                  3600 sec
 Antenna/Tuning:
  Exciter Voltage Level:                       5
  Dynamic Tuning:                        Enabled
  Tuning Target Phase:                       388
  Tuning Target Phase Deviation Threshold:     3
 Communication:
  Local Port Speed:                       115200
  Tags To Local Port:                    Enabled
  Alarms To Local Port:                  Enabled
  Messages To Local Port:                Enabled
  Remote Port Protocol:                    ASCII
  Remote Port Transfer Rate:                Full
 Detection:
  HDX Tag Detection:                    Disabled
  Fastag Detection:                     Disabled
  FDXB Tag Signal Level Detection:      Disabled
  BioTherm Tag Temperature Detection:   Disabled
  Detection Counter Enabled:                 Yes
  Unique Mode:                             Delay
  Unique Delay:                           60 sec
  FDXB Detection Scan Time:               120 ms
  VTT Level:                                 128
  Auto VTT Delay:                        180 min
 Measurements:
  Antenna Current Gain:                      112
  Antenna Current Offset:                    110
 Memory:
  Tags Memory Size:                        78583
  Status Reports Memory Size:               1023
  Store Tags To Memory:                  Enabled
  Store VTT To Memory:                   Enabled
  Store Stat. Reports To Memory:         Enabled
 Reports:
  Auto Noise Report Delay:              Disabled
  Auto Status Report Delay:              240 min
 Diagnostics:
  Detection Counter:                         586
  Tags In Memory:                    15249 (19%)
  Status Reports In Memory:           1021 (99%)
  Input Voltage:                          23.6 V
  Exciter Voltage:                        20.0 V
  Antenna Tuning:                          Tuned
  Antenna Current:                         4.6 A
  Tuning Capacitors:                         475
  Tuning Phase:                              387
  Tuning Relative Phase:                       1
  FDXB Signal Level:                  75 mV (8%)
  Temperature:                            31.9 C
  Sync. Input Present:                       N/A
  Sec. Master Active:                        N/A
 Active Alarms:
  Reports Memory Full
SRP: 04 09/02/2023 15:45:13.600 16,0,0,2,5,1,475,19,99,236,200,46,8,387,319,21,0,0,0,0
INF: End Of Full Status Report
ALM: 04 09/02/2023 16:45:12.000 Reports Memory Full
MSG: 04 09/02/2023 16:45:13.100 Test Tag Single Shot Fired
TAG: 04 09/02/2023 16:45:13.130 999.000000007428
MSG: 04 09/02/2023 16:45:13.130 VTT Test Passed
ALM: 04 09/02/2023 17:45:12.000 Reports Memory Full
ALM: 04 09/02/2023 18:45:12.000 Reports Memory Full
ALM: 04 09/02/2023 19:45:12.000 Reports Memory Full
MSG: 04 09/02/2023 19:45:13.100 Test Tag Single Shot Fired
TAG: 04 09/02/2023 19:45:13.130 999.000000007428
MSG: 04 09/02/2023 19:45:13.130 VTT Test Passed
INF: Start Of Full Status Report
 Reader:
  ID:                                         04
  Model:                                  IS1001
  S/N:                                 2032.3563
  Date:                               09/02/2023
  Time:                                 19:45:23
  Application Firmware Version:            1.7.1
  Operation Mode:                           Scan
  Network Mode:                IS1001 Standalone
  Exciter Sync. Mode:                 Standalone
  Date/Time Sync.:                      Disabled
  Beeper:                               Disabled
  Tag Display Format:                        DEC
  Initiation Delay:                     Disabled
  Auto Standby Voltages:              16 V, 18 V
  Periodic Standby Start Time:              0:00
  Periodic Standby Duration:            Disabled
  Idling Time:                          Disabled
 Alarms:
  Antenna Current Low Alarm:               0.5 A
  Noise High Alarm:                          75%
  Tuning Capacit. High Alarm:                970
  Tuning Capacit. Low Alarm:                  50
  Alarms Unique Delay:                  3600 sec
 Antenna/Tuning:
  Exciter Voltage Level:                       5
  Dynamic Tuning:                        Enabled
  Tuning Target Phase:                       388
  Tuning Target Phase Deviation Threshold:     3
 Communication:
  Local Port Speed:                       115200
  Tags To Local Port:                    Enabled
  Alarms To Local Port:                  Enabled
  Messages To Local Port:                Enabled
  Remote Port Protocol:                    ASCII
  Remote Port Transfer Rate:                Full
 Detection:
  HDX Tag Detection:                    Disabled
  Fastag Detection:                     Disabled
  FDXB Tag Signal Level Detection:      Disabled
  BioTherm Tag Temperature Detection:   Disabled
  Detection Counter Enabled:                 Yes
  Unique Mode:                             Delay
  Unique Delay:                           60 sec
  FDXB Detection Scan Time:               120 ms
  VTT Level:                                 128
  Auto VTT Delay:                        180 min
 Measurements:
  Antenna Current Gain:                      112
  Antenna Current Offset:                    110
 Memory:
  Tags Memory Size:                        78583
  Status Reports Memory Size:               1023
  Store Tags To Memory:                  Enabled
  Store VTT To Memory:                   Enabled
  Store Stat. Reports To Memory:         Enabled
 Reports:
  Auto Noise Report Delay:              Disabled
  Auto Status Report Delay:              240 min
 Diagnostics:
  Detection Counter:                         586
  Tags In Memory:                    15251 (19%)
  Status Reports In Memory:           1022 (99%)
  Input Voltage:                          23.6 V
  Exciter Voltage:                        20.0 V
  Antenna Tuning:                          Tuned
  Antenna Current:                         4.6 A
  Tuning Capacitors:                         475
  Tuning Phase:                              386
  Tuning Relative Phase:                       2
  FDXB Signal Level:                  65 mV (7%)
  Temperature:                            32.5 C
  Sync. Input Present:                       N/A
  Sec. Master Active:                        N/A
 Active Alarms:
  Reports Memory Full
SRP: 04 09/02/2023 19:45:23.100 16,0,0,2,5,2,475,19,99,236,200,46,7,386,325,21,0,0,0,0
INF: End Of Full Status Report
TAG: 04 09/02/2023 19:45:39.330 989.001034179477
TAG: 04 09/02/2023 19:55:09.930 989.001041204643
ALM: 04 09/02/2023 20:45:12.000 Reports Memory Full
TAG: 04 09/02/2023 20:45:36.330 989.001041204616
TAG: 04 09/02/2023 20:54:19.120 989.001041204661
TAG: 04 09/02/2023 21:04:46.150 989.001041204630
TAG: 04 09/02/2023 21:16:03.210 989.001032567411
TAG: 04 09/02/2023 21:16:29.620 989.001040476312
TAG: 04 09/02/2023 21:19:50.770 989.001040476403
TAG: 04 09/02/2023 21:21:03.950 989.001032566773
TAG: 04 09/02/2023 21:21:33.120 989.001034203211
TAG: 04 09/02/2023 21:27:07.310 989.001032566830
TAG: 04 09/02/2023 21:27:56.150 989.001040476353
TAG: 04 09/02/2023 21:28:16.810 989.001032566826
TAG: 04 09/02/2023 21:31:16.200 989.001040476337
TAG: 04 09/02/2023 21:35:38.210 989.001041204655
ALM: 04 09/02/2023 21:45:12.000 Reports Memory Full
TAG: 04 09/02/2023 21:53:38.810 989.001032566808
TAG: 04 09/02/2023 21:54:35.230 989.001034179464
TAG: 04 09/02/2023 21:56:08.730 989.001032566808
TAG: 04 09/02/2023 21:59:07.030 989.001034179409
TAG: 04 09/02/2023 21:59:52.620 989.001032566809
TAG: 04 09/02/2023 22:03:47.330 989.001032566795
TAG: 04 09/02/2023 22:08:27.890 989.001034203257
TAG: 04 09/02/2023 22:20:30.460 989.001034203251
TAG: 04 09/02/2023 22:24:03.510 989.001034179486
TAG: 04 09/02/2023 22:37:20.240 989.001032566799
ALM: 04 09/02/2023 22:45:12.000 Reports Memory Full
MSG: 04 09/02/2023 22:45:13.100 Test Tag Single Shot Fired
TAG: 04 09/02/2023 22:45:13.130 999.000000007428
MSG: 04 09/02/2023 22:45:13.130 VTT Test Passed
TAG: 04 09/02/2023 22:47:10.380 989.001034203229
TAG: 04 09/02/2023 23:16:51.110 989.001040476359
TAG: 04 09/02/2023 23:38:11.150 989.001040476364
ALM: 04 09/02/2023 23:45:12.000 Reports Memory Full
INF: Start Of Full Status Report
 Reader:
  ID:                                         04
  Model:                                  IS1001
  S/N:                                 2032.3563
  Date:                               09/02/2023
  Time:                                 23:45:13
  Application Firmware Version:            1.7.1
  Operation Mode:                           Scan
  Network Mode:                IS1001 Standalone
  Exciter Sync. Mode:                 Standalone
  Date/Time Sync.:                      Disabled
  Beeper:                               Disabled
  Tag Display Format:                        DEC
  Initiation Delay:                     Disabled
  Auto Standby Voltages:              16 V, 18 V
  Periodic Standby Start Time:              0:00
  Periodic Standby Duration:            Disabled
  Idling Time:                          Disabled
 Alarms:
  Antenna Current Low Alarm:               0.5 A
  Noise High Alarm:                          75%
  Tuning Capacit. High Alarm:                970
  Tuning Capacit. Low Alarm:                  50
  Alarms Unique Delay:                  3600 sec
 Antenna/Tuning:
  Exciter Voltage Level:                       5
  Dynamic Tuning:                        Enabled
  Tuning Target Phase:                       388
  Tuning Target Phase Deviation Threshold:     3
 Communication:
  Local Port Speed:                       115200
  Tags To Local Port:                    Enabled
  Alarms To Local Port:                  Enabled
  Messages To Local Port:                Enabled
  Remote Port Protocol:                    ASCII
  Remote Port Transfer Rate:                Full
 Detection:
  HDX Tag Detection:                    Disabled
  Fastag Detection:                     Disabled
  FDXB Tag Signal Level Detection:      Disabled
  BioTherm Tag Temperature Detection:   Disabled
  Detection Counter Enabled:                 Yes
  Unique Mode:                             Delay
  Unique Delay:                           60 sec
  FDXB Detection Scan Time:               120 ms
  VTT Level:                                 128
  Auto VTT Delay:                        180 min
 Measurements:
  Antenna Current Gain:                      112
  Antenna Current Offset:                    110
 Memory:
  Tags Memory Size:                        78583
  Status Reports Memory Size:               1023
  Store Tags To Memory:                  Enabled
  Store VTT To Memory:                   Enabled
  Store Stat. Reports To Memory:         Enabled
 Reports:
  Auto Noise Report Delay:              Disabled
  Auto Status Report Delay:              240 min
 Diagnostics:
  Detection Counter:                         614
  Tags In Memory:                    15280 (19%)
  Status Reports In Memory:          1023 (100%)
  Input Voltage:                          23.6 V
  Exciter Voltage:                        20.0 V
  Antenna Tuning:                          Tuned
  Antenna Current:                         4.6 A
  Tuning Capacitors:                         475
  Tuning Phase:                              387
  Tuning Relative Phase:                       1
  FDXB Signal Level:                  75 mV (8%)
  Temperature:                            31.9 C
  Sync. Input Present:                       N/A
  Sec. Master Active:                        N/A
 Active Alarms:
  Reports Memory Full
SRP: 04 09/02/2023 23:45:13.600 16,0,0,2,5,2,475,19,100,236,200,46,8,386,319,21,0,0,0,0
INF: End Of Full Status Report
