ALM: 01 09/09/2022 00:01:03.100 Reports Memory Full
ALM: 01 09/09/2022 00:11:03.100 Reports Memory Full
TAG: 01 09/09/2022 00:16:15.150 989.001032567070
TAG: 01 09/09/2022 00:18:25.200 989.001032567070
TAG: 01 09/09/2022 00:19:31.960 989.001032567070
ALM: 01 09/09/2022 00:21:03.100 Reports Memory Full
ALM: 01 09/09/2022 00:31:03.100 Reports Memory Full
ALM: 01 09/09/2022 00:41:03.100 Reports Memory Full
TAG: 01 09/09/2022 00:46:39.670 989.001032567046
ALM: 01 09/09/2022 00:51:03.100 Reports Memory Full
ALM: 01 09/09/2022 01:01:03.100 Reports Memory Full
TAG: 01 09/09/2022 01:08:22.890 989.001034179371
ALM: 01 09/09/2022 01:11:03.100 Reports Memory Full
TAG: 01 09/09/2022 01:14:07.340 989.001032567110
TAG: 01 09/09/2022 01:14:15.070 989.001038203919
ALM: 01 09/09/2022 01:21:03.100 Reports Memory Full
ALM: 01 09/09/2022 01:31:03.100 Reports Memory Full
TAG: 01 09/09/2022 01:34:36.390 989.001032567110
ALM: 01 09/09/2022 01:41:03.100 Reports Memory Full
TAG: 01 09/09/2022 01:44:42.900 989.001034203170
ALM: 01 09/09/2022 01:51:03.100 Reports Memory Full
TAG: 01 09/09/2022 02:00:55.110 989.001034203173
ALM: 01 09/09/2022 02:01:03.100 Reports Memory Full
TAG: 01 09/09/2022 02:06:13.260 989.001032567110
TAG: 01 09/09/2022 02:10:40.150 989.001034179336
MSG: 01 09/09/2022 02:10:53.100 VTT Test Aborted Due To System Activity
ALM: 01 09/09/2022 02:11:03.100 Reports Memory Full
INF: Start Of Full Status Report
 Reader:
  ID:                                         01
  Model:                                  IS1001
  S/N:                                 1929.3116
  Date:                               09/09/2022
  Time:                                 02:11:03
  Application Firmware Version:            1.7.0
  Operation Mode:                           Scan
  Network Mode:                IS1001 Standalone
  Exciter Sync. Mode:                 Standalone
  Date/Time Sync.:                      Disabled
  Beeper:                               Disabled
  Tag Display Format:                        DEC
  Initiation Delay:                     Disabled
  Reader Auto Standby Voltages:       16 V, 18 V
  Periodic Standby Start Time:              0:00
  Periodic Standby Duration:            Disabled
  Idling Time:                          Disabled
 Alarms:
  Antenna Current Low Alarm:               0.5 A
  Noise High Alarm:                          75%
  Tuning Capacit. High Alarm:                970
  Tuning Capacit. Low Alarm:                  50
  Alarms Unique Delay:                   600 sec
 Antenna/Tuning:
  Exciter Voltage Level:                       4
  Dynamic Tuning:                        Enabled
  Tuning Target Phase:                       387
  Tuning Target Phase Deviation Threshold:     3
 Communication:
  Local Port Speed:                       115200
  Tags To Local Port:                    Enabled
  Alarms To Local Port:                  Enabled
  Messages To Local Port:                Enabled
  Remote Port Protocol:                    ASCII
  Remote Port Transfer Rate:                Full
 Detection:
  HDX Tag Detection:                     Enabled
  Fastag Detection:                     Disabled
  FDXB Tag Signal Level Detection:      Disabled
  BioTherm Tag Temperature Detection:   Disabled
  Detection Counter Enabled:                 Yes
  Unique Mode:                             Delay
  Unique Delay:                           60 sec
  FDXB Detection Scan Time:               120 ms
  VTT Level:                                 128
  Auto VTT Delay:                        180 min
 Measurements:
  Antenna Current Gain:                      115
  Antenna Current Offset:                    110
 Memory:
  Tags Memory Size:                        78583
  Status Reports Memory Size:               1023
  Store Tags To Memory:                  Enabled
  Store VTT To Memory:                   Enabled
  Store Stat. Reports To Memory:         Enabled
 Reports:
  Auto Noise Report Delay:              Disabled
  Auto Status Report Delay:              720 min
 Diagnostics:
  Detection Counter:                         753
  Tags In Memory:                     8228 (10%)
  Status Reports In Memory:           1020 (99%)
  Input Voltage:                          23.6 V
  Exciter Voltage:                        17.8 V
  Antenna Tuning:                          Tuned
  Antenna Current:                         4.2 A
  Tuning Capacitors:                         348
  Tuning Phase:                              389
  Tuning Relative Phase:                      -2
  FDXB Signal Level:                412 mV (45%)
  Temperature:                            16.1 C
  Sync. Input Present:                       N/A
  Sec. Master Active:                        N/A
 Active Alarms:
  Reports Memory Full
SRP: 01 09/09/2022 02:11:03.100 16,0,0,2,4,-2,348,10,99,236,178,42,45,389,161,21,0,0,0,0
INF: End Of Full Status Report
ALM: 01 09/09/2022 02:21:03.100 Reports Memory Full
ALM: 01 09/09/2022 02:31:03.100 Reports Memory Full
TAG: 01 09/09/2022 02:35:30.970 989.001034203181
ALM: 01 09/09/2022 02:41:03.100 Reports Memory Full
TAG: 01 09/09/2022 02:45:07.760 989.001032567141
TAG: 01 09/09/2022 02:47:09.280 989.001032567141
ALM: 01 09/09/2022 02:51:03.100 Reports Memory Full
TAG: 01 09/09/2022 02:54:03.750 989.001032567110
ALM: 01 09/09/2022 03:01:03.100 Reports Memory Full
ALM: 01 09/09/2022 03:11:03.100 Reports Memory Full
TAG: 01 09/09/2022 03:12:59.330 989.001034179336
TAG: 01 09/09/2022 03:15:22.090 989.001034179336
ALM: 01 09/09/2022 03:21:03.100 Reports Memory Full
TAG: 01 09/09/2022 03:28:28.500 989.001038203907
TAG: 01 09/09/2022 03:29:44.410 989.001038203907
ALM: 01 09/09/2022 03:31:03.100 Reports Memory Full
ALM: 01 09/09/2022 03:41:03.100 Reports Memory Full
TAG: 01 09/09/2022 03:46:35.830 989.001032567110
TAG: 01 09/09/2022 03:48:37.430 989.001034203134
TAG: 01 09/09/2022 03:49:42.020 989.001034203134
TAG: 01 09/09/2022 03:50:45.700 989.001034203134
ALM: 01 09/09/2022 03:51:03.100 Reports Memory Full
TAG: 01 09/09/2022 03:59:26.090 989.001032567384
ALM: 01 09/09/2022 04:01:03.100 Reports Memory Full
TAG: 01 09/09/2022 04:01:58.350 989.001034203137
TAG: 01 09/09/2022 04:04:38.890 989.001034203137
ALM: 01 09/09/2022 04:11:03.100 Reports Memory Full
TAG: 01 09/09/2022 04:16:38.750 989.001038203950
ALM: 01 09/09/2022 04:21:03.100 Reports Memory Full
TAG: 01 09/09/2022 04:25:13.370 989.001034203170
ALM: 01 09/09/2022 04:31:03.100 Reports Memory Full
TAG: 01 09/09/2022 04:31:24.050 989.001032567110
ALM: 01 09/09/2022 04:41:03.100 Reports Memory Full
ALM: 01 09/09/2022 04:51:03.100 Reports Memory Full
TAG: 01 09/09/2022 04:58:52.830 989.001032567057
ALM: 01 09/09/2022 05:01:03.100 Reports Memory Full
TAG: 01 09/09/2022 05:08:23.320 989.001038204013
TAG: 01 09/09/2022 05:09:24.580 989.001038204013
MSG: 01 09/09/2022 05:10:53.100 Test Tag Single Shot Fired
TAG: 01 09/09/2022 05:10:53.130 999.000000007425
MSG: 01 09/09/2022 05:10:53.130 VTT Test Passed
ALM: 01 09/09/2022 05:11:03.100 Reports Memory Full
TAG: 01 09/09/2022 05:12:18.180 989.001032567110
ALM: 01 09/09/2022 05:21:03.100 Reports Memory Full
ALM: 01 09/09/2022 05:31:03.100 Reports Memory Full
ALM: 01 09/09/2022 05:41:03.100 Reports Memory Full
ALM: 01 09/09/2022 05:51:03.100 Reports Memory Full
ALM: 01 09/09/2022 06:01:03.100 Reports Memory Full
ALM: 01 09/09/2022 06:11:03.100 Reports Memory Full
ALM: 01 09/09/2022 06:21:03.100 Reports Memory Full
ALM: 01 09/09/2022 06:31:03.100 Reports Memory Full
ALM: 01 09/09/2022 06:41:03.100 Reports Memory Full
MSG: 01 09/09/2022 06:44:12.770 Set Caps = 347, I = 4.1 A, PH = 388, dPH = -1
ALM: 01 09/09/2022 06:51:03.100 Reports Memory Full
ALM: 01 09/09/2022 07:01:03.100 Reports Memory Full
ALM: 01 09/09/2022 07:11:03.100 Reports Memory Full
ALM: 01 09/09/2022 07:21:03.100 Reports Memory Full
ALM: 01 09/09/2022 07:31:03.100 Reports Memory Full
ALM: 01 09/09/2022 07:41:03.100 Reports Memory Full
ALM: 01 09/09/2022 07:51:03.100 Reports Memory Full
ALM: 01 09/09/2022 08:01:03.100 Reports Memory Full
MSG: 01 09/09/2022 08:10:53.100 Test Tag Single Shot Fired
TAG: 01 09/09/2022 08:10:53.130 999.000000007425
MSG: 01 09/09/2022 08:10:53.130 VTT Test Passed
ALM: 01 09/09/2022 08:11:03.100 Reports Memory Full
ALM: 01 09/09/2022 08:21:03.100 Reports Memory Full
ALM: 01 09/09/2022 08:31:03.100 Reports Memory Full
ALM: 01 09/09/2022 08:41:03.100 Reports Memory Full
ALM: 01 09/09/2022 08:51:03.100 Reports Memory Full
ALM: 01 09/09/2022 09:01:03.100 Reports Memory Full
ALM: 01 09/09/2022 09:11:03.100 Reports Memory Full
ALM: 01 09/09/2022 09:21:03.100 Reports Memory Full
ALM: 01 09/09/2022 09:31:03.100 Reports Memory Full
ALM: 01 09/09/2022 09:41:03.100 Reports Memory Full
ALM: 01 09/09/2022 09:51:03.100 Reports Memory Full
ALM: 01 09/09/2022 10:01:03.100 Reports Memory Full
ALM: 01 09/09/2022 10:11:03.100 Reports Memory Full
ALM: 01 09/09/2022 10:21:03.100 Reports Memory Full
ALM: 01 09/09/2022 10:31:03.100 Reports Memory Full
ALM: 01 09/09/2022 10:41:03.100 Reports Memory Full
ALM: 01 09/09/2022 10:51:03.100 Reports Memory Full
ALM: 01 09/09/2022 11:01:03.100 Reports Memory Full
MSG: 01 09/09/2022 11:10:53.100 Test Tag Single Shot Fired
TAG: 01 09/09/2022 11:10:53.130 999.000000007425
MSG: 01 09/09/2022 11:10:53.140 VTT Test Passed
ALM: 01 09/09/2022 11:11:03.100 Reports Memory Full
ALM: 01 09/09/2022 11:21:03.100 Reports Memory Full
ALM: 01 09/09/2022 11:31:03.100 Reports Memory Full
ALM: 01 09/09/2022 11:41:03.100 Reports Memory Full
ALM: 01 09/09/2022 11:51:03.100 Reports Memory Full
ALM: 01 09/09/2022 12:01:03.100 Reports Memory Full
ALM: 01 09/09/2022 12:11:03.100 Reports Memory Full
ALM: 01 09/09/2022 12:21:03.100 Reports Memory Full
ALM: 01 09/09/2022 12:31:03.100 Reports Memory Full
ALM: 01 09/09/2022 12:41:03.100 Reports Memory Full
ALM: 01 09/09/2022 12:51:03.100 Reports Memory Full
ALM: 01 09/09/2022 13:01:03.100 Reports Memory Full
ALM: 01 09/09/2022 13:11:03.100 Reports Memory Full
ALM: 01 09/09/2022 13:19:19.170 Noise High
MSG: 01 09/09/2022 13:19:19.430 Noise In Spec.
ALM: 01 09/09/2022 13:21:03.100 Reports Memory Full
ALM: 01 09/09/2022 13:31:03.100 Reports Memory Full
ALM: 01 09/09/2022 13:41:03.100 Reports Memory Full
ALM: 01 09/09/2022 13:51:03.100 Reports Memory Full
ALM: 01 09/09/2022 14:01:03.100 Reports Memory Full
MSG: 01 09/09/2022 14:10:53.100 Test Tag Single Shot Fired
TAG: 01 09/09/2022 14:10:53.130 999.000000007425
MSG: 01 09/09/2022 14:10:53.130 VTT Test Passed
ALM: 01 09/09/2022 14:11:03.100 Reports Memory Full
INF: Start Of Full Status Report
 Reader:
  ID:                                         01
  Model:                                  IS1001
  S/N:                                 1929.3116
  Date:                               09/09/2022
  Time:                                 14:11:03
  Application Firmware Version:            1.7.0
  Operation Mode:                           Scan
  Network Mode:                IS1001 Standalone
  Exciter Sync. Mode:                 Standalone
  Date/Time Sync.:                      Disabled
  Beeper:                               Disabled
  Tag Display Format:                        DEC
  Initiation Delay:                     Disabled
  Reader Auto Standby Voltages:       16 V, 18 V
  Periodic Standby Start Time:              0:00
  Periodic Standby Duration:            Disabled
  Idling Time:                          Disabled
 Alarms:
  Antenna Current Low Alarm:               0.5 A
  Noise High Alarm:                          75%
  Tuning Capacit. High Alarm:                970
  Tuning Capacit. Low Alarm:                  50
  Alarms Unique Delay:                   600 sec
 Antenna/Tuning:
  Exciter Voltage Level:                       4
  Dynamic Tuning:                        Enabled
  Tuning Target Phase:                       387
  Tuning Target Phase Deviation Threshold:     3
 Communication:
  Local Port Speed:                       115200
  Tags To Local Port:                    Enabled
  Alarms To Local Port:                  Enabled
  Messages To Local Port:                Enabled
  Remote Port Protocol:                    ASCII
  Remote Port Transfer Rate:                Full
 Detection:
  HDX Tag Detection:                     Enabled
  Fastag Detection:                     Disabled
  FDXB Tag Signal Level Detection:      Disabled
  BioTherm Tag Temperature Detection:   Disabled
  Detection Counter Enabled:                 Yes
  Unique Mode:                             Delay
  Unique Delay:                           60 sec
  FDXB Detection Scan Time:               120 ms
  VTT Level:                                 128
  Auto VTT Delay:                        180 min
 Measurements:
  Antenna Current Gain:                      115
  Antenna Current Offset:                    110
 Memory:
  Tags Memory Size:                        78583
  Status Reports Memory Size:               1023
  Store Tags To Memory:                  Enabled
  Store VTT To Memory:                   Enabled
  Store Stat. Reports To Memory:         Enabled
 Reports:
  Auto Noise Report Delay:              Disabled
  Auto Status Report Delay:              720 min
 Diagnostics:
  Detection Counter:                         775
  Tags In Memory:                     8254 (10%)
  Status Reports In Memory:           1021 (99%)
  Input Voltage:                          23.6 V
  Exciter Voltage:                        17.8 V
  Antenna Tuning:                          Tuned
  Antenna Current:                         4.1 A
  Tuning Capacitors:                         347
  Tuning Phase:                              388
  Tuning Relative Phase:                      -1
  FDXB Signal Level:                442 mV (49%)
  Temperature:                            16.6 C
  Sync. Input Present:                       N/A
  Sec. Master Active:                        N/A
 Active Alarms:
  Reports Memory Full
SRP: 01 09/09/2022 14:11:03.100 16,0,0,2,4,-1,347,10,99,236,178,41,49,388,166,21,0,0,0,0
INF: End Of Full Status Report
ALM: 01 09/09/2022 14:21:03.100 Reports Memory Full
ALM: 01 09/09/2022 14:31:03.100 Reports Memory Full
ALM: 01 09/09/2022 14:41:03.100 Reports Memory Full
ALM: 01 09/09/2022 14:51:03.100 Reports Memory Full
ALM: 01 09/09/2022 15:01:03.100 Reports Memory Full
ALM: 01 09/09/2022 15:11:03.100 Reports Memory Full
ALM: 01 09/09/2022 15:21:03.100 Reports Memory Full
ALM: 01 09/09/2022 15:31:03.100 Reports Memory Full
ALM: 01 09/09/2022 15:41:03.100 Reports Memory Full
ALM: 01 09/09/2022 15:51:03.100 Reports Memory Full
ALM: 01 09/09/2022 16:01:03.100 Reports Memory Full
ALM: 01 09/09/2022 16:11:03.100 Reports Memory Full
ALM: 01 09/09/2022 16:21:03.100 Reports Memory Full
ALM: 01 09/09/2022 16:31:03.100 Reports Memory Full
ALM: 01 09/09/2022 16:41:03.100 Reports Memory Full
ALM: 01 09/09/2022 16:51:03.100 Reports Memory Full
ALM: 01 09/09/2022 17:01:03.100 Reports Memory Full
MSG: 01 09/09/2022 17:10:53.100 Test Tag Single Shot Fired
TAG: 01 09/09/2022 17:10:53.130 999.000000007425
MSG: 01 09/09/2022 17:10:53.130 VTT Test Passed
ALM: 01 09/09/2022 17:11:03.100 Reports Memory Full
ALM: 01 09/09/2022 17:21:03.100 Reports Memory Full
ALM: 01 09/09/2022 17:31:03.100 Reports Memory Full
ALM: 01 09/09/2022 17:41:03.100 Reports Memory Full
ALM: 01 09/09/2022 17:51:03.100 Reports Memory Full
ALM: 01 09/09/2022 18:01:03.100 Reports Memory Full
ALM: 01 09/09/2022 18:11:03.100 Reports Memory Full
ALM: 01 09/09/2022 18:21:03.100 Reports Memory Full
ALM: 01 09/09/2022 18:31:03.100 Reports Memory Full
ALM: 01 09/09/2022 18:41:03.100 Reports Memory Full
ALM: 01 09/09/2022 18:51:03.100 Reports Memory Full
ALM: 01 09/09/2022 19:01:03.100 Reports Memory Full
ALM: 01 09/09/2022 19:11:03.100 Reports Memory Full
TAG: 01 09/09/2022 19:19:21.210 989.001038204013
ALM: 01 09/09/2022 19:21:03.100 Reports Memory Full
ALM: 01 09/09/2022 19:31:03.100 Reports Memory Full
TAG: 01 09/09/2022 19:37:34.440 989.001032567108
ALM: 01 09/09/2022 19:41:03.100 Reports Memory Full
TAG: 01 09/09/2022 19:43:36.190 989.001034179231
TAG: 01 09/09/2022 19:43:37.230 989.001034179336
TAG: 01 09/09/2022 19:50:09.450 989.001032567053
ALM: 01 09/09/2022 19:51:03.100 Reports Memory Full
TAG: 01 09/09/2022 19:51:11.360 989.001040544949
TAG: 01 09/09/2022 19:51:24.350 989.001032567053
TAG: 01 09/09/2022 19:55:24.380 989.001032567053
TAG: 01 09/09/2022 19:57:08.830 989.001032567053
TAG: 01 09/09/2022 19:58:08.260 989.001032567053
TAG: 01 09/09/2022 19:59:22.990 989.001032567053
TAG: 01 09/09/2022 20:00:50.250 989.001032567053
ALM: 01 09/09/2022 20:01:03.100 Reports Memory Full
TAG: 01 09/09/2022 20:09:36.740 989.001032567070
MSG: 01 09/09/2022 20:10:53.100 Test Tag Single Shot Fired
TAG: 01 09/09/2022 20:10:53.130 999.000000007425
MSG: 01 09/09/2022 20:10:53.130 VTT Test Passed
TAG: 01 09/09/2022 20:11:02.580 989.001038203907
ALM: 01 09/09/2022 20:11:03.100 Reports Memory Full
ALM: 01 09/09/2022 20:21:03.100 Reports Memory Full
TAG: 01 09/09/2022 20:30:58.420 989.001034203181
ALM: 01 09/09/2022 20:31:03.100 Reports Memory Full
ALM: 01 09/09/2022 20:41:03.100 Reports Memory Full
TAG: 01 09/09/2022 20:41:37.890 989.001038203866
TAG: 01 09/09/2022 20:42:57.540 989.001038203866
ALM: 01 09/09/2022 20:51:03.100 Reports Memory Full
TAG: 01 09/09/2022 20:59:20.390 989.001032567070
ALM: 01 09/09/2022 21:01:03.100 Reports Memory Full
ALM: 01 09/09/2022 21:11:03.100 Reports Memory Full
ALM: 01 09/09/2022 21:21:03.100 Reports Memory Full
ALM: 01 09/09/2022 21:31:03.100 Reports Memory Full
ALM: 01 09/09/2022 21:41:03.100 Reports Memory Full
TAG: 01 09/09/2022 21:49:26.360 989.001038204013
ALM: 01 09/09/2022 21:51:03.100 Reports Memory Full
ALM: 01 09/09/2022 22:01:03.100 Reports Memory Full
ALM: 01 09/09/2022 22:11:03.100 Reports Memory Full
TAG: 01 09/09/2022 22:18:10.680 989.001034179376
ALM: 01 09/09/2022 22:21:03.100 Reports Memory Full
ALM: 01 09/09/2022 22:31:03.100 Reports Memory Full
ALM: 01 09/09/2022 22:41:03.100 Reports Memory Full
TAG: 01 09/09/2022 22:41:42.780 989.001032567070
TAG: 01 09/09/2022 22:45:10.790 989.001034203134
ALM: 01 09/09/2022 22:51:03.100 Reports Memory Full
TAG: 01 09/09/2022 22:54:45.030 989.001040545035
ALM: 01 09/09/2022 23:01:03.100 Reports Memory Full
MSG: 01 09/09/2022 23:10:53.100 Test Tag Single Shot Fired
TAG: 01 09/09/2022 23:10:53.130 999.000000007425
MSG: 01 09/09/2022 23:10:53.130 VTT Test Passed
ALM: 01 09/09/2022 23:11:03.100 Reports Memory Full
ALM: 01 09/09/2022 23:21:03.100 Reports Memory Full
TAG: 01 09/09/2022 23:24:02.770 989.001032567068
ALM: 01 09/09/2022 23:31:03.100 Reports Memory Full
ALM: 01 09/09/2022 23:41:03.100 Reports Memory Full
ALM: 01 09/09/2022 23:51:03.100 Reports Memory Full
TAG: 01 09/09/2022 23:59:09.000 989.001034203153
TAG: 01 09/09/2022 23:59:17.820 989.001038203919
